This file contains any messages produced by compilers while
running configure, to aid debugging if configure makes a mistake.

It was created by Img configure 1.4.1, which was
generated by GNU Autoconf 2.59.  Invocation command line was

  $ ./configure --prefix=/usr

## --------- ##
## Platform. ##
## --------- ##

hostname = acer
uname -m = x86_64
uname -r = 3.8.0-19-generic
uname -s = Linux
uname -v = #30-Ubuntu SMP Wed May 1 16:35:23 UTC 2013

/usr/bin/uname -p = unknown
/bin/uname -X     = unknown

/bin/arch              = unknown
/usr/bin/arch -k       = unknown
/usr/convex/getsysinfo = unknown
hostinfo               = unknown
/bin/machine           = unknown
/usr/bin/oslevel       = unknown
/bin/universe          = unknown

PATH: /home/jan/bin
PATH: /usr/lib/lightdm/lightdm
PATH: /usr/local/sbin
PATH: /usr/local/bin
PATH: /usr/sbin
PATH: /usr/bin
PATH: /sbin
PATH: /bin
PATH: /usr/games
PATH: /usr/local/games


## ----------- ##
## Core tests. ##
## ----------- ##

configure:1330: checking for correct TEA configuration
configure:1349: result: ok (TEA 3.9)
configure:1423: configuring Img 1.4.1
configure:1497: checking for Tcl configuration
configure:1624: result: found /home/jan/workspace/tcl8.6/unix/tclConfig.sh
configure:1675: checking for gcc
configure:1691: found /usr/bin/gcc
configure:1701: result: gcc
configure:1945: checking for C compiler version
configure:1948: gcc --version </dev/null >&5
gcc (Ubuntu/Linaro 4.7.3-1ubuntu1) 4.7.3
Copyright (C) 2012 Free Software Foundation, Inc.
This is free software; see the source for copying conditions.  There is NO
warranty; not even for MERCHANTABILITY or FITNESS FOR A PARTICULAR PURPOSE.

configure:1951: $? = 0
configure:1953: gcc -v </dev/null >&5
Using built-in specs.
COLLECT_GCC=gcc
COLLECT_LTO_WRAPPER=/usr/lib/gcc/x86_64-linux-gnu/4.7/lto-wrapper
Target: x86_64-linux-gnu
Configured with: ../src/configure -v --with-pkgversion='Ubuntu/Linaro 4.7.3-1ubuntu1' --with-bugurl=file:///usr/share/doc/gcc-4.7/README.Bugs --enable-languages=c,c++,go,fortran,objc,obj-c++ --prefix=/usr --program-suffix=-4.7 --enable-shared --enable-linker-build-id --libexecdir=/usr/lib --without-included-gettext --enable-threads=posix --with-gxx-include-dir=/usr/include/c++/4.7 --libdir=/usr/lib --enable-nls --with-sysroot=/ --enable-clocale=gnu --enable-libstdcxx-debug --enable-libstdcxx-time=yes --enable-gnu-unique-object --enable-plugin --with-system-zlib --enable-objc-gc --with-cloog --enable-cloog-backend=ppl --disable-cloog-version-check --disable-ppl-version-check --enable-multiarch --disable-werror --with-arch-32=i686 --with-abi=m64 --with-multilib-list=m32,m64,mx32 --with-tune=generic --enable-checking=release --build=x86_64-linux-gnu --host=x86_64-linux-gnu --target=x86_64-linux-gnu
Thread model: posix
gcc version 4.7.3 (Ubuntu/Linaro 4.7.3-1ubuntu1) 
configure:1956: $? = 0
configure:1958: gcc -V </dev/null >&5
gcc: error: unrecognized command line option '-V'
gcc: fatal error: no input files
compilation terminated.
configure:1961: $? = 4
configure:1984: checking for C compiler default output file name
configure:1987: gcc    conftest.c  >&5
configure:1990: $? = 0
configure:2036: result: a.out
configure:2041: checking whether the C compiler works
configure:2047: ./a.out
configure:2050: $? = 0
configure:2067: result: yes
configure:2074: checking whether we are cross compiling
configure:2076: result: no
configure:2079: checking for suffix of executables
configure:2081: gcc -o conftest    conftest.c  >&5
configure:2084: $? = 0
configure:2109: result: 
configure:2115: checking for suffix of object files
configure:2136: gcc -c   conftest.c >&5
configure:2139: $? = 0
configure:2161: result: o
configure:2165: checking whether we are using the GNU C compiler
configure:2189: gcc -c   conftest.c >&5
configure:2195: $? = 0
configure:2199: test -z 
			 || test ! -s conftest.err
configure:2202: $? = 0
configure:2205: test -s conftest.o
configure:2208: $? = 0
configure:2221: result: yes
configure:2227: checking whether gcc accepts -g
configure:2248: gcc -c -g  conftest.c >&5
configure:2254: $? = 0
configure:2258: test -z 
			 || test ! -s conftest.err
configure:2261: $? = 0
configure:2264: test -s conftest.o
configure:2267: $? = 0
configure:2278: result: yes
configure:2295: checking for gcc option to accept ANSI C
configure:2365: gcc  -c -g -O2  conftest.c >&5
configure:2371: $? = 0
configure:2375: test -z 
			 || test ! -s conftest.err
configure:2378: $? = 0
configure:2381: test -s conftest.o
configure:2384: $? = 0
configure:2402: result: none needed
configure:2420: gcc -c -g -O2  conftest.c >&5
conftest.c:2:3: error: unknown type name 'choke'
conftest.c:2:3: error: expected '=', ',', ';', 'asm' or '__attribute__' at end of input
configure:2426: $? = 1
configure: failed program was:
| #ifndef __cplusplus
|   choke me
| #endif
configure:2561: checking for existence of /home/jan/workspace/tcl8.6/unix/tclConfig.sh
configure:2565: result: loading
configure:2629: checking platform
configure:2652: gcc -c -g -O2  conftest.c >&5
configure:2658: $? = 0
configure:2662: test -z 
			 || test ! -s conftest.err
configure:2665: $? = 0
configure:2668: test -s conftest.o
configure:2671: $? = 0
configure:2683: result: unix
configure:2724: checking for Tk configuration
configure:2851: result: found /home/jan/workspace/tk8.6/unix/tkConfig.sh
configure:2857: checking for existence of /home/jan/workspace/tk8.6/unix/tkConfig.sh
configure:2861: result: loading
configure:2969: --exec-prefix defaulting to TCL_EXEC_PREFIX /usr
configure:3043: checking for gcc
configure:3069: result: gcc
configure:3313: checking for C compiler version
configure:3316: gcc --version </dev/null >&5
gcc (Ubuntu/Linaro 4.7.3-1ubuntu1) 4.7.3
Copyright (C) 2012 Free Software Foundation, Inc.
This is free software; see the source for copying conditions.  There is NO
warranty; not even for MERCHANTABILITY or FITNESS FOR A PARTICULAR PURPOSE.

configure:3319: $? = 0
configure:3321: gcc -v </dev/null >&5
Using built-in specs.
COLLECT_GCC=gcc
COLLECT_LTO_WRAPPER=/usr/lib/gcc/x86_64-linux-gnu/4.7/lto-wrapper
Target: x86_64-linux-gnu
Configured with: ../src/configure -v --with-pkgversion='Ubuntu/Linaro 4.7.3-1ubuntu1' --with-bugurl=file:///usr/share/doc/gcc-4.7/README.Bugs --enable-languages=c,c++,go,fortran,objc,obj-c++ --prefix=/usr --program-suffix=-4.7 --enable-shared --enable-linker-build-id --libexecdir=/usr/lib --without-included-gettext --enable-threads=posix --with-gxx-include-dir=/usr/include/c++/4.7 --libdir=/usr/lib --enable-nls --with-sysroot=/ --enable-clocale=gnu --enable-libstdcxx-debug --enable-libstdcxx-time=yes --enable-gnu-unique-object --enable-plugin --with-system-zlib --enable-objc-gc --with-cloog --enable-cloog-backend=ppl --disable-cloog-version-check --disable-ppl-version-check --enable-multiarch --disable-werror --with-arch-32=i686 --with-abi=m64 --with-multilib-list=m32,m64,mx32 --with-tune=generic --enable-checking=release --build=x86_64-linux-gnu --host=x86_64-linux-gnu --target=x86_64-linux-gnu
Thread model: posix
gcc version 4.7.3 (Ubuntu/Linaro 4.7.3-1ubuntu1) 
configure:3324: $? = 0
configure:3326: gcc -V </dev/null >&5
gcc: error: unrecognized command line option '-V'
gcc: fatal error: no input files
compilation terminated.
configure:3329: $? = 4
configure:3332: checking whether we are using the GNU C compiler
configure:3388: result: yes
configure:3394: checking whether gcc accepts -g
configure:3445: result: yes
configure:3462: checking for gcc option to accept ANSI C
configure:3569: result: none needed
configure:3587: gcc -c -g -O2  conftest.c >&5
conftest.c:2:3: error: unknown type name 'choke'
conftest.c:2:3: error: expected '=', ',', ';', 'asm' or '__attribute__' at end of input
configure:3593: $? = 1
configure: failed program was:
| #ifndef __cplusplus
|   choke me
| #endif
configure:3731: checking how to run the C preprocessor
configure:3766: gcc -E  conftest.c
configure:3772: $? = 0
configure:3804: gcc -E  conftest.c
conftest.c:10:28: fatal error: ac_nonexistent.h: No such file or directory
compilation terminated.
configure:3810: $? = 1
configure: failed program was:
| /* confdefs.h.  */
| 
| #define PACKAGE_NAME "Img"
| #define PACKAGE_TARNAME "img"
| #define PACKAGE_VERSION "1.4.1"
| #define PACKAGE_STRING "Img 1.4.1"
| #define PACKAGE_BUGREPORT ""
| #define BUILD_Img
| /* end confdefs.h.  */
| #include <ac_nonexistent.h>
configure:3849: result: gcc -E
configure:3873: gcc -E  conftest.c
configure:3879: $? = 0
configure:3911: gcc -E  conftest.c
conftest.c:10:28: fatal error: ac_nonexistent.h: No such file or directory
compilation terminated.
configure:3917: $? = 1
configure: failed program was:
| /* confdefs.h.  */
| 
| #define PACKAGE_NAME "Img"
| #define PACKAGE_TARNAME "img"
| #define PACKAGE_VERSION "1.4.1"
| #define PACKAGE_STRING "Img 1.4.1"
| #define PACKAGE_BUGREPORT ""
| #define BUILD_Img
| /* end confdefs.h.  */
| #include <ac_nonexistent.h>
configure:3974: checking for a BSD-compatible install
configure:4029: result: /usr/bin/install -c
configure:4045: checking whether make sets $(MAKE)
configure:4065: result: yes
configure:4120: checking for ranlib
configure:4136: found /usr/bin/ranlib
configure:4146: result: ranlib
configure:4167: checking for egrep
configure:4177: result: grep -E
configure:4182: checking for ANSI C header files
configure:4207: gcc -c -g -O2  conftest.c >&5
configure:4213: $? = 0
configure:4217: test -z 
			 || test ! -s conftest.err
configure:4220: $? = 0
configure:4223: test -s conftest.o
configure:4226: $? = 0
configure:4315: gcc -o conftest -g -O2   conftest.c  >&5
conftest.c: In function 'main':
conftest.c:27:7: warning: incompatible implicit declaration of built-in function 'exit' [enabled by default]
configure:4318: $? = 0
configure:4320: ./conftest
configure:4323: $? = 0
configure:4338: result: yes
configure:4362: checking for sys/types.h
configure:4378: gcc -c -g -O2  conftest.c >&5
configure:4384: $? = 0
configure:4388: test -z 
			 || test ! -s conftest.err
configure:4391: $? = 0
configure:4394: test -s conftest.o
configure:4397: $? = 0
configure:4408: result: yes
configure:4362: checking for sys/stat.h
configure:4378: gcc -c -g -O2  conftest.c >&5
configure:4384: $? = 0
configure:4388: test -z 
			 || test ! -s conftest.err
configure:4391: $? = 0
configure:4394: test -s conftest.o
configure:4397: $? = 0
configure:4408: result: yes
configure:4362: checking for stdlib.h
configure:4378: gcc -c -g -O2  conftest.c >&5
configure:4384: $? = 0
configure:4388: test -z 
			 || test ! -s conftest.err
configure:4391: $? = 0
configure:4394: test -s conftest.o
configure:4397: $? = 0
configure:4408: result: yes
configure:4362: checking for string.h
configure:4378: gcc -c -g -O2  conftest.c >&5
configure:4384: $? = 0
configure:4388: test -z 
			 || test ! -s conftest.err
configure:4391: $? = 0
configure:4394: test -s conftest.o
configure:4397: $? = 0
configure:4408: result: yes
configure:4362: checking for memory.h
configure:4378: gcc -c -g -O2  conftest.c >&5
configure:4384: $? = 0
configure:4388: test -z 
			 || test ! -s conftest.err
configure:4391: $? = 0
configure:4394: test -s conftest.o
configure:4397: $? = 0
configure:4408: result: yes
configure:4362: checking for strings.h
configure:4378: gcc -c -g -O2  conftest.c >&5
configure:4384: $? = 0
configure:4388: test -z 
			 || test ! -s conftest.err
configure:4391: $? = 0
configure:4394: test -s conftest.o
configure:4397: $? = 0
configure:4408: result: yes
configure:4362: checking for inttypes.h
configure:4378: gcc -c -g -O2  conftest.c >&5
configure:4384: $? = 0
configure:4388: test -z 
			 || test ! -s conftest.err
configure:4391: $? = 0
configure:4394: test -s conftest.o
configure:4397: $? = 0
configure:4408: result: yes
configure:4362: checking for stdint.h
configure:4378: gcc -c -g -O2  conftest.c >&5
configure:4384: $? = 0
configure:4388: test -z 
			 || test ! -s conftest.err
configure:4391: $? = 0
configure:4394: test -s conftest.o
configure:4397: $? = 0
configure:4408: result: yes
configure:4362: checking for unistd.h
configure:4378: gcc -c -g -O2  conftest.c >&5
configure:4384: $? = 0
configure:4388: test -z 
			 || test ! -s conftest.err
configure:4391: $? = 0
configure:4394: test -s conftest.o
configure:4397: $? = 0
configure:4408: result: yes
configure:4430: checking if the compiler understands -pipe
configure:4453: gcc -c -g -O2 -pipe  conftest.c >&5
configure:4459: $? = 0
configure:4463: test -z 
			 || test ! -s conftest.err
configure:4466: $? = 0
configure:4469: test -s conftest.o
configure:4472: $? = 0
configure:4484: result: yes
configure:4495: checking whether byte ordering is bigendian
configure:4522: gcc -c -g -O2 -pipe  conftest.c >&5
configure:4528: $? = 0
configure:4532: test -z 
			 || test ! -s conftest.err
configure:4535: $? = 0
configure:4538: test -s conftest.o
configure:4541: $? = 0
configure:4565: gcc -c -g -O2 -pipe  conftest.c >&5
conftest.c: In function 'main':
conftest.c:27:2: error: unknown type name 'not'
conftest.c:27:10: error: expected '=', ',', ';', 'asm' or '__attribute__' before 'endian'
configure:4571: $? = 1
configure: failed program was:
| /* confdefs.h.  */
| 
| #define PACKAGE_NAME "Img"
| #define PACKAGE_TARNAME "img"
| #define PACKAGE_VERSION "1.4.1"
| #define PACKAGE_STRING "Img 1.4.1"
| #define PACKAGE_BUGREPORT ""
| #define BUILD_Img
| #define STDC_HEADERS 1
| #define HAVE_SYS_TYPES_H 1
| #define HAVE_SYS_STAT_H 1
| #define HAVE_STDLIB_H 1
| #define HAVE_STRING_H 1
| #define HAVE_MEMORY_H 1
| #define HAVE_STRINGS_H 1
| #define HAVE_INTTYPES_H 1
| #define HAVE_STDINT_H 1
| #define HAVE_UNISTD_H 1
| /* end confdefs.h.  */
| #include <sys/types.h>
| #include <sys/param.h>
| 
| int
| main ()
| {
| #if BYTE_ORDER != BIG_ENDIAN
|  not big endian
| #endif
| 
|   ;
|   return 0;
| }
configure:4706: result: no
configure:4734: checking for sin
configure:4791: gcc -o conftest -g -O2 -pipe   conftest.c  >&5
conftest.c:44:6: warning: conflicting types for built-in function 'sin' [enabled by default]
/tmp/ccHNZqbI.o:(.data+0x0): undefined reference to `sin'
/tmp/ccHNZqbI.o: In function `main':
/home/jan/workspace/img/conftest.c:60: undefined reference to `sin'
collect2: error: ld returned 1 exit status
configure:4797: $? = 1
configure: failed program was:
| /* confdefs.h.  */
| 
| #define PACKAGE_NAME "Img"
| #define PACKAGE_TARNAME "img"
| #define PACKAGE_VERSION "1.4.1"
| #define PACKAGE_STRING "Img 1.4.1"
| #define PACKAGE_BUGREPORT ""
| #define BUILD_Img
| #define STDC_HEADERS 1
| #define HAVE_SYS_TYPES_H 1
| #define HAVE_SYS_STAT_H 1
| #define HAVE_STDLIB_H 1
| #define HAVE_STRING_H 1
| #define HAVE_MEMORY_H 1
| #define HAVE_STRINGS_H 1
| #define HAVE_INTTYPES_H 1
| #define HAVE_STDINT_H 1
| #define HAVE_UNISTD_H 1
| /* end confdefs.h.  */
| /* Define sin to an innocuous variant, in case <limits.h> declares sin.
|    For example, HP-UX 11i <limits.h> declares gettimeofday.  */
| #define sin innocuous_sin
| 
| /* System header to define __stub macros and hopefully few prototypes,
|     which can conflict with char sin (); below.
|     Prefer <limits.h> to <assert.h> if __STDC__ is defined, since
|     <limits.h> exists even on freestanding compilers.  */
| 
| #ifdef __STDC__
| # include <limits.h>
| #else
| # include <assert.h>
| #endif
| 
| #undef sin
| 
| /* Override any gcc2 internal prototype to avoid an error.  */
| #ifdef __cplusplus
| extern "C"
| {
| #endif
| /* We use char because int might match the return type of a gcc2
|    builtin and then its argument prototype would still apply.  */
| char sin ();
| /* The GNU C library defines this for functions which it implements
|     to always fail with ENOSYS.  Some functions are actually named
|     something starting with __ and the normal name is an alias.  */
| #if defined (__stub_sin) || defined (__stub___sin)
| choke me
| #else
| char (*f) () = sin;
| #endif
| #ifdef __cplusplus
| }
| #endif
| 
| int
| main ()
| {
| return f != sin;
|   ;
|   return 0;
| }
configure:4822: result: no
configure:4830: checking for main in -lieee
configure:4854: gcc -o conftest -g -O2 -pipe   conftest.c -lieee   >&5
configure:4860: $? = 0
configure:4864: test -z 
			 || test ! -s conftest.err
configure:4867: $? = 0
configure:4870: test -s conftest
configure:4873: $? = 0
configure:4886: result: yes
configure:4898: checking for main in -linet
configure:4922: gcc -o conftest -g -O2 -pipe   conftest.c -linet   >&5
/usr/bin/ld: cannot find -linet
collect2: error: ld returned 1 exit status
configure:4928: $? = 1
configure: failed program was:
| /* confdefs.h.  */
| 
| #define PACKAGE_NAME "Img"
| #define PACKAGE_TARNAME "img"
| #define PACKAGE_VERSION "1.4.1"
| #define PACKAGE_STRING "Img 1.4.1"
| #define PACKAGE_BUGREPORT ""
| #define BUILD_Img
| #define STDC_HEADERS 1
| #define HAVE_SYS_TYPES_H 1
| #define HAVE_SYS_STAT_H 1
| #define HAVE_STDLIB_H 1
| #define HAVE_STRING_H 1
| #define HAVE_MEMORY_H 1
| #define HAVE_STRINGS_H 1
| #define HAVE_INTTYPES_H 1
| #define HAVE_STDINT_H 1
| #define HAVE_UNISTD_H 1
| /* end confdefs.h.  */
| 
| 
| int
| main ()
| {
| main ();
|   ;
|   return 0;
| }
configure:4954: result: no
configure:4970: checking net/errno.h usability
configure:4982: gcc -c -g -O2 -pipe  conftest.c >&5
conftest.c:54:23: fatal error: net/errno.h: No such file or directory
compilation terminated.
configure:4988: $? = 1
configure: failed program was:
| /* confdefs.h.  */
| 
| #define PACKAGE_NAME "Img"
| #define PACKAGE_TARNAME "img"
| #define PACKAGE_VERSION "1.4.1"
| #define PACKAGE_STRING "Img 1.4.1"
| #define PACKAGE_BUGREPORT ""
| #define BUILD_Img
| #define STDC_HEADERS 1
| #define HAVE_SYS_TYPES_H 1
| #define HAVE_SYS_STAT_H 1
| #define HAVE_STDLIB_H 1
| #define HAVE_STRING_H 1
| #define HAVE_MEMORY_H 1
| #define HAVE_STRINGS_H 1
| #define HAVE_INTTYPES_H 1
| #define HAVE_STDINT_H 1
| #define HAVE_UNISTD_H 1
| /* end confdefs.h.  */
| #include <stdio.h>
| #if HAVE_SYS_TYPES_H
| # include <sys/types.h>
| #endif
| #if HAVE_SYS_STAT_H
| # include <sys/stat.h>
| #endif
| #if STDC_HEADERS
| # include <stdlib.h>
| # include <stddef.h>
| #else
| # if HAVE_STDLIB_H
| #  include <stdlib.h>
| # endif
| #endif
| #if HAVE_STRING_H
| # if !STDC_HEADERS && HAVE_MEMORY_H
| #  include <memory.h>
| # endif
| # include <string.h>
| #endif
| #if HAVE_STRINGS_H
| # include <strings.h>
| #endif
| #if HAVE_INTTYPES_H
| # include <inttypes.h>
| #else
| # if HAVE_STDINT_H
| #  include <stdint.h>
| # endif
| #endif
| #if HAVE_UNISTD_H
| # include <unistd.h>
| #endif
| #include <net/errno.h>
configure:5011: result: no
configure:5015: checking net/errno.h presence
configure:5025: gcc -E  conftest.c
conftest.c:20:23: fatal error: net/errno.h: No such file or directory
compilation terminated.
configure:5031: $? = 1
configure: failed program was:
| /* confdefs.h.  */
| 
| #define PACKAGE_NAME "Img"
| #define PACKAGE_TARNAME "img"
| #define PACKAGE_VERSION "1.4.1"
| #define PACKAGE_STRING "Img 1.4.1"
| #define PACKAGE_BUGREPORT ""
| #define BUILD_Img
| #define STDC_HEADERS 1
| #define HAVE_SYS_TYPES_H 1
| #define HAVE_SYS_STAT_H 1
| #define HAVE_STDLIB_H 1
| #define HAVE_STRING_H 1
| #define HAVE_MEMORY_H 1
| #define HAVE_STRINGS_H 1
| #define HAVE_INTTYPES_H 1
| #define HAVE_STDINT_H 1
| #define HAVE_UNISTD_H 1
| /* end confdefs.h.  */
| #include <net/errno.h>
configure:5051: result: no
configure:5086: checking for net/errno.h
configure:5093: result: no
configure:5127: checking for connect
configure:5184: gcc -o conftest -g -O2 -pipe   conftest.c  >&5
configure:5190: $? = 0
configure:5194: test -z 
			 || test ! -s conftest.err
configure:5197: $? = 0
configure:5200: test -s conftest
configure:5203: $? = 0
configure:5215: result: yes
configure:5490: checking for gethostbyname
configure:5547: gcc -o conftest -g -O2 -pipe   conftest.c  >&5
configure:5553: $? = 0
configure:5557: test -z 
			 || test ! -s conftest.err
configure:5560: $? = 0
configure:5563: test -s conftest
configure:5566: $? = 0
configure:5578: result: yes
configure:5662: checking dirent.h
configure:5703: gcc -o conftest -g -O2 -pipe   conftest.c  >&5
configure:5709: $? = 0
configure:5713: test -z 
			 || test ! -s conftest.err
configure:5716: $? = 0
configure:5719: test -s conftest
configure:5722: $? = 0
configure:5734: result: yes
configure:5756: checking errno.h usability
configure:5768: gcc -c -g -O2 -pipe  conftest.c >&5
configure:5774: $? = 0
configure:5778: test -z 
			 || test ! -s conftest.err
configure:5781: $? = 0
configure:5784: test -s conftest.o
configure:5787: $? = 0
configure:5797: result: yes
configure:5801: checking errno.h presence
configure:5811: gcc -E  conftest.c
configure:5817: $? = 0
configure:5837: result: yes
configure:5872: checking for errno.h
configure:5879: result: yes
configure:5904: checking float.h usability
configure:5916: gcc -c -g -O2 -pipe  conftest.c >&5
configure:5922: $? = 0
configure:5926: test -z 
			 || test ! -s conftest.err
configure:5929: $? = 0
configure:5932: test -s conftest.o
configure:5935: $? = 0
configure:5945: result: yes
configure:5949: checking float.h presence
configure:5959: gcc -E  conftest.c
configure:5965: $? = 0
configure:5985: result: yes
configure:6020: checking for float.h
configure:6027: result: yes
configure:6052: checking values.h usability
configure:6064: gcc -c -g -O2 -pipe  conftest.c >&5
configure:6070: $? = 0
configure:6074: test -z 
			 || test ! -s conftest.err
configure:6077: $? = 0
configure:6080: test -s conftest.o
configure:6083: $? = 0
configure:6093: result: yes
configure:6097: checking values.h presence
configure:6107: gcc -E  conftest.c
configure:6113: $? = 0
configure:6133: result: yes
configure:6168: checking for values.h
configure:6175: result: yes
configure:6200: checking limits.h usability
configure:6212: gcc -c -g -O2 -pipe  conftest.c >&5
configure:6218: $? = 0
configure:6222: test -z 
			 || test ! -s conftest.err
configure:6225: $? = 0
configure:6228: test -s conftest.o
configure:6231: $? = 0
configure:6241: result: yes
configure:6245: checking limits.h presence
configure:6255: gcc -E  conftest.c
configure:6261: $? = 0
configure:6281: result: yes
configure:6316: checking for limits.h
configure:6323: result: yes
configure:6343: checking for stdlib.h
configure:6348: result: yes
configure:6545: checking for string.h
configure:6550: result: yes
configure:6744: checking sys/wait.h usability
configure:6756: gcc -c -g -O2 -pipe  conftest.c >&5
configure:6762: $? = 0
configure:6766: test -z 
			 || test ! -s conftest.err
configure:6769: $? = 0
configure:6772: test -s conftest.o
configure:6775: $? = 0
configure:6785: result: yes
configure:6789: checking sys/wait.h presence
configure:6799: gcc -E  conftest.c
configure:6805: $? = 0
configure:6825: result: yes
configure:6860: checking for sys/wait.h
configure:6867: result: yes
configure:6892: checking dlfcn.h usability
configure:6904: gcc -c -g -O2 -pipe  conftest.c >&5
configure:6910: $? = 0
configure:6914: test -z 
			 || test ! -s conftest.err
configure:6917: $? = 0
configure:6920: test -s conftest.o
configure:6923: $? = 0
configure:6933: result: yes
configure:6937: checking dlfcn.h presence
configure:6947: gcc -E  conftest.c
configure:6953: $? = 0
configure:6973: result: yes
configure:7008: checking for dlfcn.h
configure:7015: result: yes
configure:7046: checking sys/param.h usability
configure:7058: gcc -c -g -O2 -pipe  conftest.c >&5
configure:7064: $? = 0
configure:7068: test -z 
			 || test ! -s conftest.err
configure:7071: $? = 0
configure:7074: test -s conftest.o
configure:7077: $? = 0
configure:7087: result: yes
configure:7091: checking sys/param.h presence
configure:7101: gcc -E  conftest.c
configure:7107: $? = 0
configure:7127: result: yes
configure:7162: checking for sys/param.h
configure:7169: result: yes
configure:7530: checking for Tcl public headers
configure:7605: result: /home/jan/workspace/tcl8.6/generic
configure:7618: checking for Tk public headers
configure:7696: result: /home/jan/workspace/tk8.6/generic
configure:7774: checking for pthread_mutex_init in -lpthread
configure:7804: gcc -o conftest -g -O2 -pipe   conftest.c -lpthread   >&5
configure:7810: $? = 0
configure:7814: test -z 
			 || test ! -s conftest.err
configure:7817: $? = 0
configure:7820: test -s conftest
configure:7823: $? = 0
configure:7836: result: yes
configure:8157: checking for building with threads
configure:8165: result: yes (default)
configure:8206: checking how to build libraries
configure:8224: result: shared
configure:8287: checking for ranlib
configure:8314: result: ranlib
configure:8331: checking if 64bit support is requested
configure:8340: result: no
configure:8345: checking if 64bit Sparc VIS support is requested
configure:8354: result: no
configure:8365: checking if compiler supports visibility "hidden"
configure:8390: gcc -o conftest -g -O2 -pipe -Werror   conftest.c  >&5
configure:8396: $? = 0
configure:8400: test -z 
			 || test ! -s conftest.err
configure:8403: $? = 0
configure:8406: test -s conftest
configure:8409: $? = 0
configure:8422: result: yes
configure:8437: checking if rpath support is requested
configure:8446: result: yes
configure:8472: checking system version
configure:8495: result: Linux-3.8.0-19-generic
configure:8574: checking for ar
configure:8590: found /usr/bin/ar
configure:8600: result: ar
configure:10600: checking for SEH support in compiler
configure:10632: gcc -o conftest -g -O2 -pipe   -Wl,--export-dynamic  conftest.c  >&5
conftest.c:29:26: fatal error: windows.h: No such file or directory
compilation terminated.
configure:10635: $? = 1
configure: program exited with status 1
configure: failed program was:
| /* confdefs.h.  */
| 
| #define PACKAGE_NAME "Img"
| #define PACKAGE_TARNAME "img"
| #define PACKAGE_VERSION "1.4.1"
| #define PACKAGE_STRING "Img 1.4.1"
| #define PACKAGE_BUGREPORT ""
| #define BUILD_Img
| #define STDC_HEADERS 1
| #define HAVE_SYS_TYPES_H 1
| #define HAVE_SYS_STAT_H 1
| #define HAVE_STDLIB_H 1
| #define HAVE_STRING_H 1
| #define HAVE_MEMORY_H 1
| #define HAVE_STRINGS_H 1
| #define HAVE_INTTYPES_H 1
| #define HAVE_STDINT_H 1
| #define HAVE_UNISTD_H 1
| #define HAVE_LIMITS_H 1
| #define HAVE_SYS_PARAM_H 1
| #define USE_THREAD_ALLOC 1
| #define _REENTRANT 1
| #define _THREAD_SAFE 1
| #define TCL_THREADS 1
| #define MODULE_SCOPE extern __attribute__((__visibility__("hidden")))
| /* end confdefs.h.  */
| 
| 	    #define WIN32_LEAN_AND_MEAN
| 	    #include <windows.h>
| 	    #undef WIN32_LEAN_AND_MEAN
| 
| 	    int main(int argc, char** argv) {
| 		int a, b = 0;
| 		__try {
| 		    a = 666 / b;
| 		}
| 		__except (EXCEPTION_EXECUTE_HANDLER) {
| 		    return 0;
| 		}
| 		return 1;
| 	    }
| 
configure:10655: result: no
configure:10671: checking for EXCEPTION_DISPOSITION support in include files
configure:10698: gcc -c -g -O2 -pipe  conftest.c >&5
conftest.c:30:26: fatal error: windows.h: No such file or directory
compilation terminated.
configure:10704: $? = 1
configure: failed program was:
| /* confdefs.h.  */
| 
| #define PACKAGE_NAME "Img"
| #define PACKAGE_TARNAME "img"
| #define PACKAGE_VERSION "1.4.1"
| #define PACKAGE_STRING "Img 1.4.1"
| #define PACKAGE_BUGREPORT ""
| #define BUILD_Img
| #define STDC_HEADERS 1
| #define HAVE_SYS_TYPES_H 1
| #define HAVE_SYS_STAT_H 1
| #define HAVE_STDLIB_H 1
| #define HAVE_STRING_H 1
| #define HAVE_MEMORY_H 1
| #define HAVE_STRINGS_H 1
| #define HAVE_INTTYPES_H 1
| #define HAVE_STDINT_H 1
| #define HAVE_UNISTD_H 1
| #define HAVE_LIMITS_H 1
| #define HAVE_SYS_PARAM_H 1
| #define USE_THREAD_ALLOC 1
| #define _REENTRANT 1
| #define _THREAD_SAFE 1
| #define TCL_THREADS 1
| #define MODULE_SCOPE extern __attribute__((__visibility__("hidden")))
| #define HAVE_NO_SEH 1
| /* end confdefs.h.  */
| 
| #	    define WIN32_LEAN_AND_MEAN
| #	    include <windows.h>
| #	    undef WIN32_LEAN_AND_MEAN
| 
| int
| main ()
| {
| 
| 		EXCEPTION_DISPOSITION x;
| 
|   ;
|   return 0;
| }
configure:10729: result: no
configure:10743: checking for winnt.h that ignores VOID define
configure:10773: gcc -c -g -O2 -pipe  conftest.c >&5
conftest.c:32:23: fatal error: windows.h: No such file or directory
compilation terminated.
configure:10779: $? = 1
configure: failed program was:
| /* confdefs.h.  */
| 
| #define PACKAGE_NAME "Img"
| #define PACKAGE_TARNAME "img"
| #define PACKAGE_VERSION "1.4.1"
| #define PACKAGE_STRING "Img 1.4.1"
| #define PACKAGE_BUGREPORT ""
| #define BUILD_Img
| #define STDC_HEADERS 1
| #define HAVE_SYS_TYPES_H 1
| #define HAVE_SYS_STAT_H 1
| #define HAVE_STDLIB_H 1
| #define HAVE_STRING_H 1
| #define HAVE_MEMORY_H 1
| #define HAVE_STRINGS_H 1
| #define HAVE_INTTYPES_H 1
| #define HAVE_STDINT_H 1
| #define HAVE_UNISTD_H 1
| #define HAVE_LIMITS_H 1
| #define HAVE_SYS_PARAM_H 1
| #define USE_THREAD_ALLOC 1
| #define _REENTRANT 1
| #define _THREAD_SAFE 1
| #define TCL_THREADS 1
| #define MODULE_SCOPE extern __attribute__((__visibility__("hidden")))
| #define HAVE_NO_SEH 1
| #define EXCEPTION_DISPOSITION int
| /* end confdefs.h.  */
| 
| 		#define VOID void
| 		#define WIN32_LEAN_AND_MEAN
| 		#include <windows.h>
| 		#undef WIN32_LEAN_AND_MEAN
| 
| int
| main ()
| {
| 
| 		CHAR c;
| 		SHORT s;
| 		LONG l;
| 
|   ;
|   return 0;
| }
configure:10804: result: no
configure:10818: checking for cast to union support
configure:10842: gcc -c -g -O2 -pipe  conftest.c >&5
configure:10848: $? = 0
configure:10852: test -z 
			 || test ! -s conftest.err
configure:10855: $? = 0
configure:10858: test -s conftest.o
configure:10861: $? = 0
configure:10873: result: yes
configure:10899: checking for required early compiler flags
configure:10922: gcc -c -g -O2 -pipe  conftest.c >&5
configure:10928: $? = 0
configure:10932: test -z 
			 || test ! -s conftest.err
configure:10935: $? = 0
configure:10938: test -s conftest.o
configure:10941: $? = 0
configure:11027: gcc -c -g -O2 -pipe  conftest.c >&5
conftest.c: In function 'main':
conftest.c:34:15: error: storage size of 'buf' isn't known
configure:11033: $? = 1
configure: failed program was:
| /* confdefs.h.  */
| 
| #define PACKAGE_NAME "Img"
| #define PACKAGE_TARNAME "img"
| #define PACKAGE_VERSION "1.4.1"
| #define PACKAGE_STRING "Img 1.4.1"
| #define PACKAGE_BUGREPORT ""
| #define BUILD_Img
| #define STDC_HEADERS 1
| #define HAVE_SYS_TYPES_H 1
| #define HAVE_SYS_STAT_H 1
| #define HAVE_STDLIB_H 1
| #define HAVE_STRING_H 1
| #define HAVE_MEMORY_H 1
| #define HAVE_STRINGS_H 1
| #define HAVE_INTTYPES_H 1
| #define HAVE_STDINT_H 1
| #define HAVE_UNISTD_H 1
| #define HAVE_LIMITS_H 1
| #define HAVE_SYS_PARAM_H 1
| #define USE_THREAD_ALLOC 1
| #define _REENTRANT 1
| #define _THREAD_SAFE 1
| #define TCL_THREADS 1
| #define MODULE_SCOPE extern __attribute__((__visibility__("hidden")))
| #define HAVE_NO_SEH 1
| #define EXCEPTION_DISPOSITION int
| #define HAVE_CAST_TO_UNION 1
| /* end confdefs.h.  */
| #include <sys/stat.h>
| int
| main ()
| {
| struct stat64 buf; int i = stat64("/", &buf);
|   ;
|   return 0;
| }
configure:11070: gcc -c -g -O2 -pipe  conftest.c >&5
configure:11076: $? = 0
configure:11080: test -z 
			 || test ! -s conftest.err
configure:11083: $? = 0
configure:11086: test -s conftest.o
configure:11089: $? = 0
configure:11132: gcc -c -g -O2 -pipe  conftest.c >&5
conftest.c: In function 'main':
conftest.c:35:19: error: 'open64' undeclared (first use in this function)
conftest.c:35:19: note: each undeclared identifier is reported only once for each function it appears in
configure:11138: $? = 1
configure: failed program was:
| /* confdefs.h.  */
| 
| #define PACKAGE_NAME "Img"
| #define PACKAGE_TARNAME "img"
| #define PACKAGE_VERSION "1.4.1"
| #define PACKAGE_STRING "Img 1.4.1"
| #define PACKAGE_BUGREPORT ""
| #define BUILD_Img
| #define STDC_HEADERS 1
| #define HAVE_SYS_TYPES_H 1
| #define HAVE_SYS_STAT_H 1
| #define HAVE_STDLIB_H 1
| #define HAVE_STRING_H 1
| #define HAVE_MEMORY_H 1
| #define HAVE_STRINGS_H 1
| #define HAVE_INTTYPES_H 1
| #define HAVE_STDINT_H 1
| #define HAVE_UNISTD_H 1
| #define HAVE_LIMITS_H 1
| #define HAVE_SYS_PARAM_H 1
| #define USE_THREAD_ALLOC 1
| #define _REENTRANT 1
| #define _THREAD_SAFE 1
| #define TCL_THREADS 1
| #define MODULE_SCOPE extern __attribute__((__visibility__("hidden")))
| #define HAVE_NO_SEH 1
| #define EXCEPTION_DISPOSITION int
| #define HAVE_CAST_TO_UNION 1
| #define _LARGEFILE64_SOURCE 1
| /* end confdefs.h.  */
| #include <sys/stat.h>
| int
| main ()
| {
| char *p = (char *)open64;
|   ;
|   return 0;
| }
configure:11175: gcc -c -g -O2 -pipe  conftest.c >&5
conftest.c: In function 'main':
conftest.c:36:19: error: 'open64' undeclared (first use in this function)
conftest.c:36:19: note: each undeclared identifier is reported only once for each function it appears in
configure:11181: $? = 1
configure: failed program was:
| /* confdefs.h.  */
| 
| #define PACKAGE_NAME "Img"
| #define PACKAGE_TARNAME "img"
| #define PACKAGE_VERSION "1.4.1"
| #define PACKAGE_STRING "Img 1.4.1"
| #define PACKAGE_BUGREPORT ""
| #define BUILD_Img
| #define STDC_HEADERS 1
| #define HAVE_SYS_TYPES_H 1
| #define HAVE_SYS_STAT_H 1
| #define HAVE_STDLIB_H 1
| #define HAVE_STRING_H 1
| #define HAVE_MEMORY_H 1
| #define HAVE_STRINGS_H 1
| #define HAVE_INTTYPES_H 1
| #define HAVE_STDINT_H 1
| #define HAVE_UNISTD_H 1
| #define HAVE_LIMITS_H 1
| #define HAVE_SYS_PARAM_H 1
| #define USE_THREAD_ALLOC 1
| #define _REENTRANT 1
| #define _THREAD_SAFE 1
| #define TCL_THREADS 1
| #define MODULE_SCOPE extern __attribute__((__visibility__("hidden")))
| #define HAVE_NO_SEH 1
| #define EXCEPTION_DISPOSITION int
| #define HAVE_CAST_TO_UNION 1
| #define _LARGEFILE64_SOURCE 1
| /* end confdefs.h.  */
| #define _LARGEFILE_SOURCE64 1
| #include <sys/stat.h>
| int
| main ()
| {
| char *p = (char *)open64;
|   ;
|   return 0;
| }
configure:11221: result:  _LARGEFILE64_SOURCE
configure:11226: checking for 64-bit integer type
configure:11250: gcc -c -g -O2 -pipe  conftest.c >&5
conftest.c: In function 'main':
conftest.c:35:1: error: unknown type name '__int64'
conftest.c:35:18: error: '__int64' undeclared (first use in this function)
conftest.c:35:18: note: each undeclared identifier is reported only once for each function it appears in
conftest.c:35:27: error: expected ',' or ';' before numeric constant
configure:11256: $? = 1
configure: failed program was:
| /* confdefs.h.  */
| 
| #define PACKAGE_NAME "Img"
| #define PACKAGE_TARNAME "img"
| #define PACKAGE_VERSION "1.4.1"
| #define PACKAGE_STRING "Img 1.4.1"
| #define PACKAGE_BUGREPORT ""
| #define BUILD_Img
| #define STDC_HEADERS 1
| #define HAVE_SYS_TYPES_H 1
| #define HAVE_SYS_STAT_H 1
| #define HAVE_STDLIB_H 1
| #define HAVE_STRING_H 1
| #define HAVE_MEMORY_H 1
| #define HAVE_STRINGS_H 1
| #define HAVE_INTTYPES_H 1
| #define HAVE_STDINT_H 1
| #define HAVE_UNISTD_H 1
| #define HAVE_LIMITS_H 1
| #define HAVE_SYS_PARAM_H 1
| #define USE_THREAD_ALLOC 1
| #define _REENTRANT 1
| #define _THREAD_SAFE 1
| #define TCL_THREADS 1
| #define MODULE_SCOPE extern __attribute__((__visibility__("hidden")))
| #define HAVE_NO_SEH 1
| #define EXCEPTION_DISPOSITION int
| #define HAVE_CAST_TO_UNION 1
| #define _LARGEFILE64_SOURCE 1
| /* end confdefs.h.  */
| 
| int
| main ()
| {
| __int64 value = (__int64) 0;
|   ;
|   return 0;
| }
configure:11300: gcc -c -g -O2 -pipe  conftest.c >&5
conftest.c: In function 'main':
conftest.c:36:21: error: duplicate case value
conftest.c:36:13: error: previously used here
configure:11306: $? = 1
configure: failed program was:
| /* confdefs.h.  */
| 
| #define PACKAGE_NAME "Img"
| #define PACKAGE_TARNAME "img"
| #define PACKAGE_VERSION "1.4.1"
| #define PACKAGE_STRING "Img 1.4.1"
| #define PACKAGE_BUGREPORT ""
| #define BUILD_Img
| #define STDC_HEADERS 1
| #define HAVE_SYS_TYPES_H 1
| #define HAVE_SYS_STAT_H 1
| #define HAVE_STDLIB_H 1
| #define HAVE_STRING_H 1
| #define HAVE_MEMORY_H 1
| #define HAVE_STRINGS_H 1
| #define HAVE_INTTYPES_H 1
| #define HAVE_STDINT_H 1
| #define HAVE_UNISTD_H 1
| #define HAVE_LIMITS_H 1
| #define HAVE_SYS_PARAM_H 1
| #define USE_THREAD_ALLOC 1
| #define _REENTRANT 1
| #define _THREAD_SAFE 1
| #define TCL_THREADS 1
| #define MODULE_SCOPE extern __attribute__((__visibility__("hidden")))
| #define HAVE_NO_SEH 1
| #define EXCEPTION_DISPOSITION int
| #define HAVE_CAST_TO_UNION 1
| #define _LARGEFILE64_SOURCE 1
| /* end confdefs.h.  */
| 
| int
| main ()
| {
| switch (0) {
|             case 1: case (sizeof(long long)==sizeof(long)): ;
|         }
|   ;
|   return 0;
| }
configure:11336: result: using long
configure:11661: checking for build with symbols
configure:11674: result: no
configure:11719: checking for X
configure:11824: gcc -E  conftest.c
conftest.c:32:27: fatal error: X11/Intrinsic.h: No such file or directory
compilation terminated.
configure:11830: $? = 1
configure: failed program was:
| /* confdefs.h.  */
| 
| #define PACKAGE_NAME "Img"
| #define PACKAGE_TARNAME "img"
| #define PACKAGE_VERSION "1.4.1"
| #define PACKAGE_STRING "Img 1.4.1"
| #define PACKAGE_BUGREPORT ""
| #define BUILD_Img
| #define STDC_HEADERS 1
| #define HAVE_SYS_TYPES_H 1
| #define HAVE_SYS_STAT_H 1
| #define HAVE_STDLIB_H 1
| #define HAVE_STRING_H 1
| #define HAVE_MEMORY_H 1
| #define HAVE_STRINGS_H 1
| #define HAVE_INTTYPES_H 1
| #define HAVE_STDINT_H 1
| #define HAVE_UNISTD_H 1
| #define HAVE_LIMITS_H 1
| #define HAVE_SYS_PARAM_H 1
| #define USE_THREAD_ALLOC 1
| #define _REENTRANT 1
| #define _THREAD_SAFE 1
| #define TCL_THREADS 1
| #define MODULE_SCOPE extern __attribute__((__visibility__("hidden")))
| #define HAVE_NO_SEH 1
| #define EXCEPTION_DISPOSITION int
| #define HAVE_CAST_TO_UNION 1
| #define _LARGEFILE64_SOURCE 1
| #define TCL_WIDE_INT_IS_LONG 1
| /* end confdefs.h.  */
| #include <X11/Intrinsic.h>
configure:11880: gcc -o conftest -g -O2 -pipe   -Wl,--export-dynamic  conftest.c -lXt  >&5
conftest.c:32:27: fatal error: X11/Intrinsic.h: No such file or directory
compilation terminated.
configure:11886: $? = 1
configure: failed program was:
| /* confdefs.h.  */
| 
| #define PACKAGE_NAME "Img"
| #define PACKAGE_TARNAME "img"
| #define PACKAGE_VERSION "1.4.1"
| #define PACKAGE_STRING "Img 1.4.1"
| #define PACKAGE_BUGREPORT ""
| #define BUILD_Img
| #define STDC_HEADERS 1
| #define HAVE_SYS_TYPES_H 1
| #define HAVE_SYS_STAT_H 1
| #define HAVE_STDLIB_H 1
| #define HAVE_STRING_H 1
| #define HAVE_MEMORY_H 1
| #define HAVE_STRINGS_H 1
| #define HAVE_INTTYPES_H 1
| #define HAVE_STDINT_H 1
| #define HAVE_UNISTD_H 1
| #define HAVE_LIMITS_H 1
| #define HAVE_SYS_PARAM_H 1
| #define USE_THREAD_ALLOC 1
| #define _REENTRANT 1
| #define _THREAD_SAFE 1
| #define TCL_THREADS 1
| #define MODULE_SCOPE extern __attribute__((__visibility__("hidden")))
| #define HAVE_NO_SEH 1
| #define EXCEPTION_DISPOSITION int
| #define HAVE_CAST_TO_UNION 1
| #define _LARGEFILE64_SOURCE 1
| #define TCL_WIDE_INT_IS_LONG 1
| /* end confdefs.h.  */
| #include <X11/Intrinsic.h>
| int
| main ()
| {
| XtMalloc (0)
|   ;
|   return 0;
| }
configure:11939: result: no
configure:11997: checking for X11 header files
configure:12008: gcc -E  conftest.c
conftest.c:32:27: fatal error: X11/Intrinsic.h: No such file or directory
compilation terminated.
configure:12014: $? = 1
configure: failed program was:
| /* confdefs.h.  */
| 
| #define PACKAGE_NAME "Img"
| #define PACKAGE_TARNAME "img"
| #define PACKAGE_VERSION "1.4.1"
| #define PACKAGE_STRING "Img 1.4.1"
| #define PACKAGE_BUGREPORT ""
| #define BUILD_Img
| #define STDC_HEADERS 1
| #define HAVE_SYS_TYPES_H 1
| #define HAVE_SYS_STAT_H 1
| #define HAVE_STDLIB_H 1
| #define HAVE_STRING_H 1
| #define HAVE_MEMORY_H 1
| #define HAVE_STRINGS_H 1
| #define HAVE_INTTYPES_H 1
| #define HAVE_STDINT_H 1
| #define HAVE_UNISTD_H 1
| #define HAVE_LIMITS_H 1
| #define HAVE_SYS_PARAM_H 1
| #define USE_THREAD_ALLOC 1
| #define _REENTRANT 1
| #define _THREAD_SAFE 1
| #define TCL_THREADS 1
| #define MODULE_SCOPE extern __attribute__((__visibility__("hidden")))
| #define HAVE_NO_SEH 1
| #define EXCEPTION_DISPOSITION int
| #define HAVE_CAST_TO_UNION 1
| #define _LARGEFILE64_SOURCE 1
| #define TCL_WIDE_INT_IS_LONG 1
| /* end confdefs.h.  */
| #include <X11/Intrinsic.h>
configure:12053: result: couldn't find any!
configure:12058: checking for X11 libraries
configure:12079: checking for XCreateWindow in -lXwindow
configure:12109: gcc -o conftest -g -O2 -pipe   -Wl,--export-dynamic  conftest.c -lXwindow   >&5
/usr/bin/ld: cannot find -lXwindow
collect2: error: ld returned 1 exit status
configure:12115: $? = 1
configure: failed program was:
| /* confdefs.h.  */
| 
| #define PACKAGE_NAME "Img"
| #define PACKAGE_TARNAME "img"
| #define PACKAGE_VERSION "1.4.1"
| #define PACKAGE_STRING "Img 1.4.1"
| #define PACKAGE_BUGREPORT ""
| #define BUILD_Img
| #define STDC_HEADERS 1
| #define HAVE_SYS_TYPES_H 1
| #define HAVE_SYS_STAT_H 1
| #define HAVE_STDLIB_H 1
| #define HAVE_STRING_H 1
| #define HAVE_MEMORY_H 1
| #define HAVE_STRINGS_H 1
| #define HAVE_INTTYPES_H 1
| #define HAVE_STDINT_H 1
| #define HAVE_UNISTD_H 1
| #define HAVE_LIMITS_H 1
| #define HAVE_SYS_PARAM_H 1
| #define USE_THREAD_ALLOC 1
| #define _REENTRANT 1
| #define _THREAD_SAFE 1
| #define TCL_THREADS 1
| #define MODULE_SCOPE extern __attribute__((__visibility__("hidden")))
| #define HAVE_NO_SEH 1
| #define EXCEPTION_DISPOSITION int
| #define HAVE_CAST_TO_UNION 1
| #define _LARGEFILE64_SOURCE 1
| #define TCL_WIDE_INT_IS_LONG 1
| /* end confdefs.h.  */
| 
| /* Override any gcc2 internal prototype to avoid an error.  */
| #ifdef __cplusplus
| extern "C"
| #endif
| /* We use char because int might match the return type of a gcc2
|    builtin and then its argument prototype would still apply.  */
| char XCreateWindow ();
| int
| main ()
| {
| XCreateWindow ();
|   ;
|   return 0;
| }
configure:12141: result: no
configure:12149: result: could not find any!  Using -lX11.
configure:14055: creating ./config.status

## ---------------------- ##
## Running config.status. ##
## ---------------------- ##

This file was extended by Img config.status 1.4.1, which was
generated by GNU Autoconf 2.59.  Invocation command line was

  CONFIG_FILES    = 
  CONFIG_HEADERS  = 
  CONFIG_LINKS    = 
  CONFIG_COMMANDS = 
  $ ./config.status 

on acer

config.status:706: creating Makefile

## ---------------- ##
## Cache variables. ##
## ---------------- ##

ac_cv_c_bigendian=no
ac_cv_c_compiler_gnu=yes
ac_cv_c_tclconfig=/home/jan/workspace/tcl8.6/unix
ac_cv_c_tclh=/home/jan/workspace/tcl8.6/generic
ac_cv_c_tkconfig=/home/jan/workspace/tk8.6/unix
ac_cv_c_tkh=/home/jan/workspace/tk8.6/generic
ac_cv_env_CC_set=
ac_cv_env_CC_value=
ac_cv_env_CFLAGS_set=
ac_cv_env_CFLAGS_value=
ac_cv_env_CPPFLAGS_set=
ac_cv_env_CPPFLAGS_value=
ac_cv_env_CPP_set=
ac_cv_env_CPP_value=
ac_cv_env_LDFLAGS_set=
ac_cv_env_LDFLAGS_value=
ac_cv_env_build_alias_set=
ac_cv_env_build_alias_value=
ac_cv_env_host_alias_set=
ac_cv_env_host_alias_value=
ac_cv_env_target_alias_set=
ac_cv_env_target_alias_value=
ac_cv_exeext=
ac_cv_func_connect=yes
ac_cv_func_gethostbyname=yes
ac_cv_func_sin=no
ac_cv_have_x=have_x=no
ac_cv_header_dlfcn_h=yes
ac_cv_header_errno_h=yes
ac_cv_header_float_h=yes
ac_cv_header_inttypes_h=yes
ac_cv_header_limits_h=yes
ac_cv_header_memory_h=yes
ac_cv_header_net_errno_h=no
ac_cv_header_stdc=yes
ac_cv_header_stdint_h=yes
ac_cv_header_stdlib_h=yes
ac_cv_header_string_h=yes
ac_cv_header_strings_h=yes
ac_cv_header_sys_param_h=yes
ac_cv_header_sys_stat_h=yes
ac_cv_header_sys_types_h=yes
ac_cv_header_sys_wait_h=yes
ac_cv_header_unistd_h=yes
ac_cv_header_values_h=yes
ac_cv_lib_Xwindow_XCreateWindow=no
ac_cv_lib_ieee_main=yes
ac_cv_lib_inet_main=no
ac_cv_lib_pthread_pthread_mutex_init=yes
ac_cv_objext=o
ac_cv_path_install='/usr/bin/install -c'
ac_cv_prog_CPP='gcc -E'
ac_cv_prog_ac_ct_AR=ar
ac_cv_prog_ac_ct_CC=gcc
ac_cv_prog_ac_ct_RANLIB=ranlib
ac_cv_prog_cc_g=yes
ac_cv_prog_cc_stdc=
ac_cv_prog_egrep='grep -E'
ac_cv_prog_make_make_set=yes
tcl_cv_cast_to_union=yes
tcl_cv_cc_pipe=yes
tcl_cv_cc_visibility_hidden=yes
tcl_cv_dirent_h=yes
tcl_cv_eh_disposition=no
tcl_cv_flag__isoc99_source=no
tcl_cv_flag__largefile64_source=yes
tcl_cv_flag__largefile_source64=no
tcl_cv_seh=no
tcl_cv_sys_version=Linux-3.8.0-19-generic
tcl_cv_type_64bit=none
tcl_cv_winnt_ignore_void=no

## ----------------- ##
## Output variables. ##
## ----------------- ##

AR='ar'
CC='gcc'
CELIB_DIR=''
CFLAGS='-g -O2 -pipe '
CFLAGS_DEBUG='-g'
CFLAGS_DEFAULT='${CFLAGS_OPTIMIZE}'
CFLAGS_OPTIMIZE='-O2 -fomit-frame-pointer'
CFLAGS_WARNING='-Wall -Wwrite-strings'
CLEANFILES=''
CPP='gcc -E'
CPPFLAGS=''
CYGPATH='echo'
DEFS='-DPACKAGE_NAME=\"Img\" -DPACKAGE_TARNAME=\"img\" -DPACKAGE_VERSION=\"1.4.1\" -DPACKAGE_STRING=\"Img\ 1.4.1\" -DPACKAGE_BUGREPORT=\"\" -DBUILD_Img= -DSTDC_HEADERS=1 -DHAVE_SYS_TYPES_H=1 -DHAVE_SYS_STAT_H=1 -DHAVE_STDLIB_H=1 -DHAVE_STRING_H=1 -DHAVE_MEMORY_H=1 -DHAVE_STRINGS_H=1 -DHAVE_INTTYPES_H=1 -DHAVE_STDINT_H=1 -DHAVE_UNISTD_H=1 -DHAVE_LIMITS_H=1 -DHAVE_SYS_PARAM_H=1 -DUSE_THREAD_ALLOC=1 -D_REENTRANT=1 -D_THREAD_SAFE=1 -DTCL_THREADS=1 -DMODULE_SCOPE=extern\ __attribute__\(\(__visibility__\(\"hidden\"\)\)\) -DHAVE_NO_SEH=1 -DEXCEPTION_DISPOSITION=int -DHAVE_CAST_TO_UNION=1 -D_LARGEFILE64_SOURCE=1 -DTCL_WIDE_INT_IS_LONG=1 '
ECHO_C=''
ECHO_N='-n'
ECHO_T=''
EGREP='grep -E'
EXEEXT=''
INSTALL_DATA='${INSTALL} -m 644'
INSTALL_PROGRAM='${INSTALL}'
INSTALL_SCRIPT='${INSTALL}'
LDFLAGS=' -Wl,--export-dynamic '
LDFLAGS_DEFAULT=' -Wl,--export-dynamic '
LD_LIBRARY_PATH_VAR='LD_LIBRARY_PATH'
LIBOBJS=''
LIBS=''
LTLIBOBJS=''
MATH_LIBS='-lieee -lm'
OBJEXT='o'
PACKAGE_BUGREPORT=''
PACKAGE_NAME='Img'
PACKAGE_STRING='Img 1.4.1'
PACKAGE_TARNAME='img'
PACKAGE_VERSION='1.4.1'
PATH_SEPARATOR=':'
PKG_CFLAGS=''
PKG_HEADERS=''
PKG_INCLUDES=''
PKG_LIBS=' -lX11'
PKG_LIB_FILE=''
PKG_STUB_LIB_FILE=''
PKG_STUB_OBJECTS=''
PKG_STUB_SOURCES=''
PKG_TCL_SOURCES=''
RANLIB='ranlib'
RC=''
SET_MAKE=''
SHARED_BUILD='1'
SHELL='/bin/bash'
SHLIB_CFLAGS='-fPIC'
SHLIB_LD='${CC} -shared ${CFLAGS} ${LDFLAGS_DEFAULT}'
SHLIB_LD_LIBS='${LIBS}'
STLIB_LD='${AR} cr'
TCL_BIN_DIR='/home/jan/workspace/tcl8.6/unix'
TCL_DBGX=''
TCL_DEFS='-DPACKAGE_NAME=\"tcl\" -DPACKAGE_TARNAME=\"tcl\" -DPACKAGE_VERSION=\"8.6\" -DPACKAGE_STRING=\"tcl\ 8.6\" -DPACKAGE_BUGREPORT=\"\" -DSTDC_HEADERS=1 -DHAVE_SYS_TYPES_H=1 -DHAVE_SYS_STAT_H=1 -DHAVE_STDLIB_H=1 -DHAVE_STRING_H=1 -DHAVE_MEMORY_H=1 -DHAVE_STRINGS_H=1 -DHAVE_INTTYPES_H=1 -DHAVE_STDINT_H=1 -DHAVE_UNISTD_H=1 -DHAVE_LIMITS_H=1 -DHAVE_SYS_PARAM_H=1 -DUSE_THREAD_ALLOC=1 -D_REENTRANT=1 -D_THREAD_SAFE=1 -DTCL_THREADS=1 -DTCL_CFGVAL_ENCODING=\"iso8859-1\" -DHAVE_ZLIB=1 -DMODULE_SCOPE=extern -DHAVE_CAST_TO_UNION=1 -DTCL_SHLIB_EXT=\".so\" -DNDEBUG=1 -DTCL_CFG_OPTIMIZED=1 -DTCL_TOMMATH=1 -DMP_PREC=4 -D_LARGEFILE64_SOURCE=1 -DTCL_WIDE_INT_IS_LONG=1 -DHAVE_GETCWD=1 -DHAVE_MKSTEMP=1 -DHAVE_OPENDIR=1 -DHAVE_STRTOL=1 -DHAVE_WAITPID=1 -DHAVE_GETNAMEINFO=1 -DHAVE_GETADDRINFO=1 -DHAVE_FREEADDRINFO=1 -DHAVE_GAI_STRERROR=1 -DHAVE_STRUCT_ADDRINFO=1 -DHAVE_STRUCT_IN6_ADDR=1 -DHAVE_STRUCT_SOCKADDR_IN6=1 -DHAVE_STRUCT_SOCKADDR_STORAGE=1 -DHAVE_GETPWUID_R_5=1 -DHAVE_GETPWUID_R=1 -DHAVE_GETPWNAM_R_5=1 -DHAVE_GETPWNAM_R=1 -DHAVE_GETGRGID_R_5=1 -DHAVE_GETGRGID_R=1 -DHAVE_GETGRNAM_R_5=1 -DHAVE_GETGRNAM_R=1 -DHAVE_GETHOSTBYNAME_R_6=1 -DHAVE_GETHOSTBYNAME_R=1 -DHAVE_GETHOSTBYADDR_R_8=1 -DHAVE_GETHOSTBYADDR_R=1 -DHAVE_TERMIOS_H=1 -DHAVE_SYS_IOCTL_H=1 -DHAVE_SYS_TIME_H=1 -DTIME_WITH_SYS_TIME=1 -DHAVE_GMTIME_R=1 -DHAVE_LOCALTIME_R=1 -DHAVE_MKTIME=1 -DHAVE_TM_GMTOFF=1 -DHAVE_TIMEZONE_VAR=1 -DHAVE_STRUCT_STAT_ST_BLOCKS=1 -DHAVE_STRUCT_STAT_ST_BLKSIZE=1 -DHAVE_BLKCNT_T=1 -DHAVE_INTPTR_T=1 -DHAVE_UINTPTR_T=1 -DHAVE_SIGNED_CHAR=1 -DHAVE_LANGINFO=1 -DHAVE_MKSTEMPS=1 -DHAVE_FTS=1 -DHAVE_SYS_IOCTL_H=1 -DTCL_UNLOAD_DLLS=1 -DHAVE_CPUID=1 '
TCL_EXTRA_CFLAGS=' -pipe -fvisibility=hidden '
TCL_INCLUDES='-I"/home/jan/workspace/tcl8.6/generic"'
TCL_LD_FLAGS=' -Wl,--export-dynamic '
TCL_LIBS='${DL_LIBS} ${LIBS} ${MATH_LIBS}'
TCL_LIB_FILE='libtcl8.6.so'
TCL_LIB_FLAG='-ltcl8.6'
TCL_LIB_SPEC='-L/home/jan/workspace/tcl8.6/unix -ltcl8.6'
TCL_PATCH_LEVEL='.0'
TCL_SHLIB_LD_LIBS='${LIBS}'
TCL_SRC_DIR='/home/jan/workspace/tcl8.6'
TCL_STUB_LIB_FILE='libtclstub8.6.a'
TCL_STUB_LIB_FLAG='-ltclstub8.6'
TCL_STUB_LIB_SPEC='-L/home/jan/workspace/tcl8.6/unix -ltclstub8.6'
TCL_THREADS='1'
TCL_TOP_DIR_NATIVE=''
TCL_VERSION='8.6'
TK_BIN_DIR='/home/jan/workspace/tk8.6/unix'
TK_INCLUDES='-I"/home/jan/workspace/tk8.6/generic"'
TK_LIBS='-lX11 -lXss -lXext   -lpthread -ldl -lz  -lpthread -lieee -lm'
TK_LIB_FILE='libtk8.6.so'
TK_LIB_FLAG='-ltk8.6'
TK_LIB_SPEC='-L/home/jan/workspace/tk8.6/unix -ltk8.6'
TK_SRC_DIR='/home/jan/workspace/tk8.6'
TK_STUB_LIB_FILE='libtkstub8.6.a'
TK_STUB_LIB_FLAG='-ltkstub8.6'
TK_STUB_LIB_SPEC='-L/home/jan/workspace/tk8.6/unix -ltkstub8.6'
TK_TOP_DIR_NATIVE=''
TK_VERSION='8.6'
TK_XINCLUDES=''
TK_XLIB_DIR_NATIVE=''
ac_ct_AR='ar'
ac_ct_CC='gcc'
ac_ct_RANLIB='ranlib'
ac_ct_RC=''
bindir='${exec_prefix}/bin'
build_alias=''
datadir='${prefix}/share'
exec_prefix='/usr'
host_alias=''
includedir='${prefix}/include'
infodir='${prefix}/info'
libdir='${exec_prefix}/lib'
libexecdir='${exec_prefix}/libexec'
localstatedir='${prefix}/var'
mandir='${prefix}/man'
oldincludedir='/usr/include'
prefix='/usr'
program_transform_name='s,x,x,'
sbindir='${exec_prefix}/sbin'
sharedstatedir='${prefix}/com'
subdirs=' zlib libpng libtiff libjpeg base bmp gif ico jpeg pcx pixmap png ppm ps sgi sun tga tiff window xbm xpm dted raw'
sysconfdir='${prefix}/etc'
target_alias=''

## ----------- ##
## confdefs.h. ##
## ----------- ##

#define BUILD_Img
#define EXCEPTION_DISPOSITION int
#define HAVE_CAST_TO_UNION 1
#define HAVE_INTTYPES_H 1
#define HAVE_LIMITS_H 1
#define HAVE_MEMORY_H 1
#define HAVE_NO_SEH 1
#define HAVE_STDINT_H 1
#define HAVE_STDLIB_H 1
#define HAVE_STRINGS_H 1
#define HAVE_STRING_H 1
#define HAVE_SYS_PARAM_H 1
#define HAVE_SYS_STAT_H 1
#define HAVE_SYS_TYPES_H 1
#define HAVE_UNISTD_H 1
#define MODULE_SCOPE extern __attribute__((__visibility__("hidden")))
#define PACKAGE_BUGREPORT ""
#define PACKAGE_NAME "Img"
#define PACKAGE_STRING "Img 1.4.1"
#define PACKAGE_TARNAME "img"
#define PACKAGE_VERSION "1.4.1"
#define STDC_HEADERS 1
#define TCL_THREADS 1
#define TCL_WIDE_INT_IS_LONG 1
#define USE_THREAD_ALLOC 1
#define _LARGEFILE64_SOURCE 1
#define _REENTRANT 1
#define _THREAD_SAFE 1

configure: exit 0

## ---------------------- ##
## Running config.status. ##
## ---------------------- ##

This file was extended by Img config.status 1.4.1, which was
generated by GNU Autoconf 2.59.  Invocation command line was

  CONFIG_FILES    = Makefile
  CONFIG_HEADERS  = 
  CONFIG_LINKS    = 
  CONFIG_COMMANDS = 
  $ ./config.status 

on acer

config.status:706: creating Makefile

## ---------------------- ##
## Running config.status. ##
## ---------------------- ##

This file was extended by Img config.status 1.4.1, which was
generated by GNU Autoconf 2.59.  Invocation command line was

  CONFIG_FILES    = Makefile
  CONFIG_HEADERS  = 
  CONFIG_LINKS    = 
  CONFIG_COMMANDS = 
  $ ./config.status 

on acer

config.status:706: creating Makefile

## ---------------------- ##
## Running config.status. ##
## ---------------------- ##

This file was extended by Img config.status 1.4.1, which was
generated by GNU Autoconf 2.59.  Invocation command line was

  CONFIG_FILES    = Makefile
  CONFIG_HEADERS  = 
  CONFIG_LINKS    = 
  CONFIG_COMMANDS = 
  $ ./config.status 

on acer

config.status:706: creating Makefile

## ---------------------- ##
## Running config.status. ##
## ---------------------- ##

This file was extended by Img config.status 1.4.1, which was
generated by GNU Autoconf 2.59.  Invocation command line was

  CONFIG_FILES    = Makefile
  CONFIG_HEADERS  = 
  CONFIG_LINKS    = 
  CONFIG_COMMANDS = 
  $ ./config.status 

on acer

config.status:706: creating Makefile

## ---------------------- ##
## Running config.status. ##
## ---------------------- ##

This file was extended by Img config.status 1.4.1, which was
generated by GNU Autoconf 2.59.  Invocation command line was

  CONFIG_FILES    = Makefile
  CONFIG_HEADERS  = 
  CONFIG_LINKS    = 
  CONFIG_COMMANDS = 
  $ ./config.status 

on acer

config.status:706: creating Makefile

## ---------------------- ##
## Running config.status. ##
## ---------------------- ##

This file was extended by Img config.status 1.4.1, which was
generated by GNU Autoconf 2.59.  Invocation command line was

  CONFIG_FILES    = Makefile
  CONFIG_HEADERS  = 
  CONFIG_LINKS    = 
  CONFIG_COMMANDS = 
  $ ./config.status 

on acer

config.status:706: creating Makefile

## ---------------------- ##
## Running config.status. ##
## ---------------------- ##

This file was extended by Img config.status 1.4.1, which was
generated by GNU Autoconf 2.59.  Invocation command line was

  CONFIG_FILES    = Makefile
  CONFIG_HEADERS  = 
  CONFIG_LINKS    = 
  CONFIG_COMMANDS = 
  $ ./config.status 

on acer

config.status:706: creating Makefile

## ---------------------- ##
## Running config.status. ##
## ---------------------- ##

This file was extended by Img config.status 1.4.1, which was
generated by GNU Autoconf 2.59.  Invocation command line was

  CONFIG_FILES    = Makefile
  CONFIG_HEADERS  = 
  CONFIG_LINKS    = 
  CONFIG_COMMANDS = 
  $ ./config.status 

on acer

config.status:706: creating Makefile

## ---------------------- ##
## Running config.status. ##
## ---------------------- ##

This file was extended by Img config.status 1.4.1, which was
generated by GNU Autoconf 2.59.  Invocation command line was

  CONFIG_FILES    = Makefile
  CONFIG_HEADERS  = 
  CONFIG_LINKS    = 
  CONFIG_COMMANDS = 
  $ ./config.status 

on acer

config.status:706: creating Makefile

## ---------------------- ##
## Running config.status. ##
## ---------------------- ##

This file was extended by Img config.status 1.4.1, which was
generated by GNU Autoconf 2.59.  Invocation command line was

  CONFIG_FILES    = Makefile
  CONFIG_HEADERS  = 
  CONFIG_LINKS    = 
  CONFIG_COMMANDS = 
  $ ./config.status 

on acer

config.status:706: creating Makefile

## ---------------------- ##
## Running config.status. ##
## ---------------------- ##

This file was extended by Img config.status 1.4.1, which was
generated by GNU Autoconf 2.59.  Invocation command line was

  CONFIG_FILES    = Makefile
  CONFIG_HEADERS  = 
  CONFIG_LINKS    = 
  CONFIG_COMMANDS = 
  $ ./config.status 

on acer

config.status:706: creating Makefile

## ---------------------- ##
## Running config.status. ##
## ---------------------- ##

This file was extended by Img config.status 1.4.1, which was
generated by GNU Autoconf 2.59.  Invocation command line was

  CONFIG_FILES    = Makefile
  CONFIG_HEADERS  = 
  CONFIG_LINKS    = 
  CONFIG_COMMANDS = 
  $ ./config.status 

on acer

config.status:706: creating Makefile

## ---------------------- ##
## Running config.status. ##
## ---------------------- ##

This file was extended by Img config.status 1.4.1, which was
generated by GNU Autoconf 2.59.  Invocation command line was

  CONFIG_FILES    = Makefile
  CONFIG_HEADERS  = 
  CONFIG_LINKS    = 
  CONFIG_COMMANDS = 
  $ ./config.status 

on acer

config.status:706: creating Makefile

## ---------------------- ##
## Running config.status. ##
## ---------------------- ##

This file was extended by Img config.status 1.4.1, which was
generated by GNU Autoconf 2.59.  Invocation command line was

  CONFIG_FILES    = Makefile
  CONFIG_HEADERS  = 
  CONFIG_LINKS    = 
  CONFIG_COMMANDS = 
  $ ./config.status 

on acer

config.status:706: creating Makefile

## ---------------------- ##
## Running config.status. ##
## ---------------------- ##

This file was extended by Img config.status 1.4.1, which was
generated by GNU Autoconf 2.59.  Invocation command line was

  CONFIG_FILES    = Makefile
  CONFIG_HEADERS  = 
  CONFIG_LINKS    = 
  CONFIG_COMMANDS = 
  $ ./config.status 

on acer

config.status:706: creating Makefile

## ---------------------- ##
## Running config.status. ##
## ---------------------- ##

This file was extended by Img config.status 1.4.1, which was
generated by GNU Autoconf 2.59.  Invocation command line was

  CONFIG_FILES    = Makefile
  CONFIG_HEADERS  = 
  CONFIG_LINKS    = 
  CONFIG_COMMANDS = 
  $ ./config.status 

on acer

config.status:706: creating Makefile

## ---------------------- ##
## Running config.status. ##
## ---------------------- ##

This file was extended by Img config.status 1.4.1, which was
generated by GNU Autoconf 2.59.  Invocation command line was

  CONFIG_FILES    = Makefile
  CONFIG_HEADERS  = 
  CONFIG_LINKS    = 
  CONFIG_COMMANDS = 
  $ ./config.status 

on acer

config.status:706: creating Makefile

## ---------------------- ##
## Running config.status. ##
## ---------------------- ##

This file was extended by Img config.status 1.4.1, which was
generated by GNU Autoconf 2.59.  Invocation command line was

  CONFIG_FILES    = Makefile
  CONFIG_HEADERS  = 
  CONFIG_LINKS    = 
  CONFIG_COMMANDS = 
  $ ./config.status 

on acer

config.status:706: creating Makefile
