This file contains any messages produced by compilers while
running configure, to aid debugging if configure makes a mistake.

It was created by tkimgjpeg configure 1.4.1, which was
generated by GNU Autoconf 2.59.  Invocation command line was

  $ ./configure --prefix=/usr --cache-file=../config.cache --srcdir=. --with-tkimg=/home/jan/workspace/img/base --with-jpegtcl=/home/jan/workspace/img/libjpeg --disable-option-checking

## --------- ##
## Platform. ##
## --------- ##

hostname = acer
uname -m = x86_64
uname -r = 3.8.0-19-generic
uname -s = Linux
uname -v = #30-Ubuntu SMP Wed May 1 16:35:23 UTC 2013

/usr/bin/uname -p = unknown
/bin/uname -X     = unknown

/bin/arch              = unknown
/usr/bin/arch -k       = unknown
/usr/convex/getsysinfo = unknown
hostinfo               = unknown
/bin/machine           = unknown
/usr/bin/oslevel       = unknown
/bin/universe          = unknown

PATH: /home/jan/bin
PATH: /usr/lib/lightdm/lightdm
PATH: /usr/local/sbin
PATH: /usr/local/bin
PATH: /usr/sbin
PATH: /usr/bin
PATH: /sbin
PATH: /bin
PATH: /usr/games
PATH: /usr/local/games


## ----------- ##
## Core tests. ##
## ----------- ##

configure:1231: loading cache ../config.cache
configure:1333: checking for correct TEA configuration
configure:1352: result: ok (TEA 3.9)
configure:1426: configuring tkimgjpeg 1.4.1
configure:1501: checking for Tcl configuration
configure:1628: result: found /home/jan/workspace/tcl8.6/unix/tclConfig.sh
configure:1679: checking for gcc
configure:1705: result: gcc
configure:1949: checking for C compiler version
configure:1952: gcc --version </dev/null >&5
gcc (Ubuntu/Linaro 4.7.3-1ubuntu1) 4.7.3
Copyright (C) 2012 Free Software Foundation, Inc.
This is free software; see the source for copying conditions.  There is NO
warranty; not even for MERCHANTABILITY or FITNESS FOR A PARTICULAR PURPOSE.

configure:1955: $? = 0
configure:1957: gcc -v </dev/null >&5
Using built-in specs.
COLLECT_GCC=gcc
COLLECT_LTO_WRAPPER=/usr/lib/gcc/x86_64-linux-gnu/4.7/lto-wrapper
Target: x86_64-linux-gnu
Configured with: ../src/configure -v --with-pkgversion='Ubuntu/Linaro 4.7.3-1ubuntu1' --with-bugurl=file:///usr/share/doc/gcc-4.7/README.Bugs --enable-languages=c,c++,go,fortran,objc,obj-c++ --prefix=/usr --program-suffix=-4.7 --enable-shared --enable-linker-build-id --libexecdir=/usr/lib --without-included-gettext --enable-threads=posix --with-gxx-include-dir=/usr/include/c++/4.7 --libdir=/usr/lib --enable-nls --with-sysroot=/ --enable-clocale=gnu --enable-libstdcxx-debug --enable-libstdcxx-time=yes --enable-gnu-unique-object --enable-plugin --with-system-zlib --enable-objc-gc --with-cloog --enable-cloog-backend=ppl --disable-cloog-version-check --disable-ppl-version-check --enable-multiarch --disable-werror --with-arch-32=i686 --with-abi=m64 --with-multilib-list=m32,m64,mx32 --with-tune=generic --enable-checking=release --build=x86_64-linux-gnu --host=x86_64-linux-gnu --target=x86_64-linux-gnu
Thread model: posix
gcc version 4.7.3 (Ubuntu/Linaro 4.7.3-1ubuntu1) 
configure:1960: $? = 0
configure:1962: gcc -V </dev/null >&5
gcc: error: unrecognized command line option '-V'
gcc: fatal error: no input files
compilation terminated.
configure:1965: $? = 4
configure:1988: checking for C compiler default output file name
configure:1991: gcc    conftest.c  >&5
configure:1994: $? = 0
configure:2040: result: a.out
configure:2045: checking whether the C compiler works
configure:2051: ./a.out
configure:2054: $? = 0
configure:2071: result: yes
configure:2078: checking whether we are cross compiling
configure:2080: result: no
configure:2083: checking for suffix of executables
configure:2085: gcc -o conftest    conftest.c  >&5
configure:2088: $? = 0
configure:2113: result: 
configure:2119: checking for suffix of object files
configure:2165: result: o
configure:2169: checking whether we are using the GNU C compiler
configure:2225: result: yes
configure:2231: checking whether gcc accepts -g
configure:2282: result: yes
configure:2299: checking for gcc option to accept ANSI C
configure:2406: result: none needed
configure:2424: gcc -c -g -O2  conftest.c >&5
conftest.c:2:3: error: unknown type name 'choke'
conftest.c:2:3: error: expected '=', ',', ';', 'asm' or '__attribute__' at end of input
configure:2430: $? = 1
configure: failed program was:
| #ifndef __cplusplus
|   choke me
| #endif
configure:2565: checking for existence of /home/jan/workspace/tcl8.6/unix/tclConfig.sh
configure:2569: result: loading
configure:2633: checking platform
configure:2656: gcc -c -g -O2  conftest.c >&5
configure:2662: $? = 0
configure:2666: test -z 
			 || test ! -s conftest.err
configure:2669: $? = 0
configure:2672: test -s conftest.o
configure:2675: $? = 0
configure:2687: result: unix
configure:2728: checking for Tk configuration
configure:2855: result: found /home/jan/workspace/tk8.6/unix/tkConfig.sh
configure:2861: checking for existence of /home/jan/workspace/tk8.6/unix/tkConfig.sh
configure:2865: result: loading
configure:2973: --exec-prefix defaulting to TCL_EXEC_PREFIX /usr
configure:3047: checking for gcc
configure:3073: result: gcc
configure:3317: checking for C compiler version
configure:3320: gcc --version </dev/null >&5
gcc (Ubuntu/Linaro 4.7.3-1ubuntu1) 4.7.3
Copyright (C) 2012 Free Software Foundation, Inc.
This is free software; see the source for copying conditions.  There is NO
warranty; not even for MERCHANTABILITY or FITNESS FOR A PARTICULAR PURPOSE.

configure:3323: $? = 0
configure:3325: gcc -v </dev/null >&5
Using built-in specs.
COLLECT_GCC=gcc
COLLECT_LTO_WRAPPER=/usr/lib/gcc/x86_64-linux-gnu/4.7/lto-wrapper
Target: x86_64-linux-gnu
Configured with: ../src/configure -v --with-pkgversion='Ubuntu/Linaro 4.7.3-1ubuntu1' --with-bugurl=file:///usr/share/doc/gcc-4.7/README.Bugs --enable-languages=c,c++,go,fortran,objc,obj-c++ --prefix=/usr --program-suffix=-4.7 --enable-shared --enable-linker-build-id --libexecdir=/usr/lib --without-included-gettext --enable-threads=posix --with-gxx-include-dir=/usr/include/c++/4.7 --libdir=/usr/lib --enable-nls --with-sysroot=/ --enable-clocale=gnu --enable-libstdcxx-debug --enable-libstdcxx-time=yes --enable-gnu-unique-object --enable-plugin --with-system-zlib --enable-objc-gc --with-cloog --enable-cloog-backend=ppl --disable-cloog-version-check --disable-ppl-version-check --enable-multiarch --disable-werror --with-arch-32=i686 --with-abi=m64 --with-multilib-list=m32,m64,mx32 --with-tune=generic --enable-checking=release --build=x86_64-linux-gnu --host=x86_64-linux-gnu --target=x86_64-linux-gnu
Thread model: posix
gcc version 4.7.3 (Ubuntu/Linaro 4.7.3-1ubuntu1) 
configure:3328: $? = 0
configure:3330: gcc -V </dev/null >&5
gcc: error: unrecognized command line option '-V'
gcc: fatal error: no input files
compilation terminated.
configure:3333: $? = 4
configure:3336: checking whether we are using the GNU C compiler
configure:3392: result: yes
configure:3398: checking whether gcc accepts -g
configure:3449: result: yes
configure:3466: checking for gcc option to accept ANSI C
configure:3573: result: none needed
configure:3591: gcc -c -g -O2  conftest.c >&5
conftest.c:2:3: error: unknown type name 'choke'
conftest.c:2:3: error: expected '=', ',', ';', 'asm' or '__attribute__' at end of input
configure:3597: $? = 1
configure: failed program was:
| #ifndef __cplusplus
|   choke me
| #endif
configure:3735: checking how to run the C preprocessor
configure:3853: result: gcc -E
configure:3877: gcc -E  conftest.c
configure:3883: $? = 0
configure:3915: gcc -E  conftest.c
conftest.c:10:28: fatal error: ac_nonexistent.h: No such file or directory
compilation terminated.
configure:3921: $? = 1
configure: failed program was:
| /* confdefs.h.  */
| 
| #define PACKAGE_NAME "tkimgjpeg"
| #define PACKAGE_TARNAME "tkimgjpeg"
| #define PACKAGE_VERSION "1.4.1"
| #define PACKAGE_STRING "tkimgjpeg 1.4.1"
| #define PACKAGE_BUGREPORT ""
| #define BUILD_tkimgjpeg
| /* end confdefs.h.  */
| #include <ac_nonexistent.h>
configure:3978: checking for a BSD-compatible install
configure:4033: result: /usr/bin/install -c
configure:4049: checking whether make sets $(MAKE)
configure:4069: result: yes
configure:4124: checking for ranlib
configure:4150: result: ranlib
configure:4171: checking for egrep
configure:4181: result: grep -E
configure:4186: checking for ANSI C header files
configure:4342: result: yes
configure:4366: checking for sys/types.h
configure:4412: result: yes
configure:4366: checking for sys/stat.h
configure:4412: result: yes
configure:4366: checking for stdlib.h
configure:4412: result: yes
configure:4366: checking for string.h
configure:4412: result: yes
configure:4366: checking for memory.h
configure:4412: result: yes
configure:4366: checking for strings.h
configure:4412: result: yes
configure:4366: checking for inttypes.h
configure:4412: result: yes
configure:4366: checking for stdint.h
configure:4412: result: yes
configure:4366: checking for unistd.h
configure:4412: result: yes
configure:4434: checking if the compiler understands -pipe
configure:4488: result: yes
configure:4499: checking whether byte ordering is bigendian
configure:4710: result: no
configure:4738: checking for sin
configure:4826: result: no
configure:4834: checking for main in -lieee
configure:4890: result: yes
configure:4902: checking for main in -linet
configure:4958: result: no
configure:4965: checking for net/errno.h
configure:4970: result: no
configure:5131: checking for connect
configure:5219: result: yes
configure:5494: checking for gethostbyname
configure:5582: result: yes
configure:5666: checking dirent.h
configure:5738: result: yes
configure:5751: checking for errno.h
configure:5756: result: yes
configure:5899: checking for float.h
configure:5904: result: yes
configure:6047: checking for values.h
configure:6052: result: yes
configure:6195: checking for limits.h
configure:6200: result: yes
configure:6347: checking for stdlib.h
configure:6352: result: yes
configure:6549: checking for string.h
configure:6554: result: yes
configure:6739: checking for sys/wait.h
configure:6744: result: yes
configure:6887: checking for dlfcn.h
configure:6892: result: yes
configure:7041: checking for sys/param.h
configure:7046: result: yes
configure:7210: checking for tkimg configuration
configure:7299: result: found /home/jan/workspace/img/base/tkimgConfig.sh
configure:7305: checking for existence of /home/jan/workspace/img/base/tkimgConfig.sh
configure:7309: result: loading
configure:7327: WARNING: Found Makefile - using build library specs for tkimg
configure:7398: checking For tkimg_STUB library for LIBS
configure:7431: result: using tkimg_STUB_LIB_SPEC -L/home/jan/workspace/img/base -ltkimgstub1.4.1
configure:7462: checking for jpegtcl configuration
configure:7551: result: found /home/jan/workspace/img/libjpeg/jpegtclConfig.sh
configure:7557: checking for existence of /home/jan/workspace/img/libjpeg/jpegtclConfig.sh
configure:7561: result: loading
configure:7579: WARNING: Found Makefile - using build library specs for jpegtcl
configure:7650: checking For jpegtcl_STUB library for LIBS
configure:7683: result: using jpegtcl_STUB_LIB_SPEC -L/home/jan/workspace/img/libjpeg -ljpegtclstub8.3
configure:7913: checking for Tcl public headers
configure:7988: result: /home/jan/workspace/tcl8.6/generic
configure:8001: checking for Tk public headers
configure:8079: result: /home/jan/workspace/tk8.6/generic
configure:8175: checking for pthread_mutex_init in -lpthread
configure:8237: result: yes
configure:8558: checking for building with threads
configure:8566: result: yes (default)
configure:8607: checking how to build libraries
configure:8625: result: shared
configure:8688: checking for ranlib
configure:8715: result: ranlib
configure:8732: checking if 64bit support is requested
configure:8741: result: no
configure:8746: checking if 64bit Sparc VIS support is requested
configure:8755: result: no
configure:8766: checking if compiler supports visibility "hidden"
configure:8823: result: yes
configure:8838: checking if rpath support is requested
configure:8847: result: yes
configure:8873: checking system version
configure:8896: result: Linux-3.8.0-19-generic
configure:8975: checking for ar
configure:9001: result: ar
configure:11001: checking for SEH support in compiler
configure:11056: result: no
configure:11072: checking for EXCEPTION_DISPOSITION support in include files
configure:11130: result: no
configure:11144: checking for winnt.h that ignores VOID define
configure:11205: result: no
configure:11219: checking for cast to union support
configure:11274: result: yes
configure:11300: checking for required early compiler flags
configure:11622: result:  _LARGEFILE64_SOURCE
configure:11627: checking for 64-bit integer type
configure:11737: result: using long
configure:12062: checking for build with symbols
configure:12075: result: no
configure:12120: checking for X
configure:12340: result: no
configure:12398: checking for X11 header files
configure:12409: gcc -E  conftest.c
conftest.c:32:27: fatal error: X11/Intrinsic.h: No such file or directory
compilation terminated.
configure:12415: $? = 1
configure: failed program was:
| /* confdefs.h.  */
| 
| #define PACKAGE_NAME "tkimgjpeg"
| #define PACKAGE_TARNAME "tkimgjpeg"
| #define PACKAGE_VERSION "1.4.1"
| #define PACKAGE_STRING "tkimgjpeg 1.4.1"
| #define PACKAGE_BUGREPORT ""
| #define BUILD_tkimgjpeg
| #define STDC_HEADERS 1
| #define HAVE_SYS_TYPES_H 1
| #define HAVE_SYS_STAT_H 1
| #define HAVE_STDLIB_H 1
| #define HAVE_STRING_H 1
| #define HAVE_MEMORY_H 1
| #define HAVE_STRINGS_H 1
| #define HAVE_INTTYPES_H 1
| #define HAVE_STDINT_H 1
| #define HAVE_UNISTD_H 1
| #define HAVE_LIMITS_H 1
| #define HAVE_SYS_PARAM_H 1
| #define USE_THREAD_ALLOC 1
| #define _REENTRANT 1
| #define _THREAD_SAFE 1
| #define TCL_THREADS 1
| #define MODULE_SCOPE extern __attribute__((__visibility__("hidden")))
| #define HAVE_NO_SEH 1
| #define EXCEPTION_DISPOSITION int
| #define HAVE_CAST_TO_UNION 1
| #define _LARGEFILE64_SOURCE 1
| #define TCL_WIDE_INT_IS_LONG 1
| /* end confdefs.h.  */
| #include <X11/Intrinsic.h>
configure:12454: result: couldn't find any!
configure:12459: checking for X11 libraries
configure:12480: checking for XCreateWindow in -lXwindow
configure:12542: result: no
configure:12550: result: could not find any!  Using -lX11.
configure:12748: checking for tclsh
configure:12775: result: /home/jan/workspace/tcl8.6/unix/tclsh
configure:12780: checking for wish
configure:12807: result: /home/jan/workspace/tk8.6/unix/wish
configure:12946: creating ./config.status

## ---------------------- ##
## Running config.status. ##
## ---------------------- ##

This file was extended by tkimgjpeg config.status 1.4.1, which was
generated by GNU Autoconf 2.59.  Invocation command line was

  CONFIG_FILES    = 
  CONFIG_HEADERS  = 
  CONFIG_LINKS    = 
  CONFIG_COMMANDS = 
  $ ./config.status 

on acer

config.status:734: creating Makefile

## ---------------- ##
## Cache variables. ##
## ---------------- ##

ac_cv_c_bigendian=no
ac_cv_c_compiler_gnu=yes
ac_cv_c_jpegtclconfig=/home/jan/workspace/img/libjpeg
ac_cv_c_tclconfig=/home/jan/workspace/tcl8.6/unix
ac_cv_c_tclh=/home/jan/workspace/tcl8.6/generic
ac_cv_c_tkconfig=/home/jan/workspace/tk8.6/unix
ac_cv_c_tkh=/home/jan/workspace/tk8.6/generic
ac_cv_c_tkimgconfig=/home/jan/workspace/img/base
ac_cv_c_zlibtclconfig=/home/jan/workspace/img/zlib
ac_cv_env_CC_set=
ac_cv_env_CC_value=
ac_cv_env_CFLAGS_set=
ac_cv_env_CFLAGS_value=
ac_cv_env_CPPFLAGS_set=
ac_cv_env_CPPFLAGS_value=
ac_cv_env_CPP_set=
ac_cv_env_CPP_value=
ac_cv_env_LDFLAGS_set=
ac_cv_env_LDFLAGS_value=
ac_cv_env_build_alias_set=
ac_cv_env_build_alias_value=
ac_cv_env_host_alias_set=
ac_cv_env_host_alias_value=
ac_cv_env_target_alias_set=
ac_cv_env_target_alias_value=
ac_cv_exeext=
ac_cv_func_connect=yes
ac_cv_func_gethostbyname=yes
ac_cv_func_sin=no
ac_cv_have_x=have_x=no
ac_cv_header_dlfcn_h=yes
ac_cv_header_errno_h=yes
ac_cv_header_float_h=yes
ac_cv_header_inttypes_h=yes
ac_cv_header_limits_h=yes
ac_cv_header_memory_h=yes
ac_cv_header_net_errno_h=no
ac_cv_header_stdc=yes
ac_cv_header_stdint_h=yes
ac_cv_header_stdlib_h=yes
ac_cv_header_string_h=yes
ac_cv_header_strings_h=yes
ac_cv_header_sys_param_h=yes
ac_cv_header_sys_stat_h=yes
ac_cv_header_sys_types_h=yes
ac_cv_header_sys_wait_h=yes
ac_cv_header_unistd_h=yes
ac_cv_header_values_h=yes
ac_cv_lib_Xwindow_XCreateWindow=no
ac_cv_lib_ieee_main=yes
ac_cv_lib_inet_main=no
ac_cv_lib_pthread_pthread_mutex_init=yes
ac_cv_objext=o
ac_cv_path_install='/usr/bin/install -c'
ac_cv_prog_CPP='gcc -E'
ac_cv_prog_ac_ct_AR=ar
ac_cv_prog_ac_ct_CC=gcc
ac_cv_prog_ac_ct_RANLIB=ranlib
ac_cv_prog_cc_g=yes
ac_cv_prog_cc_stdc=
ac_cv_prog_egrep='grep -E'
ac_cv_prog_make_make_set=yes
tcl_cv_cast_to_union=yes
tcl_cv_cc_pipe=yes
tcl_cv_cc_visibility_hidden=yes
tcl_cv_dirent_h=yes
tcl_cv_eh_disposition=no
tcl_cv_flag__isoc99_source=no
tcl_cv_flag__largefile64_source=yes
tcl_cv_flag__largefile_source64=no
tcl_cv_seh=no
tcl_cv_sys_version=Linux-3.8.0-19-generic
tcl_cv_type_64bit=none
tcl_cv_winnt_ignore_void=no

## ----------------- ##
## Output variables. ##
## ----------------- ##

AR='ar'
CC='gcc'
CELIB_DIR=''
CFLAGS='-g -O2 -pipe ${CFLAGS_DEFAULT} ${CFLAGS_WARNING} ${SHLIB_CFLAGS} '
CFLAGS_DEBUG='-g'
CFLAGS_DEFAULT='${CFLAGS_OPTIMIZE}'
CFLAGS_OPTIMIZE='-O2 -fomit-frame-pointer'
CFLAGS_WARNING='-Wall -Wwrite-strings'
CLEANFILES='init.c'
CPP='gcc -E'
CPPFLAGS=''
CYGPATH='echo'
DEFS='-DPACKAGE_NAME=\"tkimgjpeg\" -DPACKAGE_TARNAME=\"tkimgjpeg\" -DPACKAGE_VERSION=\"1.4.1\" -DPACKAGE_STRING=\"tkimgjpeg\ 1.4.1\" -DPACKAGE_BUGREPORT=\"\" -DBUILD_tkimgjpeg= -DSTDC_HEADERS=1 -DHAVE_SYS_TYPES_H=1 -DHAVE_SYS_STAT_H=1 -DHAVE_STDLIB_H=1 -DHAVE_STRING_H=1 -DHAVE_MEMORY_H=1 -DHAVE_STRINGS_H=1 -DHAVE_INTTYPES_H=1 -DHAVE_STDINT_H=1 -DHAVE_UNISTD_H=1 -DHAVE_LIMITS_H=1 -DHAVE_SYS_PARAM_H=1 -DUSE_THREAD_ALLOC=1 -D_REENTRANT=1 -D_THREAD_SAFE=1 -DTCL_THREADS=1 -DMODULE_SCOPE=extern\ __attribute__\(\(__visibility__\(\"hidden\"\)\)\) -DHAVE_NO_SEH=1 -DEXCEPTION_DISPOSITION=int -DHAVE_CAST_TO_UNION=1 -D_LARGEFILE64_SOURCE=1 -DTCL_WIDE_INT_IS_LONG=1 -DUSE_TCL_STUBS=1 -DUSE_TK_STUBS=1 '
ECHO_C=''
ECHO_N='-n'
ECHO_T=''
EGREP='grep -E'
EXEEXT=''
INSTALL_DATA='${INSTALL} -m 644'
INSTALL_PROGRAM='${INSTALL}'
INSTALL_SCRIPT='${INSTALL}'
LDFLAGS=' -Wl,--export-dynamic '
LDFLAGS_DEFAULT=' -Wl,--export-dynamic '
LD_LIBRARY_PATH_VAR='LD_LIBRARY_PATH'
LIBOBJS=''
LIBS=''
LTLIBOBJS=''
MAKE_LIB='${SHLIB_LD} -o $@ $(PKG_OBJECTS) ${SHLIB_LD_LIBS} '
MAKE_SHARED_LIB='${SHLIB_LD} -o $@ $(PKG_OBJECTS) ${SHLIB_LD_LIBS}'
MAKE_STATIC_LIB='${STLIB_LD} $@ $(PKG_OBJECTS)'
MAKE_STUB_LIB='${STLIB_LD} $@ $(PKG_STUB_OBJECTS)'
MATH_LIBS='-lieee -lm'
OBJEXT='o'
PACKAGE_BUGREPORT=''
PACKAGE_NAME='tkimgjpeg'
PACKAGE_STRING='tkimgjpeg 1.4.1'
PACKAGE_TARNAME='tkimgjpeg'
PACKAGE_TCLNAME='img::jpeg'
PACKAGE_VERSION='1.4.1'
PATH_SEPARATOR=':'
PKG_CFLAGS=' -DTKIMG_VERSION=\"${tkimg_VERSION}\" -DJPEGTCL_VERSION=\"${jpegtcl_VERSION}\"'
PKG_HEADERS=''
PKG_INCLUDES=' -I"/home/jan/workspace/img/base/." -I"/home/jan/workspace/img/libjpeg/." -I"/home/jan/workspace/img/libjpeg/libjpeg" -I.'
PKG_LIBS=' -L/home/jan/workspace/img/base -ltkimgstub1.4.1 -L/home/jan/workspace/img/libjpeg -ljpegtclstub8.3 -lX11 -L/home/jan/workspace/img/base -ltkimgstub1.4.1 -L/home/jan/workspace/img/libjpeg -ljpegtclstub8.3'
PKG_LIB_FILE='libtkimgjpeg1.4.1.so'
PKG_OBJECTS=' jpeg.o'
PKG_SOURCES=' jpeg.c'
PKG_STUB_LIB_FILE='libtkimgjpegstub1.4.1.a'
PKG_STUB_OBJECTS=''
PKG_STUB_SOURCES=''
PKG_TCL_SOURCES=''
RANLIB=':'
RANLIB_STUB='ranlib'
RC=''
SET_MAKE=''
SHARED_BUILD='1'
SHELL='/bin/bash'
SHLIB_CFLAGS='-fPIC'
SHLIB_LD='${CC} -shared ${CFLAGS} ${LDFLAGS_DEFAULT}'
SHLIB_LD_LIBS='${LIBS} -L/home/jan/workspace/tcl8.6/unix -ltclstub8.6 -L/home/jan/workspace/tk8.6/unix -ltkstub8.6'
STLIB_LD='${AR} cr'
TCLSH_PROG='/home/jan/workspace/tcl8.6/unix/tclsh'
TCL_BIN_DIR='/home/jan/workspace/tcl8.6/unix'
TCL_DBGX=''
TCL_DEFS='-DPACKAGE_NAME=\"tcl\" -DPACKAGE_TARNAME=\"tcl\" -DPACKAGE_VERSION=\"8.6\" -DPACKAGE_STRING=\"tcl\ 8.6\" -DPACKAGE_BUGREPORT=\"\" -DSTDC_HEADERS=1 -DHAVE_SYS_TYPES_H=1 -DHAVE_SYS_STAT_H=1 -DHAVE_STDLIB_H=1 -DHAVE_STRING_H=1 -DHAVE_MEMORY_H=1 -DHAVE_STRINGS_H=1 -DHAVE_INTTYPES_H=1 -DHAVE_STDINT_H=1 -DHAVE_UNISTD_H=1 -DHAVE_LIMITS_H=1 -DHAVE_SYS_PARAM_H=1 -DUSE_THREAD_ALLOC=1 -D_REENTRANT=1 -D_THREAD_SAFE=1 -DTCL_THREADS=1 -DTCL_CFGVAL_ENCODING=\"iso8859-1\" -DHAVE_ZLIB=1 -DMODULE_SCOPE=extern -DHAVE_CAST_TO_UNION=1 -DTCL_SHLIB_EXT=\".so\" -DNDEBUG=1 -DTCL_CFG_OPTIMIZED=1 -DTCL_TOMMATH=1 -DMP_PREC=4 -D_LARGEFILE64_SOURCE=1 -DTCL_WIDE_INT_IS_LONG=1 -DHAVE_GETCWD=1 -DHAVE_MKSTEMP=1 -DHAVE_OPENDIR=1 -DHAVE_STRTOL=1 -DHAVE_WAITPID=1 -DHAVE_GETNAMEINFO=1 -DHAVE_GETADDRINFO=1 -DHAVE_FREEADDRINFO=1 -DHAVE_GAI_STRERROR=1 -DHAVE_STRUCT_ADDRINFO=1 -DHAVE_STRUCT_IN6_ADDR=1 -DHAVE_STRUCT_SOCKADDR_IN6=1 -DHAVE_STRUCT_SOCKADDR_STORAGE=1 -DHAVE_GETPWUID_R_5=1 -DHAVE_GETPWUID_R=1 -DHAVE_GETPWNAM_R_5=1 -DHAVE_GETPWNAM_R=1 -DHAVE_GETGRGID_R_5=1 -DHAVE_GETGRGID_R=1 -DHAVE_GETGRNAM_R_5=1 -DHAVE_GETGRNAM_R=1 -DHAVE_GETHOSTBYNAME_R_6=1 -DHAVE_GETHOSTBYNAME_R=1 -DHAVE_GETHOSTBYADDR_R_8=1 -DHAVE_GETHOSTBYADDR_R=1 -DHAVE_TERMIOS_H=1 -DHAVE_SYS_IOCTL_H=1 -DHAVE_SYS_TIME_H=1 -DTIME_WITH_SYS_TIME=1 -DHAVE_GMTIME_R=1 -DHAVE_LOCALTIME_R=1 -DHAVE_MKTIME=1 -DHAVE_TM_GMTOFF=1 -DHAVE_TIMEZONE_VAR=1 -DHAVE_STRUCT_STAT_ST_BLOCKS=1 -DHAVE_STRUCT_STAT_ST_BLKSIZE=1 -DHAVE_BLKCNT_T=1 -DHAVE_INTPTR_T=1 -DHAVE_UINTPTR_T=1 -DHAVE_SIGNED_CHAR=1 -DHAVE_LANGINFO=1 -DHAVE_MKSTEMPS=1 -DHAVE_FTS=1 -DHAVE_SYS_IOCTL_H=1 -DTCL_UNLOAD_DLLS=1 -DHAVE_CPUID=1 '
TCL_EXTRA_CFLAGS=' -pipe -fvisibility=hidden '
TCL_INCLUDES='-I"/home/jan/workspace/tcl8.6/generic"'
TCL_LD_FLAGS=' -Wl,--export-dynamic '
TCL_LIBS='${DL_LIBS} ${LIBS} ${MATH_LIBS}'
TCL_LIB_FILE='libtcl8.6.so'
TCL_LIB_FLAG='-ltcl8.6'
TCL_LIB_SPEC='-L/home/jan/workspace/tcl8.6/unix -ltcl8.6'
TCL_PATCH_LEVEL='.0'
TCL_SHLIB_LD_LIBS='${LIBS}'
TCL_SRC_DIR='/home/jan/workspace/tcl8.6'
TCL_STUB_LIB_FILE='libtclstub8.6.a'
TCL_STUB_LIB_FLAG='-ltclstub8.6'
TCL_STUB_LIB_SPEC='-L/home/jan/workspace/tcl8.6/unix -ltclstub8.6'
TCL_THREADS='1'
TCL_VERSION='8.6'
TK_BIN_DIR='/home/jan/workspace/tk8.6/unix'
TK_INCLUDES='-I"/home/jan/workspace/tk8.6/generic"'
TK_LIBS='-lX11 -lXss -lXext   -lpthread -ldl -lz  -lpthread -lieee -lm'
TK_LIB_FILE='libtk8.6.so'
TK_LIB_FLAG='-ltk8.6'
TK_LIB_SPEC='-L/home/jan/workspace/tk8.6/unix -ltk8.6'
TK_SRC_DIR='/home/jan/workspace/tk8.6'
TK_STUB_LIB_FILE='libtkstub8.6.a'
TK_STUB_LIB_FLAG='-ltkstub8.6'
TK_STUB_LIB_SPEC='-L/home/jan/workspace/tk8.6/unix -ltkstub8.6'
TK_VERSION='8.6'
TK_XINCLUDES=''
VC_MANIFEST_EMBED_DLL=''
VC_MANIFEST_EMBED_EXE=''
WISH_PROG='/home/jan/workspace/tk8.6/unix/wish'
ac_ct_AR='ar'
ac_ct_CC='gcc'
ac_ct_RANLIB='ranlib'
ac_ct_RC=''
bindir='${exec_prefix}/bin'
build_alias=''
datadir='${prefix}/share'
exec_prefix='/usr'
host_alias=''
includedir='${prefix}/include'
infodir='${prefix}/info'
jpegtcl_BIN_DIR='/home/jan/workspace/img/libjpeg'
jpegtcl_BUILD_PATH='/home/jan/workspace/img/libjpeg'
jpegtcl_LIB_FILE='libjpegtcl8.3.so'
jpegtcl_LIB_SPEC='-L/home/jan/workspace/img/libjpeg -ljpegtcl8.3'
jpegtcl_SRC_DIR='.'
jpegtcl_SRC_PATH='/home/jan/workspace/img/libjpeg/.'
jpegtcl_STUB_LIB_FILE='libjpegtclstub8.3.a'
jpegtcl_STUB_LIB_PATH='/home/jan/workspace/img/libjpeg/libjpegtclstub8.3.a'
jpegtcl_STUB_LIB_SPEC='-L/home/jan/workspace/img/libjpeg -ljpegtclstub8.3'
jpegtcl_VERSION='8.3'
libdir='${exec_prefix}/lib'
libexecdir='${exec_prefix}/libexec'
localstatedir='${prefix}/var'
mandir='${prefix}/man'
oldincludedir='/usr/include'
prefix='/usr'
program_transform_name='s,x,x,'
sbindir='${exec_prefix}/sbin'
sharedstatedir='${prefix}/com'
sysconfdir='${prefix}/etc'
target_alias=''
tkimg_BIN_DIR='/home/jan/workspace/img/base'
tkimg_BUILD_PATH='/home/jan/workspace/img/base'
tkimg_LIB_FILE='libtkimg1.4.1.so'
tkimg_LIB_SPEC='-L/home/jan/workspace/img/base -ltkimg1.4.1'
tkimg_SRC_DIR='.'
tkimg_SRC_PATH='/home/jan/workspace/img/base/.'
tkimg_STUB_LIB_FILE='libtkimgstub1.4.1.a'
tkimg_STUB_LIB_PATH='/home/jan/workspace/img/base/libtkimgstub1.4.1.a'
tkimg_STUB_LIB_SPEC='-L/home/jan/workspace/img/base -ltkimgstub1.4.1'
tkimg_VERSION='1.4.1'

## ----------- ##
## confdefs.h. ##
## ----------- ##

#define BUILD_tkimgjpeg
#define EXCEPTION_DISPOSITION int
#define HAVE_CAST_TO_UNION 1
#define HAVE_INTTYPES_H 1
#define HAVE_LIMITS_H 1
#define HAVE_MEMORY_H 1
#define HAVE_NO_SEH 1
#define HAVE_STDINT_H 1
#define HAVE_STDLIB_H 1
#define HAVE_STRINGS_H 1
#define HAVE_STRING_H 1
#define HAVE_SYS_PARAM_H 1
#define HAVE_SYS_STAT_H 1
#define HAVE_SYS_TYPES_H 1
#define HAVE_UNISTD_H 1
#define MODULE_SCOPE extern __attribute__((__visibility__("hidden")))
#define PACKAGE_BUGREPORT ""
#define PACKAGE_NAME "tkimgjpeg"
#define PACKAGE_STRING "tkimgjpeg 1.4.1"
#define PACKAGE_TARNAME "tkimgjpeg"
#define PACKAGE_VERSION "1.4.1"
#define STDC_HEADERS 1
#define TCL_THREADS 1
#define TCL_WIDE_INT_IS_LONG 1
#define USE_TCL_STUBS 1
#define USE_THREAD_ALLOC 1
#define USE_TK_STUBS 1
#define _LARGEFILE64_SOURCE 1
#define _REENTRANT 1
#define _THREAD_SAFE 1

configure: exit 0

## ---------------------- ##
## Running config.status. ##
## ---------------------- ##

This file was extended by tkimgjpeg config.status 1.4.1, which was
generated by GNU Autoconf 2.59.  Invocation command line was

  CONFIG_FILES    = Makefile
  CONFIG_HEADERS  = 
  CONFIG_LINKS    = 
  CONFIG_COMMANDS = 
  $ ./config.status 

on acer

config.status:734: creating Makefile
