This file contains any messages produced by compilers while
running configure, to aid debugging if configure makes a mistake.

It was created by pngtcl configure 1.4.12, which was
generated by GNU Autoconf 2.59.  Invocation command line was

  $ ./configure --prefix=/usr --cache-file=../config.cache --srcdir=. --with-zlibtcl=/home/jan/workspace/img/zlib --disable-option-checking

## --------- ##
## Platform. ##
## --------- ##

hostname = acer
uname -m = x86_64
uname -r = 3.8.0-19-generic
uname -s = Linux
uname -v = #30-Ubuntu SMP Wed May 1 16:35:23 UTC 2013

/usr/bin/uname -p = unknown
/bin/uname -X     = unknown

/bin/arch              = unknown
/usr/bin/arch -k       = unknown
/usr/convex/getsysinfo = unknown
hostinfo               = unknown
/bin/machine           = unknown
/usr/bin/oslevel       = unknown
/bin/universe          = unknown

PATH: /home/jan/bin
PATH: /usr/lib/lightdm/lightdm
PATH: /usr/local/sbin
PATH: /usr/local/bin
PATH: /usr/sbin
PATH: /usr/bin
PATH: /sbin
PATH: /bin
PATH: /usr/games
PATH: /usr/local/games


## ----------- ##
## Core tests. ##
## ----------- ##

configure:1225: loading cache ../config.cache
configure:1327: checking for correct TEA configuration
configure:1346: result: ok (TEA 3.9)
configure:1420: configuring pngtcl 1.4.12
configure:1490: checking for Tcl configuration
configure:1617: result: found /home/jan/workspace/tcl8.6/unix/tclConfig.sh
configure:1668: checking for gcc
configure:1694: result: gcc
configure:1938: checking for C compiler version
configure:1941: gcc --version </dev/null >&5
gcc (Ubuntu/Linaro 4.7.3-1ubuntu1) 4.7.3
Copyright (C) 2012 Free Software Foundation, Inc.
This is free software; see the source for copying conditions.  There is NO
warranty; not even for MERCHANTABILITY or FITNESS FOR A PARTICULAR PURPOSE.

configure:1944: $? = 0
configure:1946: gcc -v </dev/null >&5
Using built-in specs.
COLLECT_GCC=gcc
COLLECT_LTO_WRAPPER=/usr/lib/gcc/x86_64-linux-gnu/4.7/lto-wrapper
Target: x86_64-linux-gnu
Configured with: ../src/configure -v --with-pkgversion='Ubuntu/Linaro 4.7.3-1ubuntu1' --with-bugurl=file:///usr/share/doc/gcc-4.7/README.Bugs --enable-languages=c,c++,go,fortran,objc,obj-c++ --prefix=/usr --program-suffix=-4.7 --enable-shared --enable-linker-build-id --libexecdir=/usr/lib --without-included-gettext --enable-threads=posix --with-gxx-include-dir=/usr/include/c++/4.7 --libdir=/usr/lib --enable-nls --with-sysroot=/ --enable-clocale=gnu --enable-libstdcxx-debug --enable-libstdcxx-time=yes --enable-gnu-unique-object --enable-plugin --with-system-zlib --enable-objc-gc --with-cloog --enable-cloog-backend=ppl --disable-cloog-version-check --disable-ppl-version-check --enable-multiarch --disable-werror --with-arch-32=i686 --with-abi=m64 --with-multilib-list=m32,m64,mx32 --with-tune=generic --enable-checking=release --build=x86_64-linux-gnu --host=x86_64-linux-gnu --target=x86_64-linux-gnu
Thread model: posix
gcc version 4.7.3 (Ubuntu/Linaro 4.7.3-1ubuntu1) 
configure:1949: $? = 0
configure:1951: gcc -V </dev/null >&5
gcc: error: unrecognized command line option '-V'
gcc: fatal error: no input files
compilation terminated.
configure:1954: $? = 4
configure:1977: checking for C compiler default output file name
configure:1980: gcc    conftest.c  >&5
configure:1983: $? = 0
configure:2029: result: a.out
configure:2034: checking whether the C compiler works
configure:2040: ./a.out
configure:2043: $? = 0
configure:2060: result: yes
configure:2067: checking whether we are cross compiling
configure:2069: result: no
configure:2072: checking for suffix of executables
configure:2074: gcc -o conftest    conftest.c  >&5
configure:2077: $? = 0
configure:2102: result: 
configure:2108: checking for suffix of object files
configure:2154: result: o
configure:2158: checking whether we are using the GNU C compiler
configure:2214: result: yes
configure:2220: checking whether gcc accepts -g
configure:2271: result: yes
configure:2288: checking for gcc option to accept ANSI C
configure:2395: result: none needed
configure:2413: gcc -c -g -O2  conftest.c >&5
conftest.c:2:3: error: unknown type name 'choke'
conftest.c:2:3: error: expected '=', ',', ';', 'asm' or '__attribute__' at end of input
configure:2419: $? = 1
configure: failed program was:
| #ifndef __cplusplus
|   choke me
| #endif
configure:2554: checking for existence of /home/jan/workspace/tcl8.6/unix/tclConfig.sh
configure:2558: result: loading
configure:2622: checking platform
configure:2645: gcc -c -g -O2  conftest.c >&5
configure:2651: $? = 0
configure:2655: test -z 
			 || test ! -s conftest.err
configure:2658: $? = 0
configure:2661: test -s conftest.o
configure:2664: $? = 0
configure:2676: result: unix
configure:2717: checking for Tk configuration
configure:2844: result: found /home/jan/workspace/tk8.6/unix/tkConfig.sh
configure:2850: checking for existence of /home/jan/workspace/tk8.6/unix/tkConfig.sh
configure:2854: result: loading
configure:2962: --exec-prefix defaulting to TCL_EXEC_PREFIX /usr
configure:3036: checking for gcc
configure:3062: result: gcc
configure:3306: checking for C compiler version
configure:3309: gcc --version </dev/null >&5
gcc (Ubuntu/Linaro 4.7.3-1ubuntu1) 4.7.3
Copyright (C) 2012 Free Software Foundation, Inc.
This is free software; see the source for copying conditions.  There is NO
warranty; not even for MERCHANTABILITY or FITNESS FOR A PARTICULAR PURPOSE.

configure:3312: $? = 0
configure:3314: gcc -v </dev/null >&5
Using built-in specs.
COLLECT_GCC=gcc
COLLECT_LTO_WRAPPER=/usr/lib/gcc/x86_64-linux-gnu/4.7/lto-wrapper
Target: x86_64-linux-gnu
Configured with: ../src/configure -v --with-pkgversion='Ubuntu/Linaro 4.7.3-1ubuntu1' --with-bugurl=file:///usr/share/doc/gcc-4.7/README.Bugs --enable-languages=c,c++,go,fortran,objc,obj-c++ --prefix=/usr --program-suffix=-4.7 --enable-shared --enable-linker-build-id --libexecdir=/usr/lib --without-included-gettext --enable-threads=posix --with-gxx-include-dir=/usr/include/c++/4.7 --libdir=/usr/lib --enable-nls --with-sysroot=/ --enable-clocale=gnu --enable-libstdcxx-debug --enable-libstdcxx-time=yes --enable-gnu-unique-object --enable-plugin --with-system-zlib --enable-objc-gc --with-cloog --enable-cloog-backend=ppl --disable-cloog-version-check --disable-ppl-version-check --enable-multiarch --disable-werror --with-arch-32=i686 --with-abi=m64 --with-multilib-list=m32,m64,mx32 --with-tune=generic --enable-checking=release --build=x86_64-linux-gnu --host=x86_64-linux-gnu --target=x86_64-linux-gnu
Thread model: posix
gcc version 4.7.3 (Ubuntu/Linaro 4.7.3-1ubuntu1) 
configure:3317: $? = 0
configure:3319: gcc -V </dev/null >&5
gcc: error: unrecognized command line option '-V'
gcc: fatal error: no input files
compilation terminated.
configure:3322: $? = 4
configure:3325: checking whether we are using the GNU C compiler
configure:3381: result: yes
configure:3387: checking whether gcc accepts -g
configure:3438: result: yes
configure:3455: checking for gcc option to accept ANSI C
configure:3562: result: none needed
configure:3580: gcc -c -g -O2  conftest.c >&5
conftest.c:2:3: error: unknown type name 'choke'
conftest.c:2:3: error: expected '=', ',', ';', 'asm' or '__attribute__' at end of input
configure:3586: $? = 1
configure: failed program was:
| #ifndef __cplusplus
|   choke me
| #endif
configure:3724: checking how to run the C preprocessor
configure:3842: result: gcc -E
configure:3866: gcc -E  conftest.c
configure:3872: $? = 0
configure:3904: gcc -E  conftest.c
conftest.c:10:28: fatal error: ac_nonexistent.h: No such file or directory
compilation terminated.
configure:3910: $? = 1
configure: failed program was:
| /* confdefs.h.  */
| 
| #define PACKAGE_NAME "pngtcl"
| #define PACKAGE_TARNAME "pngtcl"
| #define PACKAGE_VERSION "1.4.12"
| #define PACKAGE_STRING "pngtcl 1.4.12"
| #define PACKAGE_BUGREPORT ""
| #define BUILD_pngtcl
| /* end confdefs.h.  */
| #include <ac_nonexistent.h>
configure:3967: checking for a BSD-compatible install
configure:4022: result: /usr/bin/install -c
configure:4038: checking whether make sets $(MAKE)
configure:4058: result: yes
configure:4113: checking for ranlib
configure:4139: result: ranlib
configure:4160: checking for egrep
configure:4170: result: grep -E
configure:4175: checking for ANSI C header files
configure:4331: result: yes
configure:4355: checking for sys/types.h
configure:4401: result: yes
configure:4355: checking for sys/stat.h
configure:4401: result: yes
configure:4355: checking for stdlib.h
configure:4401: result: yes
configure:4355: checking for string.h
configure:4401: result: yes
configure:4355: checking for memory.h
configure:4401: result: yes
configure:4355: checking for strings.h
configure:4401: result: yes
configure:4355: checking for inttypes.h
configure:4401: result: yes
configure:4355: checking for stdint.h
configure:4401: result: yes
configure:4355: checking for unistd.h
configure:4401: result: yes
configure:4423: checking if the compiler understands -pipe
configure:4477: result: yes
configure:4488: checking whether byte ordering is bigendian
configure:4699: result: no
configure:4727: checking for sin
configure:4815: result: no
configure:4823: checking for main in -lieee
configure:4879: result: yes
configure:4891: checking for main in -linet
configure:4947: result: no
configure:4954: checking for net/errno.h
configure:4959: result: no
configure:5120: checking for connect
configure:5208: result: yes
configure:5483: checking for gethostbyname
configure:5571: result: yes
configure:5655: checking dirent.h
configure:5727: result: yes
configure:5740: checking for errno.h
configure:5745: result: yes
configure:5888: checking for float.h
configure:5893: result: yes
configure:6036: checking for values.h
configure:6041: result: yes
configure:6184: checking for limits.h
configure:6189: result: yes
configure:6336: checking for stdlib.h
configure:6341: result: yes
configure:6538: checking for string.h
configure:6543: result: yes
configure:6728: checking for sys/wait.h
configure:6733: result: yes
configure:6876: checking for dlfcn.h
configure:6881: result: yes
configure:7030: checking for sys/param.h
configure:7035: result: yes
configure:7199: checking for zlibtcl configuration
configure:7288: result: found /home/jan/workspace/img/zlib/zlibtclConfig.sh
configure:7294: checking for existence of /home/jan/workspace/img/zlib/zlibtclConfig.sh
configure:7298: result: loading
configure:7316: WARNING: Found Makefile - using build library specs for zlibtcl
configure:7387: checking For zlibtcl_STUB library for LIBS
configure:7420: result: using zlibtcl_STUB_LIB_SPEC -L/home/jan/workspace/img/zlib -lzlibtclstub1.2.8
configure:7694: checking for Tcl public headers
configure:7769: result: /home/jan/workspace/tcl8.6/generic
configure:7782: checking for Tk public headers
configure:7860: result: /home/jan/workspace/tk8.6/generic
configure:7956: checking for pthread_mutex_init in -lpthread
configure:8018: result: yes
configure:8339: checking for building with threads
configure:8347: result: yes (default)
configure:8388: checking how to build libraries
configure:8406: result: shared
configure:8469: checking for ranlib
configure:8496: result: ranlib
configure:8513: checking if 64bit support is requested
configure:8522: result: no
configure:8527: checking if 64bit Sparc VIS support is requested
configure:8536: result: no
configure:8547: checking if compiler supports visibility "hidden"
configure:8604: result: yes
configure:8619: checking if rpath support is requested
configure:8628: result: yes
configure:8654: checking system version
configure:8677: result: Linux-3.8.0-19-generic
configure:8756: checking for ar
configure:8782: result: ar
configure:10782: checking for SEH support in compiler
configure:10837: result: no
configure:10853: checking for EXCEPTION_DISPOSITION support in include files
configure:10911: result: no
configure:10925: checking for winnt.h that ignores VOID define
configure:10986: result: no
configure:11000: checking for cast to union support
configure:11055: result: yes
configure:11081: checking for required early compiler flags
configure:11403: result:  _LARGEFILE64_SOURCE
configure:11408: checking for 64-bit integer type
configure:11518: result: using long
configure:11843: checking for build with symbols
configure:11856: result: no
configure:12061: checking for tclsh
configure:12088: result: /home/jan/workspace/tcl8.6/unix/tclsh
configure:12259: creating ./config.status

## ---------------------- ##
## Running config.status. ##
## ---------------------- ##

This file was extended by pngtcl config.status 1.4.12, which was
generated by GNU Autoconf 2.59.  Invocation command line was

  CONFIG_FILES    = 
  CONFIG_HEADERS  = 
  CONFIG_LINKS    = 
  CONFIG_COMMANDS = 
  $ ./config.status 

on acer

config.status:732: creating Makefile
config.status:732: creating pngtclConfig.sh

## ---------------- ##
## Cache variables. ##
## ---------------- ##

ac_cv_c_bigendian=no
ac_cv_c_compiler_gnu=yes
ac_cv_c_tclconfig=/home/jan/workspace/tcl8.6/unix
ac_cv_c_tclh=/home/jan/workspace/tcl8.6/generic
ac_cv_c_tkconfig=/home/jan/workspace/tk8.6/unix
ac_cv_c_tkh=/home/jan/workspace/tk8.6/generic
ac_cv_c_zlibtclconfig=/home/jan/workspace/img/zlib
ac_cv_env_CC_set=
ac_cv_env_CC_value=
ac_cv_env_CFLAGS_set=
ac_cv_env_CFLAGS_value=
ac_cv_env_CPPFLAGS_set=
ac_cv_env_CPPFLAGS_value=
ac_cv_env_CPP_set=
ac_cv_env_CPP_value=
ac_cv_env_LDFLAGS_set=
ac_cv_env_LDFLAGS_value=
ac_cv_env_build_alias_set=
ac_cv_env_build_alias_value=
ac_cv_env_host_alias_set=
ac_cv_env_host_alias_value=
ac_cv_env_target_alias_set=
ac_cv_env_target_alias_value=
ac_cv_exeext=
ac_cv_func_connect=yes
ac_cv_func_gethostbyname=yes
ac_cv_func_sin=no
ac_cv_header_dlfcn_h=yes
ac_cv_header_errno_h=yes
ac_cv_header_float_h=yes
ac_cv_header_inttypes_h=yes
ac_cv_header_limits_h=yes
ac_cv_header_memory_h=yes
ac_cv_header_net_errno_h=no
ac_cv_header_stdc=yes
ac_cv_header_stdint_h=yes
ac_cv_header_stdlib_h=yes
ac_cv_header_string_h=yes
ac_cv_header_strings_h=yes
ac_cv_header_sys_param_h=yes
ac_cv_header_sys_stat_h=yes
ac_cv_header_sys_types_h=yes
ac_cv_header_sys_wait_h=yes
ac_cv_header_unistd_h=yes
ac_cv_header_values_h=yes
ac_cv_lib_ieee_main=yes
ac_cv_lib_inet_main=no
ac_cv_lib_pthread_pthread_mutex_init=yes
ac_cv_objext=o
ac_cv_path_install='/usr/bin/install -c'
ac_cv_prog_CPP='gcc -E'
ac_cv_prog_ac_ct_AR=ar
ac_cv_prog_ac_ct_CC=gcc
ac_cv_prog_ac_ct_RANLIB=ranlib
ac_cv_prog_cc_g=yes
ac_cv_prog_cc_stdc=
ac_cv_prog_egrep='grep -E'
ac_cv_prog_make_make_set=yes
tcl_cv_cast_to_union=yes
tcl_cv_cc_pipe=yes
tcl_cv_cc_visibility_hidden=yes
tcl_cv_dirent_h=yes
tcl_cv_eh_disposition=no
tcl_cv_flag__isoc99_source=no
tcl_cv_flag__largefile64_source=yes
tcl_cv_flag__largefile_source64=no
tcl_cv_seh=no
tcl_cv_sys_version=Linux-3.8.0-19-generic
tcl_cv_type_64bit=none
tcl_cv_winnt_ignore_void=no

## ----------------- ##
## Output variables. ##
## ----------------- ##

AR='ar'
CC='gcc'
CELIB_DIR=''
CFLAGS='-g -O2 -pipe ${CFLAGS_DEFAULT} ${CFLAGS_WARNING} ${SHLIB_CFLAGS} '
CFLAGS_DEBUG='-g'
CFLAGS_DEFAULT='${CFLAGS_OPTIMIZE}'
CFLAGS_OPTIMIZE='-O2 -fomit-frame-pointer'
CFLAGS_WARNING='-Wall -Wwrite-strings'
CLEANFILES=''
CPP='gcc -E'
CPPFLAGS=''
CYGPATH='echo'
DEFS='-DPACKAGE_NAME=\"pngtcl\" -DPACKAGE_TARNAME=\"pngtcl\" -DPACKAGE_VERSION=\"1.4.12\" -DPACKAGE_STRING=\"pngtcl\ 1.4.12\" -DPACKAGE_BUGREPORT=\"\" -DBUILD_pngtcl= -DSTDC_HEADERS=1 -DHAVE_SYS_TYPES_H=1 -DHAVE_SYS_STAT_H=1 -DHAVE_STDLIB_H=1 -DHAVE_STRING_H=1 -DHAVE_MEMORY_H=1 -DHAVE_STRINGS_H=1 -DHAVE_INTTYPES_H=1 -DHAVE_STDINT_H=1 -DHAVE_UNISTD_H=1 -DHAVE_LIMITS_H=1 -DHAVE_SYS_PARAM_H=1 -DUSE_THREAD_ALLOC=1 -D_REENTRANT=1 -D_THREAD_SAFE=1 -DTCL_THREADS=1 -DMODULE_SCOPE=extern\ __attribute__\(\(__visibility__\(\"hidden\"\)\)\) -DHAVE_NO_SEH=1 -DEXCEPTION_DISPOSITION=int -DHAVE_CAST_TO_UNION=1 -D_LARGEFILE64_SOURCE=1 -DTCL_WIDE_INT_IS_LONG=1 -DUSE_TCL_STUBS=1 '
ECHO_C=''
ECHO_N='-n'
ECHO_T=''
EGREP='grep -E'
EXEEXT=''
INSTALL_DATA='${INSTALL} -m 644'
INSTALL_PROGRAM='${INSTALL}'
INSTALL_SCRIPT='${INSTALL}'
LDFLAGS=' -Wl,--export-dynamic '
LDFLAGS_DEFAULT=' -Wl,--export-dynamic '
LD_LIBRARY_PATH_VAR='LD_LIBRARY_PATH'
LIBOBJS=''
LIBS=''
LTLIBOBJS=''
MAJOR_VERSION=''
MAKE_LIB='${SHLIB_LD} -o $@ $(PKG_OBJECTS) ${SHLIB_LD_LIBS} '
MAKE_SHARED_LIB='${SHLIB_LD} -o $@ $(PKG_OBJECTS) ${SHLIB_LD_LIBS}'
MAKE_STATIC_LIB='${STLIB_LD} $@ $(PKG_OBJECTS)'
MAKE_STUB_LIB='${STLIB_LD} $@ $(PKG_STUB_OBJECTS)'
MATH_LIBS='-lieee -lm'
MINOR_VERSION=''
OBJEXT='o'
PACKAGE_BUGREPORT=''
PACKAGE_NAME='pngtcl'
PACKAGE_STRING='pngtcl 1.4.12'
PACKAGE_TARNAME='pngtcl'
PACKAGE_VERSION='1.4.12'
PATCHLEVEL=''
PATH_SEPARATOR=':'
PKG_CFLAGS=' -DZLIBTCL_VERSION=\"1.2.8\"'
PKG_HEADERS=' pngtcl.h pngtclDecls.h'
PKG_INCLUDES=' -I"/home/jan/workspace/img/zlib/." -I"/home/jan/workspace/img/zlib" -I"."'
PKG_LIBS=' -L/home/jan/workspace/img/zlib -lzlibtclstub1.2.8 -lm -L/home/jan/workspace/img/zlib -lzlibtclstub1.2.8'
PKG_LIB_FILE='libpngtcl1.4.12.so'
PKG_OBJECTS=' pngtcl.o pngtclStubInit.o png.o pngerror.o pngmem.o pngpread.o pngread.o pngrio.o pngrtran.o pngrutil.o pngset.o pngtrans.o pngwio.o pngwrite.o pngwtran.o pngwutil.o pngget.o pngtclStubLib.o'
PKG_SOURCES=' pngtcl.c pngtclStubInit.c ../compat/libpng/png.c ../compat/libpng/pngerror.c ../compat/libpng/pngmem.c ../compat/libpng/pngpread.c ../compat/libpng/pngread.c ../compat/libpng/pngrio.c ../compat/libpng/pngrtran.c ../compat/libpng/pngrutil.c ../compat/libpng/pngset.c ../compat/libpng/pngtrans.c ../compat/libpng/pngwio.c ../compat/libpng/pngwrite.c ../compat/libpng/pngwtran.c ../compat/libpng/pngwutil.c ../compat/libpng/pngget.c pngtclStubLib.c'
PKG_STUB_LIB_FILE='libpngtclstub1.4.12.a'
PKG_STUB_OBJECTS=' pngtclStubLib.o'
PKG_STUB_SOURCES=' pngtclStubLib.c'
PKG_TCL_SOURCES=''
RANLIB=':'
RANLIB_STUB='ranlib'
RC=''
SET_MAKE=''
SHARED_BUILD='1'
SHELL='/bin/bash'
SHLIB_CFLAGS='-fPIC'
SHLIB_LD='${CC} -shared ${CFLAGS} ${LDFLAGS_DEFAULT}'
SHLIB_LD_LIBS='${LIBS} -L/home/jan/workspace/tcl8.6/unix -ltclstub8.6 -L/home/jan/workspace/tk8.6/unix -ltkstub8.6'
STLIB_LD='${AR} cr'
TCLSH_PROG='/home/jan/workspace/tcl8.6/unix/tclsh'
TCL_BIN_DIR='/home/jan/workspace/tcl8.6/unix'
TCL_DBGX=''
TCL_DEFS='-DPACKAGE_NAME=\"tcl\" -DPACKAGE_TARNAME=\"tcl\" -DPACKAGE_VERSION=\"8.6\" -DPACKAGE_STRING=\"tcl\ 8.6\" -DPACKAGE_BUGREPORT=\"\" -DSTDC_HEADERS=1 -DHAVE_SYS_TYPES_H=1 -DHAVE_SYS_STAT_H=1 -DHAVE_STDLIB_H=1 -DHAVE_STRING_H=1 -DHAVE_MEMORY_H=1 -DHAVE_STRINGS_H=1 -DHAVE_INTTYPES_H=1 -DHAVE_STDINT_H=1 -DHAVE_UNISTD_H=1 -DHAVE_LIMITS_H=1 -DHAVE_SYS_PARAM_H=1 -DUSE_THREAD_ALLOC=1 -D_REENTRANT=1 -D_THREAD_SAFE=1 -DTCL_THREADS=1 -DTCL_CFGVAL_ENCODING=\"iso8859-1\" -DHAVE_ZLIB=1 -DMODULE_SCOPE=extern -DHAVE_CAST_TO_UNION=1 -DTCL_SHLIB_EXT=\".so\" -DNDEBUG=1 -DTCL_CFG_OPTIMIZED=1 -DTCL_TOMMATH=1 -DMP_PREC=4 -D_LARGEFILE64_SOURCE=1 -DTCL_WIDE_INT_IS_LONG=1 -DHAVE_GETCWD=1 -DHAVE_MKSTEMP=1 -DHAVE_OPENDIR=1 -DHAVE_STRTOL=1 -DHAVE_WAITPID=1 -DHAVE_GETNAMEINFO=1 -DHAVE_GETADDRINFO=1 -DHAVE_FREEADDRINFO=1 -DHAVE_GAI_STRERROR=1 -DHAVE_STRUCT_ADDRINFO=1 -DHAVE_STRUCT_IN6_ADDR=1 -DHAVE_STRUCT_SOCKADDR_IN6=1 -DHAVE_STRUCT_SOCKADDR_STORAGE=1 -DHAVE_GETPWUID_R_5=1 -DHAVE_GETPWUID_R=1 -DHAVE_GETPWNAM_R_5=1 -DHAVE_GETPWNAM_R=1 -DHAVE_GETGRGID_R_5=1 -DHAVE_GETGRGID_R=1 -DHAVE_GETGRNAM_R_5=1 -DHAVE_GETGRNAM_R=1 -DHAVE_GETHOSTBYNAME_R_6=1 -DHAVE_GETHOSTBYNAME_R=1 -DHAVE_GETHOSTBYADDR_R_8=1 -DHAVE_GETHOSTBYADDR_R=1 -DHAVE_TERMIOS_H=1 -DHAVE_SYS_IOCTL_H=1 -DHAVE_SYS_TIME_H=1 -DTIME_WITH_SYS_TIME=1 -DHAVE_GMTIME_R=1 -DHAVE_LOCALTIME_R=1 -DHAVE_MKTIME=1 -DHAVE_TM_GMTOFF=1 -DHAVE_TIMEZONE_VAR=1 -DHAVE_STRUCT_STAT_ST_BLOCKS=1 -DHAVE_STRUCT_STAT_ST_BLKSIZE=1 -DHAVE_BLKCNT_T=1 -DHAVE_INTPTR_T=1 -DHAVE_UINTPTR_T=1 -DHAVE_SIGNED_CHAR=1 -DHAVE_LANGINFO=1 -DHAVE_MKSTEMPS=1 -DHAVE_FTS=1 -DHAVE_SYS_IOCTL_H=1 -DTCL_UNLOAD_DLLS=1 -DHAVE_CPUID=1 '
TCL_EXTRA_CFLAGS=' -pipe -fvisibility=hidden '
TCL_INCLUDES='-I"/home/jan/workspace/tcl8.6/generic"'
TCL_LD_FLAGS=' -Wl,--export-dynamic '
TCL_LIBS='${DL_LIBS} ${LIBS} ${MATH_LIBS}'
TCL_LIB_FILE='libtcl8.6.so'
TCL_LIB_FLAG='-ltcl8.6'
TCL_LIB_SPEC='-L/home/jan/workspace/tcl8.6/unix -ltcl8.6'
TCL_PATCH_LEVEL='.0'
TCL_SHLIB_LD_LIBS='${LIBS}'
TCL_SRC_DIR='/home/jan/workspace/tcl8.6'
TCL_STUB_LIB_FILE='libtclstub8.6.a'
TCL_STUB_LIB_FLAG='-ltclstub8.6'
TCL_STUB_LIB_SPEC='-L/home/jan/workspace/tcl8.6/unix -ltclstub8.6'
TCL_THREADS='1'
TCL_VERSION='8.6'
TK_BIN_DIR='/home/jan/workspace/tk8.6/unix'
TK_INCLUDES='-I"/home/jan/workspace/tk8.6/generic"'
TK_LIBS='-lX11 -lXss -lXext   -lpthread -ldl -lz  -lpthread -lieee -lm'
TK_LIB_FILE='libtk8.6.so'
TK_LIB_FLAG='-ltk8.6'
TK_LIB_SPEC='-L/home/jan/workspace/tk8.6/unix -ltk8.6'
TK_SRC_DIR='/home/jan/workspace/tk8.6'
TK_STUB_LIB_FILE='libtkstub8.6.a'
TK_STUB_LIB_FLAG='-ltkstub8.6'
TK_STUB_LIB_SPEC='-L/home/jan/workspace/tk8.6/unix -ltkstub8.6'
TK_VERSION='8.6'
TK_XINCLUDES=''
VC_MANIFEST_EMBED_DLL=''
VC_MANIFEST_EMBED_EXE=''
ac_ct_AR='ar'
ac_ct_CC='gcc'
ac_ct_RANLIB='ranlib'
ac_ct_RC=''
bindir='${exec_prefix}/bin'
build_alias=''
datadir='${prefix}/share'
exec_prefix='/usr'
host_alias=''
includedir='${prefix}/include'
infodir='${prefix}/info'
libdir='${exec_prefix}/lib'
libexecdir='${exec_prefix}/libexec'
localstatedir='${prefix}/var'
mandir='${prefix}/man'
oldincludedir='/usr/include'
pngtcl_BUILD_LIB_SPEC='-L/home/jan/workspace/img/libpng -lpngtcl1.4.12'
pngtcl_BUILD_STUB_LIB_PATH='/home/jan/workspace/img/libpng/libpngtclstub1.4.12.a'
pngtcl_BUILD_STUB_LIB_SPEC='-L/home/jan/workspace/img/libpng -lpngtclstub1.4.12'
pngtcl_LIB_SPEC='-L/usr/lib/pngtcl1.4.12 -lpngtcl1.4.12'
pngtcl_STUB_LIB_PATH='/usr/lib/pngtcl1.4.12/libpngtclstub1.4.12.a'
pngtcl_STUB_LIB_SPEC='-L/usr/lib/pngtcl1.4.12 -lpngtclstub1.4.12'
prefix='/usr'
program_transform_name='s,x,x,'
sbindir='${exec_prefix}/sbin'
sharedstatedir='${prefix}/com'
sysconfdir='${prefix}/etc'
target_alias=''
zlibtcl_BIN_DIR='/home/jan/workspace/img/zlib'
zlibtcl_BUILD_PATH='/home/jan/workspace/img/zlib'
zlibtcl_LIB_FILE='libzlibtcl1.2.8.so'
zlibtcl_LIB_SPEC='-L/home/jan/workspace/img/zlib -lzlibtcl1.2.8'
zlibtcl_SRC_DIR='.'
zlibtcl_SRC_PATH='/home/jan/workspace/img/zlib/.'
zlibtcl_STUB_LIB_FILE='libzlibtclstub1.2.8.a'
zlibtcl_STUB_LIB_PATH='/home/jan/workspace/img/zlib/libzlibtclstub1.2.8.a'
zlibtcl_STUB_LIB_SPEC='-L/home/jan/workspace/img/zlib -lzlibtclstub1.2.8'
zlibtcl_VERSION='1.2.8'

## ----------- ##
## confdefs.h. ##
## ----------- ##

#define BUILD_pngtcl
#define EXCEPTION_DISPOSITION int
#define HAVE_CAST_TO_UNION 1
#define HAVE_INTTYPES_H 1
#define HAVE_LIMITS_H 1
#define HAVE_MEMORY_H 1
#define HAVE_NO_SEH 1
#define HAVE_STDINT_H 1
#define HAVE_STDLIB_H 1
#define HAVE_STRINGS_H 1
#define HAVE_STRING_H 1
#define HAVE_SYS_PARAM_H 1
#define HAVE_SYS_STAT_H 1
#define HAVE_SYS_TYPES_H 1
#define HAVE_UNISTD_H 1
#define MODULE_SCOPE extern __attribute__((__visibility__("hidden")))
#define PACKAGE_BUGREPORT ""
#define PACKAGE_NAME "pngtcl"
#define PACKAGE_STRING "pngtcl 1.4.12"
#define PACKAGE_TARNAME "pngtcl"
#define PACKAGE_VERSION "1.4.12"
#define STDC_HEADERS 1
#define TCL_THREADS 1
#define TCL_WIDE_INT_IS_LONG 1
#define USE_TCL_STUBS 1
#define USE_THREAD_ALLOC 1
#define _LARGEFILE64_SOURCE 1
#define _REENTRANT 1
#define _THREAD_SAFE 1

configure: exit 0

## ---------------------- ##
## Running config.status. ##
## ---------------------- ##

This file was extended by pngtcl config.status 1.4.12, which was
generated by GNU Autoconf 2.59.  Invocation command line was

  CONFIG_FILES    = Makefile
  CONFIG_HEADERS  = 
  CONFIG_LINKS    = 
  CONFIG_COMMANDS = 
  $ ./config.status 

on acer

config.status:732: creating Makefile
