This file contains any messages produced by compilers while
running configure, to aid debugging if configure makes a mistake.

It was created by tkimg configure 1.4.1, which was
generated by GNU Autoconf 2.59.  Invocation command line was

  $ ./configure --prefix=/usr --cache-file=../config.cache --srcdir=. --disable-option-checking

## --------- ##
## Platform. ##
## --------- ##

hostname = acer
uname -m = x86_64
uname -r = 3.8.0-19-generic
uname -s = Linux
uname -v = #30-Ubuntu SMP Wed May 1 16:35:23 UTC 2013

/usr/bin/uname -p = unknown
/bin/uname -X     = unknown

/bin/arch              = unknown
/usr/bin/arch -k       = unknown
/usr/convex/getsysinfo = unknown
hostinfo               = unknown
/bin/machine           = unknown
/usr/bin/oslevel       = unknown
/bin/universe          = unknown

PATH: /home/jan/bin
PATH: /usr/lib/lightdm/lightdm
PATH: /usr/local/sbin
PATH: /usr/local/bin
PATH: /usr/sbin
PATH: /usr/bin
PATH: /sbin
PATH: /bin
PATH: /usr/games
PATH: /usr/local/games


## ----------- ##
## Core tests. ##
## ----------- ##

configure:1224: loading cache ../config.cache
configure:1326: checking for correct TEA configuration
configure:1345: result: ok (TEA 3.9)
configure:1419: configuring tkimg 1.4.1
configure:1492: checking for Tcl configuration
configure:1619: result: found /home/jan/workspace/tcl8.6/unix/tclConfig.sh
configure:1670: checking for gcc
configure:1696: result: gcc
configure:1940: checking for C compiler version
configure:1943: gcc --version </dev/null >&5
gcc (Ubuntu/Linaro 4.7.3-1ubuntu1) 4.7.3
Copyright (C) 2012 Free Software Foundation, Inc.
This is free software; see the source for copying conditions.  There is NO
warranty; not even for MERCHANTABILITY or FITNESS FOR A PARTICULAR PURPOSE.

configure:1946: $? = 0
configure:1948: gcc -v </dev/null >&5
Using built-in specs.
COLLECT_GCC=gcc
COLLECT_LTO_WRAPPER=/usr/lib/gcc/x86_64-linux-gnu/4.7/lto-wrapper
Target: x86_64-linux-gnu
Configured with: ../src/configure -v --with-pkgversion='Ubuntu/Linaro 4.7.3-1ubuntu1' --with-bugurl=file:///usr/share/doc/gcc-4.7/README.Bugs --enable-languages=c,c++,go,fortran,objc,obj-c++ --prefix=/usr --program-suffix=-4.7 --enable-shared --enable-linker-build-id --libexecdir=/usr/lib --without-included-gettext --enable-threads=posix --with-gxx-include-dir=/usr/include/c++/4.7 --libdir=/usr/lib --enable-nls --with-sysroot=/ --enable-clocale=gnu --enable-libstdcxx-debug --enable-libstdcxx-time=yes --enable-gnu-unique-object --enable-plugin --with-system-zlib --enable-objc-gc --with-cloog --enable-cloog-backend=ppl --disable-cloog-version-check --disable-ppl-version-check --enable-multiarch --disable-werror --with-arch-32=i686 --with-abi=m64 --with-multilib-list=m32,m64,mx32 --with-tune=generic --enable-checking=release --build=x86_64-linux-gnu --host=x86_64-linux-gnu --target=x86_64-linux-gnu
Thread model: posix
gcc version 4.7.3 (Ubuntu/Linaro 4.7.3-1ubuntu1) 
configure:1951: $? = 0
configure:1953: gcc -V </dev/null >&5
gcc: error: unrecognized command line option '-V'
gcc: fatal error: no input files
compilation terminated.
configure:1956: $? = 4
configure:1979: checking for C compiler default output file name
configure:1982: gcc    conftest.c  >&5
configure:1985: $? = 0
configure:2031: result: a.out
configure:2036: checking whether the C compiler works
configure:2042: ./a.out
configure:2045: $? = 0
configure:2062: result: yes
configure:2069: checking whether we are cross compiling
configure:2071: result: no
configure:2074: checking for suffix of executables
configure:2076: gcc -o conftest    conftest.c  >&5
configure:2079: $? = 0
configure:2104: result: 
configure:2110: checking for suffix of object files
configure:2156: result: o
configure:2160: checking whether we are using the GNU C compiler
configure:2216: result: yes
configure:2222: checking whether gcc accepts -g
configure:2273: result: yes
configure:2290: checking for gcc option to accept ANSI C
configure:2397: result: none needed
configure:2415: gcc -c -g -O2  conftest.c >&5
conftest.c:2:3: error: unknown type name 'choke'
conftest.c:2:3: error: expected '=', ',', ';', 'asm' or '__attribute__' at end of input
configure:2421: $? = 1
configure: failed program was:
| #ifndef __cplusplus
|   choke me
| #endif
configure:2556: checking for existence of /home/jan/workspace/tcl8.6/unix/tclConfig.sh
configure:2560: result: loading
configure:2624: checking platform
configure:2647: gcc -c -g -O2  conftest.c >&5
configure:2653: $? = 0
configure:2657: test -z 
			 || test ! -s conftest.err
configure:2660: $? = 0
configure:2663: test -s conftest.o
configure:2666: $? = 0
configure:2678: result: unix
configure:2719: checking for Tk configuration
configure:2846: result: found /home/jan/workspace/tk8.6/unix/tkConfig.sh
configure:2852: checking for existence of /home/jan/workspace/tk8.6/unix/tkConfig.sh
configure:2856: result: loading
configure:2964: --exec-prefix defaulting to TCL_EXEC_PREFIX /usr
configure:3038: checking for gcc
configure:3064: result: gcc
configure:3308: checking for C compiler version
configure:3311: gcc --version </dev/null >&5
gcc (Ubuntu/Linaro 4.7.3-1ubuntu1) 4.7.3
Copyright (C) 2012 Free Software Foundation, Inc.
This is free software; see the source for copying conditions.  There is NO
warranty; not even for MERCHANTABILITY or FITNESS FOR A PARTICULAR PURPOSE.

configure:3314: $? = 0
configure:3316: gcc -v </dev/null >&5
Using built-in specs.
COLLECT_GCC=gcc
COLLECT_LTO_WRAPPER=/usr/lib/gcc/x86_64-linux-gnu/4.7/lto-wrapper
Target: x86_64-linux-gnu
Configured with: ../src/configure -v --with-pkgversion='Ubuntu/Linaro 4.7.3-1ubuntu1' --with-bugurl=file:///usr/share/doc/gcc-4.7/README.Bugs --enable-languages=c,c++,go,fortran,objc,obj-c++ --prefix=/usr --program-suffix=-4.7 --enable-shared --enable-linker-build-id --libexecdir=/usr/lib --without-included-gettext --enable-threads=posix --with-gxx-include-dir=/usr/include/c++/4.7 --libdir=/usr/lib --enable-nls --with-sysroot=/ --enable-clocale=gnu --enable-libstdcxx-debug --enable-libstdcxx-time=yes --enable-gnu-unique-object --enable-plugin --with-system-zlib --enable-objc-gc --with-cloog --enable-cloog-backend=ppl --disable-cloog-version-check --disable-ppl-version-check --enable-multiarch --disable-werror --with-arch-32=i686 --with-abi=m64 --with-multilib-list=m32,m64,mx32 --with-tune=generic --enable-checking=release --build=x86_64-linux-gnu --host=x86_64-linux-gnu --target=x86_64-linux-gnu
Thread model: posix
gcc version 4.7.3 (Ubuntu/Linaro 4.7.3-1ubuntu1) 
configure:3319: $? = 0
configure:3321: gcc -V </dev/null >&5
gcc: error: unrecognized command line option '-V'
gcc: fatal error: no input files
compilation terminated.
configure:3324: $? = 4
configure:3327: checking whether we are using the GNU C compiler
configure:3383: result: yes
configure:3389: checking whether gcc accepts -g
configure:3440: result: yes
configure:3457: checking for gcc option to accept ANSI C
configure:3564: result: none needed
configure:3582: gcc -c -g -O2  conftest.c >&5
conftest.c:2:3: error: unknown type name 'choke'
conftest.c:2:3: error: expected '=', ',', ';', 'asm' or '__attribute__' at end of input
configure:3588: $? = 1
configure: failed program was:
| #ifndef __cplusplus
|   choke me
| #endif
configure:3726: checking how to run the C preprocessor
configure:3844: result: gcc -E
configure:3868: gcc -E  conftest.c
configure:3874: $? = 0
configure:3906: gcc -E  conftest.c
conftest.c:10:28: fatal error: ac_nonexistent.h: No such file or directory
compilation terminated.
configure:3912: $? = 1
configure: failed program was:
| /* confdefs.h.  */
| 
| #define PACKAGE_NAME "tkimg"
| #define PACKAGE_TARNAME "tkimg"
| #define PACKAGE_VERSION "1.4.1"
| #define PACKAGE_STRING "tkimg 1.4.1"
| #define PACKAGE_BUGREPORT ""
| #define BUILD_tkimg
| /* end confdefs.h.  */
| #include <ac_nonexistent.h>
configure:3969: checking for a BSD-compatible install
configure:4024: result: /usr/bin/install -c
configure:4040: checking whether make sets $(MAKE)
configure:4060: result: yes
configure:4115: checking for ranlib
configure:4141: result: ranlib
configure:4162: checking for egrep
configure:4172: result: grep -E
configure:4177: checking for ANSI C header files
configure:4333: result: yes
configure:4357: checking for sys/types.h
configure:4403: result: yes
configure:4357: checking for sys/stat.h
configure:4403: result: yes
configure:4357: checking for stdlib.h
configure:4403: result: yes
configure:4357: checking for string.h
configure:4403: result: yes
configure:4357: checking for memory.h
configure:4403: result: yes
configure:4357: checking for strings.h
configure:4403: result: yes
configure:4357: checking for inttypes.h
configure:4403: result: yes
configure:4357: checking for stdint.h
configure:4403: result: yes
configure:4357: checking for unistd.h
configure:4403: result: yes
configure:4425: checking if the compiler understands -pipe
configure:4479: result: yes
configure:4490: checking whether byte ordering is bigendian
configure:4701: result: no
configure:4729: checking for sin
configure:4817: result: no
configure:4825: checking for main in -lieee
configure:4881: result: yes
configure:4893: checking for main in -linet
configure:4949: result: no
configure:4956: checking for net/errno.h
configure:4961: result: no
configure:5122: checking for connect
configure:5210: result: yes
configure:5485: checking for gethostbyname
configure:5573: result: yes
configure:5657: checking dirent.h
configure:5729: result: yes
configure:5742: checking for errno.h
configure:5747: result: yes
configure:5890: checking for float.h
configure:5895: result: yes
configure:6038: checking for values.h
configure:6043: result: yes
configure:6186: checking for limits.h
configure:6191: result: yes
configure:6338: checking for stdlib.h
configure:6343: result: yes
configure:6540: checking for string.h
configure:6545: result: yes
configure:6730: checking for sys/wait.h
configure:6735: result: yes
configure:6878: checking for dlfcn.h
configure:6883: result: yes
configure:7032: checking for sys/param.h
configure:7037: result: yes
configure:7353: checking for Tcl public headers
configure:7428: result: /home/jan/workspace/tcl8.6/generic
configure:7441: checking for Tk public headers
configure:7519: result: /home/jan/workspace/tk8.6/generic
configure:7615: checking for pthread_mutex_init in -lpthread
configure:7677: result: yes
configure:7998: checking for building with threads
configure:8006: result: yes (default)
configure:8047: checking how to build libraries
configure:8065: result: shared
configure:8128: checking for ranlib
configure:8155: result: ranlib
configure:8172: checking if 64bit support is requested
configure:8181: result: no
configure:8186: checking if 64bit Sparc VIS support is requested
configure:8195: result: no
configure:8206: checking if compiler supports visibility "hidden"
configure:8263: result: yes
configure:8278: checking if rpath support is requested
configure:8287: result: yes
configure:8313: checking system version
configure:8336: result: Linux-3.8.0-19-generic
configure:8415: checking for ar
configure:8441: result: ar
configure:10441: checking for SEH support in compiler
configure:10496: result: no
configure:10512: checking for EXCEPTION_DISPOSITION support in include files
configure:10570: result: no
configure:10584: checking for winnt.h that ignores VOID define
configure:10645: result: no
configure:10659: checking for cast to union support
configure:10714: result: yes
configure:10740: checking for required early compiler flags
configure:11062: result:  _LARGEFILE64_SOURCE
configure:11067: checking for 64-bit integer type
configure:11177: result: using long
configure:11502: checking for build with symbols
configure:11515: result: no
configure:11698: checking for tclsh
configure:11725: result: /home/jan/workspace/tcl8.6/unix/tclsh
configure:11730: checking for wish
configure:11757: result: /home/jan/workspace/tk8.6/unix/wish
configure:11928: creating ./config.status

## ---------------------- ##
## Running config.status. ##
## ---------------------- ##

This file was extended by tkimg config.status 1.4.1, which was
generated by GNU Autoconf 2.59.  Invocation command line was

  CONFIG_FILES    = 
  CONFIG_HEADERS  = 
  CONFIG_LINKS    = 
  CONFIG_COMMANDS = 
  $ ./config.status 

on acer

config.status:725: creating Makefile
config.status:725: creating pkgIndex.tcl
config.status:725: creating tkimgConfig.sh

## ---------------- ##
## Cache variables. ##
## ---------------- ##

ac_cv_c_bigendian=no
ac_cv_c_compiler_gnu=yes
ac_cv_c_tclconfig=/home/jan/workspace/tcl8.6/unix
ac_cv_c_tclh=/home/jan/workspace/tcl8.6/generic
ac_cv_c_tkconfig=/home/jan/workspace/tk8.6/unix
ac_cv_c_tkh=/home/jan/workspace/tk8.6/generic
ac_cv_c_zlibtclconfig=/home/jan/workspace/img/zlib
ac_cv_env_CC_set=
ac_cv_env_CC_value=
ac_cv_env_CFLAGS_set=
ac_cv_env_CFLAGS_value=
ac_cv_env_CPPFLAGS_set=
ac_cv_env_CPPFLAGS_value=
ac_cv_env_CPP_set=
ac_cv_env_CPP_value=
ac_cv_env_LDFLAGS_set=
ac_cv_env_LDFLAGS_value=
ac_cv_env_build_alias_set=
ac_cv_env_build_alias_value=
ac_cv_env_host_alias_set=
ac_cv_env_host_alias_value=
ac_cv_env_target_alias_set=
ac_cv_env_target_alias_value=
ac_cv_exeext=
ac_cv_func_connect=yes
ac_cv_func_gethostbyname=yes
ac_cv_func_sin=no
ac_cv_header_dlfcn_h=yes
ac_cv_header_errno_h=yes
ac_cv_header_float_h=yes
ac_cv_header_inttypes_h=yes
ac_cv_header_limits_h=yes
ac_cv_header_memory_h=yes
ac_cv_header_net_errno_h=no
ac_cv_header_stdc=yes
ac_cv_header_stdint_h=yes
ac_cv_header_stdlib_h=yes
ac_cv_header_string_h=yes
ac_cv_header_strings_h=yes
ac_cv_header_sys_param_h=yes
ac_cv_header_sys_stat_h=yes
ac_cv_header_sys_types_h=yes
ac_cv_header_sys_wait_h=yes
ac_cv_header_unistd_h=yes
ac_cv_header_values_h=yes
ac_cv_lib_ieee_main=yes
ac_cv_lib_inet_main=no
ac_cv_lib_pthread_pthread_mutex_init=yes
ac_cv_objext=o
ac_cv_path_install='/usr/bin/install -c'
ac_cv_prog_CPP='gcc -E'
ac_cv_prog_ac_ct_AR=ar
ac_cv_prog_ac_ct_CC=gcc
ac_cv_prog_ac_ct_RANLIB=ranlib
ac_cv_prog_cc_g=yes
ac_cv_prog_cc_stdc=
ac_cv_prog_egrep='grep -E'
ac_cv_prog_make_make_set=yes
tcl_cv_cast_to_union=yes
tcl_cv_cc_pipe=yes
tcl_cv_cc_visibility_hidden=yes
tcl_cv_dirent_h=yes
tcl_cv_eh_disposition=no
tcl_cv_flag__isoc99_source=no
tcl_cv_flag__largefile64_source=yes
tcl_cv_flag__largefile_source64=no
tcl_cv_seh=no
tcl_cv_sys_version=Linux-3.8.0-19-generic
tcl_cv_type_64bit=none
tcl_cv_winnt_ignore_void=no

## ----------------- ##
## Output variables. ##
## ----------------- ##

AR='ar'
CC='gcc'
CELIB_DIR=''
CFLAGS='-g -O2 -pipe ${CFLAGS_DEFAULT} ${CFLAGS_WARNING} ${SHLIB_CFLAGS} '
CFLAGS_DEBUG='-g'
CFLAGS_DEFAULT='${CFLAGS_OPTIMIZE}'
CFLAGS_OPTIMIZE='-O2 -fomit-frame-pointer'
CFLAGS_WARNING='-Wall -Wwrite-strings'
CLEANFILES=''
CPP='gcc -E'
CPPFLAGS=''
CYGPATH='echo'
DEFS='-DPACKAGE_NAME=\"tkimg\" -DPACKAGE_TARNAME=\"tkimg\" -DPACKAGE_VERSION=\"1.4.1\" -DPACKAGE_STRING=\"tkimg\ 1.4.1\" -DPACKAGE_BUGREPORT=\"\" -DBUILD_tkimg= -DSTDC_HEADERS=1 -DHAVE_SYS_TYPES_H=1 -DHAVE_SYS_STAT_H=1 -DHAVE_STDLIB_H=1 -DHAVE_STRING_H=1 -DHAVE_MEMORY_H=1 -DHAVE_STRINGS_H=1 -DHAVE_INTTYPES_H=1 -DHAVE_STDINT_H=1 -DHAVE_UNISTD_H=1 -DHAVE_LIMITS_H=1 -DHAVE_SYS_PARAM_H=1 -DUSE_THREAD_ALLOC=1 -D_REENTRANT=1 -D_THREAD_SAFE=1 -DTCL_THREADS=1 -DMODULE_SCOPE=extern\ __attribute__\(\(__visibility__\(\"hidden\"\)\)\) -DHAVE_NO_SEH=1 -DEXCEPTION_DISPOSITION=int -DHAVE_CAST_TO_UNION=1 -D_LARGEFILE64_SOURCE=1 -DTCL_WIDE_INT_IS_LONG=1 -DUSE_TCL_STUBS=1 -DUSE_TK_STUBS=1 '
ECHO_C=''
ECHO_N='-n'
ECHO_T=''
EGREP='grep -E'
EXEEXT=''
INSTALL_DATA='${INSTALL} -m 644'
INSTALL_PROGRAM='${INSTALL}'
INSTALL_SCRIPT='${INSTALL}'
LDFLAGS=' -Wl,--export-dynamic '
LDFLAGS_DEFAULT=' -Wl,--export-dynamic '
LD_LIBRARY_PATH_VAR='LD_LIBRARY_PATH'
LIBOBJS=''
LIBS=''
LTLIBOBJS=''
MAJOR_VERSION=''
MAKE_LIB='${SHLIB_LD} -o $@ $(PKG_OBJECTS) ${SHLIB_LD_LIBS} '
MAKE_SHARED_LIB='${SHLIB_LD} -o $@ $(PKG_OBJECTS) ${SHLIB_LD_LIBS}'
MAKE_STATIC_LIB='${STLIB_LD} $@ $(PKG_OBJECTS)'
MAKE_STUB_LIB='${STLIB_LD} $@ $(PKG_STUB_OBJECTS)'
MATH_LIBS='-lieee -lm'
MINOR_VERSION=''
OBJEXT='o'
PACKAGE_BUGREPORT=''
PACKAGE_NAME='tkimg'
PACKAGE_STRING='tkimg 1.4.1'
PACKAGE_TARNAME='tkimg'
PACKAGE_TCLNAME='img::base'
PACKAGE_VERSION='1.4.1'
PATCHLEVEL=''
PATH_SEPARATOR=':'
PKG_CFLAGS=' '
PKG_HEADERS=' tkimg.h tkimgDecls.h'
PKG_INCLUDES=''
PKG_LIBS=''
PKG_LIB_FILE='libtkimg1.4.1.so'
PKG_OBJECTS=' tkimg.o tkimgIO.o tkimgPPB.o tkimgUtils.o tkimgStubInit.o tkimgStubLib.o'
PKG_SOURCES=' tkimg.c tkimgIO.c tkimgPPB.c tkimgUtils.c tkimgStubInit.c tkimgStubLib.c'
PKG_STUB_LIB_FILE='libtkimgstub1.4.1.a'
PKG_STUB_OBJECTS=' tkimgStubLib.o'
PKG_STUB_SOURCES=' tkimgStubLib.c'
PKG_TCL_SOURCES=''
RANLIB=':'
RANLIB_STUB='ranlib'
RC=''
SET_MAKE=''
SHARED_BUILD='1'
SHELL='/bin/bash'
SHLIB_CFLAGS='-fPIC'
SHLIB_LD='${CC} -shared ${CFLAGS} ${LDFLAGS_DEFAULT}'
SHLIB_LD_LIBS='${LIBS} -L/home/jan/workspace/tcl8.6/unix -ltclstub8.6 -L/home/jan/workspace/tk8.6/unix -ltkstub8.6'
STLIB_LD='${AR} cr'
TCLSH_PROG='/home/jan/workspace/tcl8.6/unix/tclsh'
TCL_BIN_DIR='/home/jan/workspace/tcl8.6/unix'
TCL_DBGX=''
TCL_DEFS='-DPACKAGE_NAME=\"tcl\" -DPACKAGE_TARNAME=\"tcl\" -DPACKAGE_VERSION=\"8.6\" -DPACKAGE_STRING=\"tcl\ 8.6\" -DPACKAGE_BUGREPORT=\"\" -DSTDC_HEADERS=1 -DHAVE_SYS_TYPES_H=1 -DHAVE_SYS_STAT_H=1 -DHAVE_STDLIB_H=1 -DHAVE_STRING_H=1 -DHAVE_MEMORY_H=1 -DHAVE_STRINGS_H=1 -DHAVE_INTTYPES_H=1 -DHAVE_STDINT_H=1 -DHAVE_UNISTD_H=1 -DHAVE_LIMITS_H=1 -DHAVE_SYS_PARAM_H=1 -DUSE_THREAD_ALLOC=1 -D_REENTRANT=1 -D_THREAD_SAFE=1 -DTCL_THREADS=1 -DTCL_CFGVAL_ENCODING=\"iso8859-1\" -DHAVE_ZLIB=1 -DMODULE_SCOPE=extern -DHAVE_CAST_TO_UNION=1 -DTCL_SHLIB_EXT=\".so\" -DNDEBUG=1 -DTCL_CFG_OPTIMIZED=1 -DTCL_TOMMATH=1 -DMP_PREC=4 -D_LARGEFILE64_SOURCE=1 -DTCL_WIDE_INT_IS_LONG=1 -DHAVE_GETCWD=1 -DHAVE_MKSTEMP=1 -DHAVE_OPENDIR=1 -DHAVE_STRTOL=1 -DHAVE_WAITPID=1 -DHAVE_GETNAMEINFO=1 -DHAVE_GETADDRINFO=1 -DHAVE_FREEADDRINFO=1 -DHAVE_GAI_STRERROR=1 -DHAVE_STRUCT_ADDRINFO=1 -DHAVE_STRUCT_IN6_ADDR=1 -DHAVE_STRUCT_SOCKADDR_IN6=1 -DHAVE_STRUCT_SOCKADDR_STORAGE=1 -DHAVE_GETPWUID_R_5=1 -DHAVE_GETPWUID_R=1 -DHAVE_GETPWNAM_R_5=1 -DHAVE_GETPWNAM_R=1 -DHAVE_GETGRGID_R_5=1 -DHAVE_GETGRGID_R=1 -DHAVE_GETGRNAM_R_5=1 -DHAVE_GETGRNAM_R=1 -DHAVE_GETHOSTBYNAME_R_6=1 -DHAVE_GETHOSTBYNAME_R=1 -DHAVE_GETHOSTBYADDR_R_8=1 -DHAVE_GETHOSTBYADDR_R=1 -DHAVE_TERMIOS_H=1 -DHAVE_SYS_IOCTL_H=1 -DHAVE_SYS_TIME_H=1 -DTIME_WITH_SYS_TIME=1 -DHAVE_GMTIME_R=1 -DHAVE_LOCALTIME_R=1 -DHAVE_MKTIME=1 -DHAVE_TM_GMTOFF=1 -DHAVE_TIMEZONE_VAR=1 -DHAVE_STRUCT_STAT_ST_BLOCKS=1 -DHAVE_STRUCT_STAT_ST_BLKSIZE=1 -DHAVE_BLKCNT_T=1 -DHAVE_INTPTR_T=1 -DHAVE_UINTPTR_T=1 -DHAVE_SIGNED_CHAR=1 -DHAVE_LANGINFO=1 -DHAVE_MKSTEMPS=1 -DHAVE_FTS=1 -DHAVE_SYS_IOCTL_H=1 -DTCL_UNLOAD_DLLS=1 -DHAVE_CPUID=1 '
TCL_EXTRA_CFLAGS=' -pipe -fvisibility=hidden '
TCL_INCLUDES='-I"/home/jan/workspace/tcl8.6/generic"'
TCL_LD_FLAGS=' -Wl,--export-dynamic '
TCL_LIBS='${DL_LIBS} ${LIBS} ${MATH_LIBS}'
TCL_LIB_FILE='libtcl8.6.so'
TCL_LIB_FLAG='-ltcl8.6'
TCL_LIB_SPEC='-L/home/jan/workspace/tcl8.6/unix -ltcl8.6'
TCL_PATCH_LEVEL='.0'
TCL_SHLIB_LD_LIBS='${LIBS}'
TCL_SRC_DIR='/home/jan/workspace/tcl8.6'
TCL_STUB_LIB_FILE='libtclstub8.6.a'
TCL_STUB_LIB_FLAG='-ltclstub8.6'
TCL_STUB_LIB_SPEC='-L/home/jan/workspace/tcl8.6/unix -ltclstub8.6'
TCL_THREADS='1'
TCL_VERSION='8.6'
TK_BIN_DIR='/home/jan/workspace/tk8.6/unix'
TK_INCLUDES='-I"/home/jan/workspace/tk8.6/generic"'
TK_LIBS='-lX11 -lXss -lXext   -lpthread -ldl -lz  -lpthread -lieee -lm'
TK_LIB_FILE='libtk8.6.so'
TK_LIB_FLAG='-ltk8.6'
TK_LIB_SPEC='-L/home/jan/workspace/tk8.6/unix -ltk8.6'
TK_SRC_DIR='/home/jan/workspace/tk8.6'
TK_STUB_LIB_FILE='libtkstub8.6.a'
TK_STUB_LIB_FLAG='-ltkstub8.6'
TK_STUB_LIB_SPEC='-L/home/jan/workspace/tk8.6/unix -ltkstub8.6'
TK_VERSION='8.6'
TK_XINCLUDES=''
VC_MANIFEST_EMBED_DLL=''
VC_MANIFEST_EMBED_EXE=''
WISH_PROG='/home/jan/workspace/tk8.6/unix/wish'
ac_ct_AR='ar'
ac_ct_CC='gcc'
ac_ct_RANLIB='ranlib'
ac_ct_RC=''
bindir='${exec_prefix}/bin'
build_alias=''
datadir='${prefix}/share'
exec_prefix='/usr'
host_alias=''
includedir='${prefix}/include'
infodir='${prefix}/info'
libdir='${exec_prefix}/lib'
libexecdir='${exec_prefix}/libexec'
localstatedir='${prefix}/var'
mandir='${prefix}/man'
oldincludedir='/usr/include'
prefix='/usr'
program_transform_name='s,x,x,'
sbindir='${exec_prefix}/sbin'
sharedstatedir='${prefix}/com'
sysconfdir='${prefix}/etc'
target_alias=''
tkimg_BUILD_LIB_SPEC='-L/home/jan/workspace/img/base -ltkimg1.4.1'
tkimg_BUILD_STUB_LIB_PATH='/home/jan/workspace/img/base/libtkimgstub1.4.1.a'
tkimg_BUILD_STUB_LIB_SPEC='-L/home/jan/workspace/img/base -ltkimgstub1.4.1'
tkimg_LIB_SPEC='-L/usr/lib/tkimg1.4.1 -ltkimg1.4.1'
tkimg_STUB_LIB_PATH='/usr/lib/tkimg1.4.1/libtkimgstub1.4.1.a'
tkimg_STUB_LIB_SPEC='-L/usr/lib/tkimg1.4.1 -ltkimgstub1.4.1'

## ----------- ##
## confdefs.h. ##
## ----------- ##

#define BUILD_tkimg
#define EXCEPTION_DISPOSITION int
#define HAVE_CAST_TO_UNION 1
#define HAVE_INTTYPES_H 1
#define HAVE_LIMITS_H 1
#define HAVE_MEMORY_H 1
#define HAVE_NO_SEH 1
#define HAVE_STDINT_H 1
#define HAVE_STDLIB_H 1
#define HAVE_STRINGS_H 1
#define HAVE_STRING_H 1
#define HAVE_SYS_PARAM_H 1
#define HAVE_SYS_STAT_H 1
#define HAVE_SYS_TYPES_H 1
#define HAVE_UNISTD_H 1
#define MODULE_SCOPE extern __attribute__((__visibility__("hidden")))
#define PACKAGE_BUGREPORT ""
#define PACKAGE_NAME "tkimg"
#define PACKAGE_STRING "tkimg 1.4.1"
#define PACKAGE_TARNAME "tkimg"
#define PACKAGE_VERSION "1.4.1"
#define STDC_HEADERS 1
#define TCL_THREADS 1
#define TCL_WIDE_INT_IS_LONG 1
#define USE_TCL_STUBS 1
#define USE_THREAD_ALLOC 1
#define USE_TK_STUBS 1
#define _LARGEFILE64_SOURCE 1
#define _REENTRANT 1
#define _THREAD_SAFE 1

configure: exit 0

## ---------------------- ##
## Running config.status. ##
## ---------------------- ##

This file was extended by tkimg config.status 1.4.1, which was
generated by GNU Autoconf 2.59.  Invocation command line was

  CONFIG_FILES    = Makefile
  CONFIG_HEADERS  = 
  CONFIG_LINKS    = 
  CONFIG_COMMANDS = 
  $ ./config.status 

on acer

config.status:725: creating Makefile
