This file contains any messages produced by compilers while
running configure, to aid debugging if configure makes a mistake.

It was created by tkimgtiff configure 1.4.1, which was
generated by GNU Autoconf 2.59.  Invocation command line was

  $ ./configure --prefix=/usr --cache-file=../config.cache --srcdir=. --with-tkimg=/home/jan/workspace/img/base --with-tifftcl=/home/jan/workspace/img/libtiff --with-zlibtcl=/home/jan/workspace/img/zlib --with-jpegtcl=/home/jan/workspace/img/libjpeg --disable-option-checking

## --------- ##
## Platform. ##
## --------- ##

hostname = acer
uname -m = x86_64
uname -r = 3.8.0-19-generic
uname -s = Linux
uname -v = #30-Ubuntu SMP Wed May 1 16:35:23 UTC 2013

/usr/bin/uname -p = unknown
/bin/uname -X     = unknown

/bin/arch              = unknown
/usr/bin/arch -k       = unknown
/usr/convex/getsysinfo = unknown
hostinfo               = unknown
/bin/machine           = unknown
/usr/bin/oslevel       = unknown
/bin/universe          = unknown

PATH: /home/jan/bin
PATH: /usr/lib/lightdm/lightdm
PATH: /usr/local/sbin
PATH: /usr/local/bin
PATH: /usr/sbin
PATH: /usr/bin
PATH: /sbin
PATH: /bin
PATH: /usr/games
PATH: /usr/local/games


## ----------- ##
## Core tests. ##
## ----------- ##

configure:1233: loading cache ../config.cache
configure:1335: checking for correct TEA configuration
configure:1354: result: ok (TEA 3.9)
configure:1428: configuring tkimgtiff 1.4.1
configure:1503: checking for Tcl configuration
configure:1630: result: found /home/jan/workspace/tcl8.6/unix/tclConfig.sh
configure:1681: checking for gcc
configure:1707: result: gcc
configure:1951: checking for C compiler version
configure:1954: gcc --version </dev/null >&5
gcc (Ubuntu/Linaro 4.7.3-1ubuntu1) 4.7.3
Copyright (C) 2012 Free Software Foundation, Inc.
This is free software; see the source for copying conditions.  There is NO
warranty; not even for MERCHANTABILITY or FITNESS FOR A PARTICULAR PURPOSE.

configure:1957: $? = 0
configure:1959: gcc -v </dev/null >&5
Using built-in specs.
COLLECT_GCC=gcc
COLLECT_LTO_WRAPPER=/usr/lib/gcc/x86_64-linux-gnu/4.7/lto-wrapper
Target: x86_64-linux-gnu
Configured with: ../src/configure -v --with-pkgversion='Ubuntu/Linaro 4.7.3-1ubuntu1' --with-bugurl=file:///usr/share/doc/gcc-4.7/README.Bugs --enable-languages=c,c++,go,fortran,objc,obj-c++ --prefix=/usr --program-suffix=-4.7 --enable-shared --enable-linker-build-id --libexecdir=/usr/lib --without-included-gettext --enable-threads=posix --with-gxx-include-dir=/usr/include/c++/4.7 --libdir=/usr/lib --enable-nls --with-sysroot=/ --enable-clocale=gnu --enable-libstdcxx-debug --enable-libstdcxx-time=yes --enable-gnu-unique-object --enable-plugin --with-system-zlib --enable-objc-gc --with-cloog --enable-cloog-backend=ppl --disable-cloog-version-check --disable-ppl-version-check --enable-multiarch --disable-werror --with-arch-32=i686 --with-abi=m64 --with-multilib-list=m32,m64,mx32 --with-tune=generic --enable-checking=release --build=x86_64-linux-gnu --host=x86_64-linux-gnu --target=x86_64-linux-gnu
Thread model: posix
gcc version 4.7.3 (Ubuntu/Linaro 4.7.3-1ubuntu1) 
configure:1962: $? = 0
configure:1964: gcc -V </dev/null >&5
gcc: error: unrecognized command line option '-V'
gcc: fatal error: no input files
compilation terminated.
configure:1967: $? = 4
configure:1990: checking for C compiler default output file name
configure:1993: gcc    conftest.c  >&5
configure:1996: $? = 0
configure:2042: result: a.out
configure:2047: checking whether the C compiler works
configure:2053: ./a.out
configure:2056: $? = 0
configure:2073: result: yes
configure:2080: checking whether we are cross compiling
configure:2082: result: no
configure:2085: checking for suffix of executables
configure:2087: gcc -o conftest    conftest.c  >&5
configure:2090: $? = 0
configure:2115: result: 
configure:2121: checking for suffix of object files
configure:2167: result: o
configure:2171: checking whether we are using the GNU C compiler
configure:2227: result: yes
configure:2233: checking whether gcc accepts -g
configure:2284: result: yes
configure:2301: checking for gcc option to accept ANSI C
configure:2408: result: none needed
configure:2426: gcc -c -g -O2  conftest.c >&5
conftest.c:2:3: error: unknown type name 'choke'
conftest.c:2:3: error: expected '=', ',', ';', 'asm' or '__attribute__' at end of input
configure:2432: $? = 1
configure: failed program was:
| #ifndef __cplusplus
|   choke me
| #endif
configure:2567: checking for existence of /home/jan/workspace/tcl8.6/unix/tclConfig.sh
configure:2571: result: loading
configure:2635: checking platform
configure:2658: gcc -c -g -O2  conftest.c >&5
configure:2664: $? = 0
configure:2668: test -z 
			 || test ! -s conftest.err
configure:2671: $? = 0
configure:2674: test -s conftest.o
configure:2677: $? = 0
configure:2689: result: unix
configure:2730: checking for Tk configuration
configure:2857: result: found /home/jan/workspace/tk8.6/unix/tkConfig.sh
configure:2863: checking for existence of /home/jan/workspace/tk8.6/unix/tkConfig.sh
configure:2867: result: loading
configure:2975: --exec-prefix defaulting to TCL_EXEC_PREFIX /usr
configure:3049: checking for gcc
configure:3075: result: gcc
configure:3319: checking for C compiler version
configure:3322: gcc --version </dev/null >&5
gcc (Ubuntu/Linaro 4.7.3-1ubuntu1) 4.7.3
Copyright (C) 2012 Free Software Foundation, Inc.
This is free software; see the source for copying conditions.  There is NO
warranty; not even for MERCHANTABILITY or FITNESS FOR A PARTICULAR PURPOSE.

configure:3325: $? = 0
configure:3327: gcc -v </dev/null >&5
Using built-in specs.
COLLECT_GCC=gcc
COLLECT_LTO_WRAPPER=/usr/lib/gcc/x86_64-linux-gnu/4.7/lto-wrapper
Target: x86_64-linux-gnu
Configured with: ../src/configure -v --with-pkgversion='Ubuntu/Linaro 4.7.3-1ubuntu1' --with-bugurl=file:///usr/share/doc/gcc-4.7/README.Bugs --enable-languages=c,c++,go,fortran,objc,obj-c++ --prefix=/usr --program-suffix=-4.7 --enable-shared --enable-linker-build-id --libexecdir=/usr/lib --without-included-gettext --enable-threads=posix --with-gxx-include-dir=/usr/include/c++/4.7 --libdir=/usr/lib --enable-nls --with-sysroot=/ --enable-clocale=gnu --enable-libstdcxx-debug --enable-libstdcxx-time=yes --enable-gnu-unique-object --enable-plugin --with-system-zlib --enable-objc-gc --with-cloog --enable-cloog-backend=ppl --disable-cloog-version-check --disable-ppl-version-check --enable-multiarch --disable-werror --with-arch-32=i686 --with-abi=m64 --with-multilib-list=m32,m64,mx32 --with-tune=generic --enable-checking=release --build=x86_64-linux-gnu --host=x86_64-linux-gnu --target=x86_64-linux-gnu
Thread model: posix
gcc version 4.7.3 (Ubuntu/Linaro 4.7.3-1ubuntu1) 
configure:3330: $? = 0
configure:3332: gcc -V </dev/null >&5
gcc: error: unrecognized command line option '-V'
gcc: fatal error: no input files
compilation terminated.
configure:3335: $? = 4
configure:3338: checking whether we are using the GNU C compiler
configure:3394: result: yes
configure:3400: checking whether gcc accepts -g
configure:3451: result: yes
configure:3468: checking for gcc option to accept ANSI C
configure:3575: result: none needed
configure:3593: gcc -c -g -O2  conftest.c >&5
conftest.c:2:3: error: unknown type name 'choke'
conftest.c:2:3: error: expected '=', ',', ';', 'asm' or '__attribute__' at end of input
configure:3599: $? = 1
configure: failed program was:
| #ifndef __cplusplus
|   choke me
| #endif
configure:3737: checking how to run the C preprocessor
configure:3855: result: gcc -E
configure:3879: gcc -E  conftest.c
configure:3885: $? = 0
configure:3917: gcc -E  conftest.c
conftest.c:10:28: fatal error: ac_nonexistent.h: No such file or directory
compilation terminated.
configure:3923: $? = 1
configure: failed program was:
| /* confdefs.h.  */
| 
| #define PACKAGE_NAME "tkimgtiff"
| #define PACKAGE_TARNAME "tkimgtiff"
| #define PACKAGE_VERSION "1.4.1"
| #define PACKAGE_STRING "tkimgtiff 1.4.1"
| #define PACKAGE_BUGREPORT ""
| #define BUILD_tkimgtiff
| /* end confdefs.h.  */
| #include <ac_nonexistent.h>
configure:3980: checking for a BSD-compatible install
configure:4035: result: /usr/bin/install -c
configure:4051: checking whether make sets $(MAKE)
configure:4071: result: yes
configure:4126: checking for ranlib
configure:4152: result: ranlib
configure:4173: checking for egrep
configure:4183: result: grep -E
configure:4188: checking for ANSI C header files
configure:4344: result: yes
configure:4368: checking for sys/types.h
configure:4414: result: yes
configure:4368: checking for sys/stat.h
configure:4414: result: yes
configure:4368: checking for stdlib.h
configure:4414: result: yes
configure:4368: checking for string.h
configure:4414: result: yes
configure:4368: checking for memory.h
configure:4414: result: yes
configure:4368: checking for strings.h
configure:4414: result: yes
configure:4368: checking for inttypes.h
configure:4414: result: yes
configure:4368: checking for stdint.h
configure:4414: result: yes
configure:4368: checking for unistd.h
configure:4414: result: yes
configure:4436: checking if the compiler understands -pipe
configure:4490: result: yes
configure:4501: checking whether byte ordering is bigendian
configure:4712: result: no
configure:4740: checking for sin
configure:4828: result: no
configure:4836: checking for main in -lieee
configure:4892: result: yes
configure:4904: checking for main in -linet
configure:4960: result: no
configure:4967: checking for net/errno.h
configure:4972: result: no
configure:5133: checking for connect
configure:5221: result: yes
configure:5496: checking for gethostbyname
configure:5584: result: yes
configure:5668: checking dirent.h
configure:5740: result: yes
configure:5753: checking for errno.h
configure:5758: result: yes
configure:5901: checking for float.h
configure:5906: result: yes
configure:6049: checking for values.h
configure:6054: result: yes
configure:6197: checking for limits.h
configure:6202: result: yes
configure:6349: checking for stdlib.h
configure:6354: result: yes
configure:6551: checking for string.h
configure:6556: result: yes
configure:6741: checking for sys/wait.h
configure:6746: result: yes
configure:6889: checking for dlfcn.h
configure:6894: result: yes
configure:7043: checking for sys/param.h
configure:7048: result: yes
configure:7212: checking for tkimg configuration
configure:7301: result: found /home/jan/workspace/img/base/tkimgConfig.sh
configure:7307: checking for existence of /home/jan/workspace/img/base/tkimgConfig.sh
configure:7311: result: loading
configure:7329: WARNING: Found Makefile - using build library specs for tkimg
configure:7400: checking For tkimg_STUB library for LIBS
configure:7433: result: using tkimg_STUB_LIB_SPEC -L/home/jan/workspace/img/base -ltkimgstub1.4.1
configure:7464: checking for tifftcl configuration
configure:7553: result: found /home/jan/workspace/img/libtiff/tifftclConfig.sh
configure:7559: checking for existence of /home/jan/workspace/img/libtiff/tifftclConfig.sh
configure:7563: result: loading
configure:7581: WARNING: Found Makefile - using build library specs for tifftcl
configure:7652: checking For tifftcl_STUB library for LIBS
configure:7685: result: using tifftcl_STUB_LIB_SPEC -L/home/jan/workspace/img/libtiff -ltifftclstub3.9.4
configure:7717: checking for jpegtcl configuration
configure:7806: result: found /home/jan/workspace/img/libjpeg/jpegtclConfig.sh
configure:7812: checking for existence of /home/jan/workspace/img/libjpeg/jpegtclConfig.sh
configure:7816: result: loading
configure:7834: WARNING: Found Makefile - using build library specs for jpegtcl
configure:7905: checking For jpegtcl_STUB library for LIBS
configure:7938: result: using jpegtcl_STUB_LIB_SPEC -L/home/jan/workspace/img/libjpeg -ljpegtclstub8.3
configure:7970: checking for zlibtcl configuration
configure:8059: result: found /home/jan/workspace/img/zlib/zlibtclConfig.sh
configure:8065: checking for existence of /home/jan/workspace/img/zlib/zlibtclConfig.sh
configure:8069: result: loading
configure:8087: WARNING: Found Makefile - using build library specs for zlibtcl
configure:8158: checking For zlibtcl_STUB library for LIBS
configure:8191: result: using zlibtcl_STUB_LIB_SPEC -L/home/jan/workspace/img/zlib -lzlibtclstub1.2.8
configure:8510: checking for Tcl public headers
configure:8585: result: /home/jan/workspace/tcl8.6/generic
configure:8598: checking for Tk public headers
configure:8676: result: /home/jan/workspace/tk8.6/generic
configure:8772: checking for pthread_mutex_init in -lpthread
configure:8834: result: yes
configure:9155: checking for building with threads
configure:9163: result: yes (default)
configure:9204: checking how to build libraries
configure:9222: result: shared
configure:9285: checking for ranlib
configure:9312: result: ranlib
configure:9329: checking if 64bit support is requested
configure:9338: result: no
configure:9343: checking if 64bit Sparc VIS support is requested
configure:9352: result: no
configure:9363: checking if compiler supports visibility "hidden"
configure:9420: result: yes
configure:9435: checking if rpath support is requested
configure:9444: result: yes
configure:9470: checking system version
configure:9493: result: Linux-3.8.0-19-generic
configure:9572: checking for ar
configure:9598: result: ar
configure:11598: checking for SEH support in compiler
configure:11653: result: no
configure:11669: checking for EXCEPTION_DISPOSITION support in include files
configure:11727: result: no
configure:11741: checking for winnt.h that ignores VOID define
configure:11802: result: no
configure:11816: checking for cast to union support
configure:11871: result: yes
configure:11897: checking for required early compiler flags
configure:12219: result:  _LARGEFILE64_SOURCE
configure:12224: checking for 64-bit integer type
configure:12334: result: using long
configure:12659: checking for build with symbols
configure:12672: result: no
configure:12717: checking for X
configure:12937: result: no
configure:12995: checking for X11 header files
configure:13006: gcc -E  conftest.c
conftest.c:32:27: fatal error: X11/Intrinsic.h: No such file or directory
compilation terminated.
configure:13012: $? = 1
configure: failed program was:
| /* confdefs.h.  */
| 
| #define PACKAGE_NAME "tkimgtiff"
| #define PACKAGE_TARNAME "tkimgtiff"
| #define PACKAGE_VERSION "1.4.1"
| #define PACKAGE_STRING "tkimgtiff 1.4.1"
| #define PACKAGE_BUGREPORT ""
| #define BUILD_tkimgtiff
| #define STDC_HEADERS 1
| #define HAVE_SYS_TYPES_H 1
| #define HAVE_SYS_STAT_H 1
| #define HAVE_STDLIB_H 1
| #define HAVE_STRING_H 1
| #define HAVE_MEMORY_H 1
| #define HAVE_STRINGS_H 1
| #define HAVE_INTTYPES_H 1
| #define HAVE_STDINT_H 1
| #define HAVE_UNISTD_H 1
| #define HAVE_LIMITS_H 1
| #define HAVE_SYS_PARAM_H 1
| #define USE_THREAD_ALLOC 1
| #define _REENTRANT 1
| #define _THREAD_SAFE 1
| #define TCL_THREADS 1
| #define MODULE_SCOPE extern __attribute__((__visibility__("hidden")))
| #define HAVE_NO_SEH 1
| #define EXCEPTION_DISPOSITION int
| #define HAVE_CAST_TO_UNION 1
| #define _LARGEFILE64_SOURCE 1
| #define TCL_WIDE_INT_IS_LONG 1
| /* end confdefs.h.  */
| #include <X11/Intrinsic.h>
configure:13051: result: couldn't find any!
configure:13056: checking for X11 libraries
configure:13077: checking for XCreateWindow in -lXwindow
configure:13139: result: no
configure:13147: result: could not find any!  Using -lX11.
configure:13389: checking for tclsh
configure:13416: result: /home/jan/workspace/tcl8.6/unix/tclsh
configure:13421: checking for wish
configure:13448: result: /home/jan/workspace/tk8.6/unix/wish
configure:13587: creating ./config.status

## ---------------------- ##
## Running config.status. ##
## ---------------------- ##

This file was extended by tkimgtiff config.status 1.4.1, which was
generated by GNU Autoconf 2.59.  Invocation command line was

  CONFIG_FILES    = 
  CONFIG_HEADERS  = 
  CONFIG_LINKS    = 
  CONFIG_COMMANDS = 
  $ ./config.status 

on acer

config.status:754: creating Makefile

## ---------------- ##
## Cache variables. ##
## ---------------- ##

ac_cv_c_bigendian=no
ac_cv_c_compiler_gnu=yes
ac_cv_c_jpegtclconfig=/home/jan/workspace/img/libjpeg
ac_cv_c_pngtclconfig=/home/jan/workspace/img/libpng
ac_cv_c_tclconfig=/home/jan/workspace/tcl8.6/unix
ac_cv_c_tclh=/home/jan/workspace/tcl8.6/generic
ac_cv_c_tifftclconfig=/home/jan/workspace/img/libtiff
ac_cv_c_tkconfig=/home/jan/workspace/tk8.6/unix
ac_cv_c_tkh=/home/jan/workspace/tk8.6/generic
ac_cv_c_tkimgconfig=/home/jan/workspace/img/base
ac_cv_c_zlibtclconfig=/home/jan/workspace/img/zlib
ac_cv_env_CC_set=
ac_cv_env_CC_value=
ac_cv_env_CFLAGS_set=
ac_cv_env_CFLAGS_value=
ac_cv_env_CPPFLAGS_set=
ac_cv_env_CPPFLAGS_value=
ac_cv_env_CPP_set=
ac_cv_env_CPP_value=
ac_cv_env_LDFLAGS_set=
ac_cv_env_LDFLAGS_value=
ac_cv_env_build_alias_set=
ac_cv_env_build_alias_value=
ac_cv_env_host_alias_set=
ac_cv_env_host_alias_value=
ac_cv_env_target_alias_set=
ac_cv_env_target_alias_value=
ac_cv_exeext=
ac_cv_func_connect=yes
ac_cv_func_gethostbyname=yes
ac_cv_func_sin=no
ac_cv_have_x=have_x=no
ac_cv_header_dlfcn_h=yes
ac_cv_header_errno_h=yes
ac_cv_header_float_h=yes
ac_cv_header_inttypes_h=yes
ac_cv_header_limits_h=yes
ac_cv_header_memory_h=yes
ac_cv_header_net_errno_h=no
ac_cv_header_stdc=yes
ac_cv_header_stdint_h=yes
ac_cv_header_stdlib_h=yes
ac_cv_header_string_h=yes
ac_cv_header_strings_h=yes
ac_cv_header_sys_param_h=yes
ac_cv_header_sys_stat_h=yes
ac_cv_header_sys_types_h=yes
ac_cv_header_sys_wait_h=yes
ac_cv_header_unistd_h=yes
ac_cv_header_values_h=yes
ac_cv_lib_Xwindow_XCreateWindow=no
ac_cv_lib_ieee_main=yes
ac_cv_lib_inet_main=no
ac_cv_lib_pthread_pthread_mutex_init=yes
ac_cv_objext=o
ac_cv_path_install='/usr/bin/install -c'
ac_cv_prog_CPP='gcc -E'
ac_cv_prog_ac_ct_AR=ar
ac_cv_prog_ac_ct_CC=gcc
ac_cv_prog_ac_ct_RANLIB=ranlib
ac_cv_prog_cc_g=yes
ac_cv_prog_cc_stdc=
ac_cv_prog_egrep='grep -E'
ac_cv_prog_make_make_set=yes
tcl_cv_cast_to_union=yes
tcl_cv_cc_pipe=yes
tcl_cv_cc_visibility_hidden=yes
tcl_cv_dirent_h=yes
tcl_cv_eh_disposition=no
tcl_cv_flag__isoc99_source=no
tcl_cv_flag__largefile64_source=yes
tcl_cv_flag__largefile_source64=no
tcl_cv_seh=no
tcl_cv_sys_version=Linux-3.8.0-19-generic
tcl_cv_type_64bit=none
tcl_cv_winnt_ignore_void=no

## ----------------- ##
## Output variables. ##
## ----------------- ##

AR='ar'
CC='gcc'
CELIB_DIR=''
CFLAGS='-g -O2 -pipe ${CFLAGS_DEFAULT} ${CFLAGS_WARNING} ${SHLIB_CFLAGS} '
CFLAGS_DEBUG='-g'
CFLAGS_DEFAULT='${CFLAGS_OPTIMIZE}'
CFLAGS_OPTIMIZE='-O2 -fomit-frame-pointer'
CFLAGS_WARNING='-Wall -Wwrite-strings'
CLEANFILES='init.c'
CPP='gcc -E'
CPPFLAGS=''
CYGPATH='echo'
DEFS='-DPACKAGE_NAME=\"tkimgtiff\" -DPACKAGE_TARNAME=\"tkimgtiff\" -DPACKAGE_VERSION=\"1.4.1\" -DPACKAGE_STRING=\"tkimgtiff\ 1.4.1\" -DPACKAGE_BUGREPORT=\"\" -DBUILD_tkimgtiff= -DSTDC_HEADERS=1 -DHAVE_SYS_TYPES_H=1 -DHAVE_SYS_STAT_H=1 -DHAVE_STDLIB_H=1 -DHAVE_STRING_H=1 -DHAVE_MEMORY_H=1 -DHAVE_STRINGS_H=1 -DHAVE_INTTYPES_H=1 -DHAVE_STDINT_H=1 -DHAVE_UNISTD_H=1 -DHAVE_LIMITS_H=1 -DHAVE_SYS_PARAM_H=1 -DUSE_THREAD_ALLOC=1 -D_REENTRANT=1 -D_THREAD_SAFE=1 -DTCL_THREADS=1 -DMODULE_SCOPE=extern\ __attribute__\(\(__visibility__\(\"hidden\"\)\)\) -DHAVE_NO_SEH=1 -DEXCEPTION_DISPOSITION=int -DHAVE_CAST_TO_UNION=1 -D_LARGEFILE64_SOURCE=1 -DTCL_WIDE_INT_IS_LONG=1 -DUSE_TCL_STUBS=1 -DUSE_TK_STUBS=1 '
ECHO_C=''
ECHO_N='-n'
ECHO_T=''
EGREP='grep -E'
EXEEXT=''
INSTALL_DATA='${INSTALL} -m 644'
INSTALL_PROGRAM='${INSTALL}'
INSTALL_SCRIPT='${INSTALL}'
LDFLAGS=' -Wl,--export-dynamic '
LDFLAGS_DEFAULT=' -Wl,--export-dynamic '
LD_LIBRARY_PATH_VAR='LD_LIBRARY_PATH'
LIBOBJS=''
LIBS=''
LTLIBOBJS=''
MAKE_LIB='${SHLIB_LD} -o $@ $(PKG_OBJECTS) ${SHLIB_LD_LIBS} '
MAKE_SHARED_LIB='${SHLIB_LD} -o $@ $(PKG_OBJECTS) ${SHLIB_LD_LIBS}'
MAKE_STATIC_LIB='${STLIB_LD} $@ $(PKG_OBJECTS)'
MAKE_STUB_LIB='${STLIB_LD} $@ $(PKG_STUB_OBJECTS)'
MATH_LIBS='-lieee -lm'
OBJEXT='o'
PACKAGE_BUGREPORT=''
PACKAGE_NAME='tkimgtiff'
PACKAGE_STRING='tkimgtiff 1.4.1'
PACKAGE_TARNAME='tkimgtiff'
PACKAGE_TCLNAME='img::tiff'
PACKAGE_VERSION='1.4.1'
PATH_SEPARATOR=':'
PKG_CFLAGS=' -DTKIMG_VERSION=\"${tkimg_VERSION}\" -DTIFFTCL_VERSION=\"${tifftcl_VERSION}\" -DJPEGTCL_VERSION=\"${jpegtcl_VERSION}\" -DZLIBTCL_VERSION=\"${zlibtcl_VERSION}\"'
PKG_HEADERS=''
PKG_INCLUDES=' -I"." -I"/home/jan/workspace/img/base/." -I"/home/jan/workspace/img/libtiff/." -I"/home/jan/workspace/img/libtiff/libtiff" -I"/home/jan/workspace/img/libjpeg/." -I"/home/jan/workspace/img/libjpeg/libjpeg" -I"/home/jan/workspace/img/zlib/." -I"/home/jan/workspace/img/zlib" -I.'
PKG_LIBS=' -L/home/jan/workspace/img/base -ltkimgstub1.4.1 -L/home/jan/workspace/img/libtiff -ltifftclstub3.9.4 -L/home/jan/workspace/img/libjpeg -ljpegtclstub8.3 -L/home/jan/workspace/img/zlib -lzlibtclstub1.2.8 -lm -lX11 -L/home/jan/workspace/img/base -ltkimgstub1.4.1 -L/home/jan/workspace/img/libtiff -ltifftclstub3.9.4 -L/home/jan/workspace/img/libjpeg -ljpegtclstub8.3 -L/home/jan/workspace/img/zlib -lzlibtclstub1.2.8'
PKG_LIB_FILE='libtkimgtiff1.4.1.so'
PKG_OBJECTS=' tiff.o tiffJpeg.o tiffZip.o tiffPixar.o'
PKG_SOURCES=' tiff.c tiffJpeg.c tiffZip.c tiffPixar.c'
PKG_STUB_LIB_FILE='libtkimgtiffstub1.4.1.a'
PKG_STUB_OBJECTS=''
PKG_STUB_SOURCES=''
PKG_TCL_SOURCES=''
RANLIB=':'
RANLIB_STUB='ranlib'
RC=''
SET_MAKE=''
SHARED_BUILD='1'
SHELL='/bin/bash'
SHLIB_CFLAGS='-fPIC'
SHLIB_LD='${CC} -shared ${CFLAGS} ${LDFLAGS_DEFAULT}'
SHLIB_LD_LIBS='${LIBS} -L/home/jan/workspace/tcl8.6/unix -ltclstub8.6 -L/home/jan/workspace/tk8.6/unix -ltkstub8.6'
STLIB_LD='${AR} cr'
TCLSH_PROG='/home/jan/workspace/tcl8.6/unix/tclsh'
TCL_BIN_DIR='/home/jan/workspace/tcl8.6/unix'
TCL_DBGX=''
TCL_DEFS='-DPACKAGE_NAME=\"tcl\" -DPACKAGE_TARNAME=\"tcl\" -DPACKAGE_VERSION=\"8.6\" -DPACKAGE_STRING=\"tcl\ 8.6\" -DPACKAGE_BUGREPORT=\"\" -DSTDC_HEADERS=1 -DHAVE_SYS_TYPES_H=1 -DHAVE_SYS_STAT_H=1 -DHAVE_STDLIB_H=1 -DHAVE_STRING_H=1 -DHAVE_MEMORY_H=1 -DHAVE_STRINGS_H=1 -DHAVE_INTTYPES_H=1 -DHAVE_STDINT_H=1 -DHAVE_UNISTD_H=1 -DHAVE_LIMITS_H=1 -DHAVE_SYS_PARAM_H=1 -DUSE_THREAD_ALLOC=1 -D_REENTRANT=1 -D_THREAD_SAFE=1 -DTCL_THREADS=1 -DTCL_CFGVAL_ENCODING=\"iso8859-1\" -DHAVE_ZLIB=1 -DMODULE_SCOPE=extern -DHAVE_CAST_TO_UNION=1 -DTCL_SHLIB_EXT=\".so\" -DNDEBUG=1 -DTCL_CFG_OPTIMIZED=1 -DTCL_TOMMATH=1 -DMP_PREC=4 -D_LARGEFILE64_SOURCE=1 -DTCL_WIDE_INT_IS_LONG=1 -DHAVE_GETCWD=1 -DHAVE_MKSTEMP=1 -DHAVE_OPENDIR=1 -DHAVE_STRTOL=1 -DHAVE_WAITPID=1 -DHAVE_GETNAMEINFO=1 -DHAVE_GETADDRINFO=1 -DHAVE_FREEADDRINFO=1 -DHAVE_GAI_STRERROR=1 -DHAVE_STRUCT_ADDRINFO=1 -DHAVE_STRUCT_IN6_ADDR=1 -DHAVE_STRUCT_SOCKADDR_IN6=1 -DHAVE_STRUCT_SOCKADDR_STORAGE=1 -DHAVE_GETPWUID_R_5=1 -DHAVE_GETPWUID_R=1 -DHAVE_GETPWNAM_R_5=1 -DHAVE_GETPWNAM_R=1 -DHAVE_GETGRGID_R_5=1 -DHAVE_GETGRGID_R=1 -DHAVE_GETGRNAM_R_5=1 -DHAVE_GETGRNAM_R=1 -DHAVE_GETHOSTBYNAME_R_6=1 -DHAVE_GETHOSTBYNAME_R=1 -DHAVE_GETHOSTBYADDR_R_8=1 -DHAVE_GETHOSTBYADDR_R=1 -DHAVE_TERMIOS_H=1 -DHAVE_SYS_IOCTL_H=1 -DHAVE_SYS_TIME_H=1 -DTIME_WITH_SYS_TIME=1 -DHAVE_GMTIME_R=1 -DHAVE_LOCALTIME_R=1 -DHAVE_MKTIME=1 -DHAVE_TM_GMTOFF=1 -DHAVE_TIMEZONE_VAR=1 -DHAVE_STRUCT_STAT_ST_BLOCKS=1 -DHAVE_STRUCT_STAT_ST_BLKSIZE=1 -DHAVE_BLKCNT_T=1 -DHAVE_INTPTR_T=1 -DHAVE_UINTPTR_T=1 -DHAVE_SIGNED_CHAR=1 -DHAVE_LANGINFO=1 -DHAVE_MKSTEMPS=1 -DHAVE_FTS=1 -DHAVE_SYS_IOCTL_H=1 -DTCL_UNLOAD_DLLS=1 -DHAVE_CPUID=1 '
TCL_EXTRA_CFLAGS=' -pipe -fvisibility=hidden '
TCL_INCLUDES='-I"/home/jan/workspace/tcl8.6/generic"'
TCL_LD_FLAGS=' -Wl,--export-dynamic '
TCL_LIBS='${DL_LIBS} ${LIBS} ${MATH_LIBS}'
TCL_LIB_FILE='libtcl8.6.so'
TCL_LIB_FLAG='-ltcl8.6'
TCL_LIB_SPEC='-L/home/jan/workspace/tcl8.6/unix -ltcl8.6'
TCL_PATCH_LEVEL='.0'
TCL_SHLIB_LD_LIBS='${LIBS}'
TCL_SRC_DIR='/home/jan/workspace/tcl8.6'
TCL_STUB_LIB_FILE='libtclstub8.6.a'
TCL_STUB_LIB_FLAG='-ltclstub8.6'
TCL_STUB_LIB_SPEC='-L/home/jan/workspace/tcl8.6/unix -ltclstub8.6'
TCL_THREADS='1'
TCL_VERSION='8.6'
TK_BIN_DIR='/home/jan/workspace/tk8.6/unix'
TK_INCLUDES='-I"/home/jan/workspace/tk8.6/generic"'
TK_LIBS='-lX11 -lXss -lXext   -lpthread -ldl -lz  -lpthread -lieee -lm'
TK_LIB_FILE='libtk8.6.so'
TK_LIB_FLAG='-ltk8.6'
TK_LIB_SPEC='-L/home/jan/workspace/tk8.6/unix -ltk8.6'
TK_SRC_DIR='/home/jan/workspace/tk8.6'
TK_STUB_LIB_FILE='libtkstub8.6.a'
TK_STUB_LIB_FLAG='-ltkstub8.6'
TK_STUB_LIB_SPEC='-L/home/jan/workspace/tk8.6/unix -ltkstub8.6'
TK_VERSION='8.6'
TK_XINCLUDES=''
VC_MANIFEST_EMBED_DLL=''
VC_MANIFEST_EMBED_EXE=''
WISH_PROG='/home/jan/workspace/tk8.6/unix/wish'
ac_ct_AR='ar'
ac_ct_CC='gcc'
ac_ct_RANLIB='ranlib'
ac_ct_RC=''
bindir='${exec_prefix}/bin'
build_alias=''
datadir='${prefix}/share'
exec_prefix='/usr'
host_alias=''
includedir='${prefix}/include'
infodir='${prefix}/info'
jpegtcl_BIN_DIR='/home/jan/workspace/img/libjpeg'
jpegtcl_BUILD_PATH='/home/jan/workspace/img/libjpeg'
jpegtcl_LIB_FILE='libjpegtcl8.3.so'
jpegtcl_LIB_SPEC='-L/home/jan/workspace/img/libjpeg -ljpegtcl8.3'
jpegtcl_SRC_DIR='.'
jpegtcl_SRC_PATH='/home/jan/workspace/img/libjpeg/.'
jpegtcl_STUB_LIB_FILE='libjpegtclstub8.3.a'
jpegtcl_STUB_LIB_PATH='/home/jan/workspace/img/libjpeg/libjpegtclstub8.3.a'
jpegtcl_STUB_LIB_SPEC='-L/home/jan/workspace/img/libjpeg -ljpegtclstub8.3'
jpegtcl_VERSION='8.3'
libdir='${exec_prefix}/lib'
libexecdir='${exec_prefix}/libexec'
localstatedir='${prefix}/var'
mandir='${prefix}/man'
oldincludedir='/usr/include'
prefix='/usr'
program_transform_name='s,x,x,'
sbindir='${exec_prefix}/sbin'
sharedstatedir='${prefix}/com'
sysconfdir='${prefix}/etc'
target_alias=''
tifftcl_BIN_DIR='/home/jan/workspace/img/libtiff'
tifftcl_BUILD_PATH='/home/jan/workspace/img/libtiff'
tifftcl_LIB_FILE='libtifftcl3.9.4.so'
tifftcl_LIB_SPEC='-L/home/jan/workspace/img/libtiff -ltifftcl3.9.4'
tifftcl_SRC_DIR='.'
tifftcl_SRC_PATH='/home/jan/workspace/img/libtiff/.'
tifftcl_STUB_LIB_FILE='libtifftclstub3.9.4.a'
tifftcl_STUB_LIB_PATH='/home/jan/workspace/img/libtiff/libtifftclstub3.9.4.a'
tifftcl_STUB_LIB_SPEC='-L/home/jan/workspace/img/libtiff -ltifftclstub3.9.4'
tifftcl_VERSION='3.9.4'
tkimg_BIN_DIR='/home/jan/workspace/img/base'
tkimg_BUILD_PATH='/home/jan/workspace/img/base'
tkimg_LIB_FILE='libtkimg1.4.1.so'
tkimg_LIB_SPEC='-L/home/jan/workspace/img/base -ltkimg1.4.1'
tkimg_SRC_DIR='.'
tkimg_SRC_PATH='/home/jan/workspace/img/base/.'
tkimg_STUB_LIB_FILE='libtkimgstub1.4.1.a'
tkimg_STUB_LIB_PATH='/home/jan/workspace/img/base/libtkimgstub1.4.1.a'
tkimg_STUB_LIB_SPEC='-L/home/jan/workspace/img/base -ltkimgstub1.4.1'
tkimg_VERSION='1.4.1'
zlibtcl_BIN_DIR='/home/jan/workspace/img/zlib'
zlibtcl_BUILD_PATH='/home/jan/workspace/img/zlib'
zlibtcl_LIB_FILE='libzlibtcl1.2.8.so'
zlibtcl_LIB_SPEC='-L/home/jan/workspace/img/zlib -lzlibtcl1.2.8'
zlibtcl_SRC_DIR='.'
zlibtcl_SRC_PATH='/home/jan/workspace/img/zlib/.'
zlibtcl_STUB_LIB_FILE='libzlibtclstub1.2.8.a'
zlibtcl_STUB_LIB_PATH='/home/jan/workspace/img/zlib/libzlibtclstub1.2.8.a'
zlibtcl_STUB_LIB_SPEC='-L/home/jan/workspace/img/zlib -lzlibtclstub1.2.8'
zlibtcl_VERSION='1.2.8'

## ----------- ##
## confdefs.h. ##
## ----------- ##

#define BUILD_tkimgtiff
#define EXCEPTION_DISPOSITION int
#define HAVE_CAST_TO_UNION 1
#define HAVE_INTTYPES_H 1
#define HAVE_LIMITS_H 1
#define HAVE_MEMORY_H 1
#define HAVE_NO_SEH 1
#define HAVE_STDINT_H 1
#define HAVE_STDLIB_H 1
#define HAVE_STRINGS_H 1
#define HAVE_STRING_H 1
#define HAVE_SYS_PARAM_H 1
#define HAVE_SYS_STAT_H 1
#define HAVE_SYS_TYPES_H 1
#define HAVE_UNISTD_H 1
#define MODULE_SCOPE extern __attribute__((__visibility__("hidden")))
#define PACKAGE_BUGREPORT ""
#define PACKAGE_NAME "tkimgtiff"
#define PACKAGE_STRING "tkimgtiff 1.4.1"
#define PACKAGE_TARNAME "tkimgtiff"
#define PACKAGE_VERSION "1.4.1"
#define STDC_HEADERS 1
#define TCL_THREADS 1
#define TCL_WIDE_INT_IS_LONG 1
#define USE_TCL_STUBS 1
#define USE_THREAD_ALLOC 1
#define USE_TK_STUBS 1
#define _LARGEFILE64_SOURCE 1
#define _REENTRANT 1
#define _THREAD_SAFE 1

configure: exit 0

## ---------------------- ##
## Running config.status. ##
## ---------------------- ##

This file was extended by tkimgtiff config.status 1.4.1, which was
generated by GNU Autoconf 2.59.  Invocation command line was

  CONFIG_FILES    = Makefile
  CONFIG_HEADERS  = 
  CONFIG_LINKS    = 
  CONFIG_COMMANDS = 
  $ ./config.status 

on acer

config.status:754: creating Makefile
