This file contains any messages produced by compilers while
running configure, to aid debugging if configure makes a mistake.

It was created by zlibtcl configure 1.2.8, which was
generated by GNU Autoconf 2.59.  Invocation command line was

  $ ./configure --prefix=/usr --cache-file=../config.cache --srcdir=. --disable-option-checking

## --------- ##
## Platform. ##
## --------- ##

hostname = acer
uname -m = x86_64
uname -r = 3.8.0-19-generic
uname -s = Linux
uname -v = #30-Ubuntu SMP Wed May 1 16:35:23 UTC 2013

/usr/bin/uname -p = unknown
/bin/uname -X     = unknown

/bin/arch              = unknown
/usr/bin/arch -k       = unknown
/usr/convex/getsysinfo = unknown
hostinfo               = unknown
/bin/machine           = unknown
/usr/bin/oslevel       = unknown
/bin/universe          = unknown

PATH: /home/jan/bin
PATH: /usr/lib/lightdm/lightdm
PATH: /usr/local/sbin
PATH: /usr/local/bin
PATH: /usr/sbin
PATH: /usr/bin
PATH: /sbin
PATH: /bin
PATH: /usr/games
PATH: /usr/local/games


## ----------- ##
## Core tests. ##
## ----------- ##

configure:1232: creating cache ../config.cache
configure:1326: checking for correct TEA configuration
configure:1345: result: ok (TEA 3.9)
configure:1419: configuring zlibtcl 1.2.8
configure:1489: checking for Tcl configuration
configure:1616: result: found /home/jan/workspace/tcl8.6/unix/tclConfig.sh
configure:1667: checking for gcc
configure:1683: found /usr/bin/gcc
configure:1693: result: gcc
configure:1937: checking for C compiler version
configure:1940: gcc --version </dev/null >&5
gcc (Ubuntu/Linaro 4.7.3-1ubuntu1) 4.7.3
Copyright (C) 2012 Free Software Foundation, Inc.
This is free software; see the source for copying conditions.  There is NO
warranty; not even for MERCHANTABILITY or FITNESS FOR A PARTICULAR PURPOSE.

configure:1943: $? = 0
configure:1945: gcc -v </dev/null >&5
Using built-in specs.
COLLECT_GCC=gcc
COLLECT_LTO_WRAPPER=/usr/lib/gcc/x86_64-linux-gnu/4.7/lto-wrapper
Target: x86_64-linux-gnu
Configured with: ../src/configure -v --with-pkgversion='Ubuntu/Linaro 4.7.3-1ubuntu1' --with-bugurl=file:///usr/share/doc/gcc-4.7/README.Bugs --enable-languages=c,c++,go,fortran,objc,obj-c++ --prefix=/usr --program-suffix=-4.7 --enable-shared --enable-linker-build-id --libexecdir=/usr/lib --without-included-gettext --enable-threads=posix --with-gxx-include-dir=/usr/include/c++/4.7 --libdir=/usr/lib --enable-nls --with-sysroot=/ --enable-clocale=gnu --enable-libstdcxx-debug --enable-libstdcxx-time=yes --enable-gnu-unique-object --enable-plugin --with-system-zlib --enable-objc-gc --with-cloog --enable-cloog-backend=ppl --disable-cloog-version-check --disable-ppl-version-check --enable-multiarch --disable-werror --with-arch-32=i686 --with-abi=m64 --with-multilib-list=m32,m64,mx32 --with-tune=generic --enable-checking=release --build=x86_64-linux-gnu --host=x86_64-linux-gnu --target=x86_64-linux-gnu
Thread model: posix
gcc version 4.7.3 (Ubuntu/Linaro 4.7.3-1ubuntu1) 
configure:1948: $? = 0
configure:1950: gcc -V </dev/null >&5
gcc: error: unrecognized command line option '-V'
gcc: fatal error: no input files
compilation terminated.
configure:1953: $? = 4
configure:1976: checking for C compiler default output file name
configure:1979: gcc    conftest.c  >&5
configure:1982: $? = 0
configure:2028: result: a.out
configure:2033: checking whether the C compiler works
configure:2039: ./a.out
configure:2042: $? = 0
configure:2059: result: yes
configure:2066: checking whether we are cross compiling
configure:2068: result: no
configure:2071: checking for suffix of executables
configure:2073: gcc -o conftest    conftest.c  >&5
configure:2076: $? = 0
configure:2101: result: 
configure:2107: checking for suffix of object files
configure:2128: gcc -c   conftest.c >&5
configure:2131: $? = 0
configure:2153: result: o
configure:2157: checking whether we are using the GNU C compiler
configure:2181: gcc -c   conftest.c >&5
configure:2187: $? = 0
configure:2191: test -z 
			 || test ! -s conftest.err
configure:2194: $? = 0
configure:2197: test -s conftest.o
configure:2200: $? = 0
configure:2213: result: yes
configure:2219: checking whether gcc accepts -g
configure:2240: gcc -c -g  conftest.c >&5
configure:2246: $? = 0
configure:2250: test -z 
			 || test ! -s conftest.err
configure:2253: $? = 0
configure:2256: test -s conftest.o
configure:2259: $? = 0
configure:2270: result: yes
configure:2287: checking for gcc option to accept ANSI C
configure:2357: gcc  -c -g -O2  conftest.c >&5
configure:2363: $? = 0
configure:2367: test -z 
			 || test ! -s conftest.err
configure:2370: $? = 0
configure:2373: test -s conftest.o
configure:2376: $? = 0
configure:2394: result: none needed
configure:2412: gcc -c -g -O2  conftest.c >&5
conftest.c:2:3: error: unknown type name 'choke'
conftest.c:2:3: error: expected '=', ',', ';', 'asm' or '__attribute__' at end of input
configure:2418: $? = 1
configure: failed program was:
| #ifndef __cplusplus
|   choke me
| #endif
configure:2553: checking for existence of /home/jan/workspace/tcl8.6/unix/tclConfig.sh
configure:2557: result: loading
configure:2621: checking platform
configure:2644: gcc -c -g -O2  conftest.c >&5
configure:2650: $? = 0
configure:2654: test -z 
			 || test ! -s conftest.err
configure:2657: $? = 0
configure:2660: test -s conftest.o
configure:2663: $? = 0
configure:2675: result: unix
configure:2716: checking for Tk configuration
configure:2843: result: found /home/jan/workspace/tk8.6/unix/tkConfig.sh
configure:2849: checking for existence of /home/jan/workspace/tk8.6/unix/tkConfig.sh
configure:2853: result: loading
configure:2961: --exec-prefix defaulting to TCL_EXEC_PREFIX /usr
configure:3035: checking for gcc
configure:3061: result: gcc
configure:3305: checking for C compiler version
configure:3308: gcc --version </dev/null >&5
gcc (Ubuntu/Linaro 4.7.3-1ubuntu1) 4.7.3
Copyright (C) 2012 Free Software Foundation, Inc.
This is free software; see the source for copying conditions.  There is NO
warranty; not even for MERCHANTABILITY or FITNESS FOR A PARTICULAR PURPOSE.

configure:3311: $? = 0
configure:3313: gcc -v </dev/null >&5
Using built-in specs.
COLLECT_GCC=gcc
COLLECT_LTO_WRAPPER=/usr/lib/gcc/x86_64-linux-gnu/4.7/lto-wrapper
Target: x86_64-linux-gnu
Configured with: ../src/configure -v --with-pkgversion='Ubuntu/Linaro 4.7.3-1ubuntu1' --with-bugurl=file:///usr/share/doc/gcc-4.7/README.Bugs --enable-languages=c,c++,go,fortran,objc,obj-c++ --prefix=/usr --program-suffix=-4.7 --enable-shared --enable-linker-build-id --libexecdir=/usr/lib --without-included-gettext --enable-threads=posix --with-gxx-include-dir=/usr/include/c++/4.7 --libdir=/usr/lib --enable-nls --with-sysroot=/ --enable-clocale=gnu --enable-libstdcxx-debug --enable-libstdcxx-time=yes --enable-gnu-unique-object --enable-plugin --with-system-zlib --enable-objc-gc --with-cloog --enable-cloog-backend=ppl --disable-cloog-version-check --disable-ppl-version-check --enable-multiarch --disable-werror --with-arch-32=i686 --with-abi=m64 --with-multilib-list=m32,m64,mx32 --with-tune=generic --enable-checking=release --build=x86_64-linux-gnu --host=x86_64-linux-gnu --target=x86_64-linux-gnu
Thread model: posix
gcc version 4.7.3 (Ubuntu/Linaro 4.7.3-1ubuntu1) 
configure:3316: $? = 0
configure:3318: gcc -V </dev/null >&5
gcc: error: unrecognized command line option '-V'
gcc: fatal error: no input files
compilation terminated.
configure:3321: $? = 4
configure:3324: checking whether we are using the GNU C compiler
configure:3380: result: yes
configure:3386: checking whether gcc accepts -g
configure:3437: result: yes
configure:3454: checking for gcc option to accept ANSI C
configure:3561: result: none needed
configure:3579: gcc -c -g -O2  conftest.c >&5
conftest.c:2:3: error: unknown type name 'choke'
conftest.c:2:3: error: expected '=', ',', ';', 'asm' or '__attribute__' at end of input
configure:3585: $? = 1
configure: failed program was:
| #ifndef __cplusplus
|   choke me
| #endif
configure:3723: checking how to run the C preprocessor
configure:3758: gcc -E  conftest.c
configure:3764: $? = 0
configure:3796: gcc -E  conftest.c
conftest.c:10:28: fatal error: ac_nonexistent.h: No such file or directory
compilation terminated.
configure:3802: $? = 1
configure: failed program was:
| /* confdefs.h.  */
| 
| #define PACKAGE_NAME "zlibtcl"
| #define PACKAGE_TARNAME "zlibtcl"
| #define PACKAGE_VERSION "1.2.8"
| #define PACKAGE_STRING "zlibtcl 1.2.8"
| #define PACKAGE_BUGREPORT ""
| #define BUILD_zlibtcl
| /* end confdefs.h.  */
| #include <ac_nonexistent.h>
configure:3841: result: gcc -E
configure:3865: gcc -E  conftest.c
configure:3871: $? = 0
configure:3903: gcc -E  conftest.c
conftest.c:10:28: fatal error: ac_nonexistent.h: No such file or directory
compilation terminated.
configure:3909: $? = 1
configure: failed program was:
| /* confdefs.h.  */
| 
| #define PACKAGE_NAME "zlibtcl"
| #define PACKAGE_TARNAME "zlibtcl"
| #define PACKAGE_VERSION "1.2.8"
| #define PACKAGE_STRING "zlibtcl 1.2.8"
| #define PACKAGE_BUGREPORT ""
| #define BUILD_zlibtcl
| /* end confdefs.h.  */
| #include <ac_nonexistent.h>
configure:3966: checking for a BSD-compatible install
configure:4021: result: /usr/bin/install -c
configure:4037: checking whether make sets $(MAKE)
configure:4057: result: yes
configure:4112: checking for ranlib
configure:4128: found /usr/bin/ranlib
configure:4138: result: ranlib
configure:4159: checking for egrep
configure:4169: result: grep -E
configure:4174: checking for ANSI C header files
configure:4199: gcc -c -g -O2  conftest.c >&5
configure:4205: $? = 0
configure:4209: test -z 
			 || test ! -s conftest.err
configure:4212: $? = 0
configure:4215: test -s conftest.o
configure:4218: $? = 0
configure:4307: gcc -o conftest -g -O2   conftest.c  >&5
conftest.c: In function 'main':
conftest.c:27:7: warning: incompatible implicit declaration of built-in function 'exit' [enabled by default]
configure:4310: $? = 0
configure:4312: ./conftest
configure:4315: $? = 0
configure:4330: result: yes
configure:4354: checking for sys/types.h
configure:4370: gcc -c -g -O2  conftest.c >&5
configure:4376: $? = 0
configure:4380: test -z 
			 || test ! -s conftest.err
configure:4383: $? = 0
configure:4386: test -s conftest.o
configure:4389: $? = 0
configure:4400: result: yes
configure:4354: checking for sys/stat.h
configure:4370: gcc -c -g -O2  conftest.c >&5
configure:4376: $? = 0
configure:4380: test -z 
			 || test ! -s conftest.err
configure:4383: $? = 0
configure:4386: test -s conftest.o
configure:4389: $? = 0
configure:4400: result: yes
configure:4354: checking for stdlib.h
configure:4370: gcc -c -g -O2  conftest.c >&5
configure:4376: $? = 0
configure:4380: test -z 
			 || test ! -s conftest.err
configure:4383: $? = 0
configure:4386: test -s conftest.o
configure:4389: $? = 0
configure:4400: result: yes
configure:4354: checking for string.h
configure:4370: gcc -c -g -O2  conftest.c >&5
configure:4376: $? = 0
configure:4380: test -z 
			 || test ! -s conftest.err
configure:4383: $? = 0
configure:4386: test -s conftest.o
configure:4389: $? = 0
configure:4400: result: yes
configure:4354: checking for memory.h
configure:4370: gcc -c -g -O2  conftest.c >&5
configure:4376: $? = 0
configure:4380: test -z 
			 || test ! -s conftest.err
configure:4383: $? = 0
configure:4386: test -s conftest.o
configure:4389: $? = 0
configure:4400: result: yes
configure:4354: checking for strings.h
configure:4370: gcc -c -g -O2  conftest.c >&5
configure:4376: $? = 0
configure:4380: test -z 
			 || test ! -s conftest.err
configure:4383: $? = 0
configure:4386: test -s conftest.o
configure:4389: $? = 0
configure:4400: result: yes
configure:4354: checking for inttypes.h
configure:4370: gcc -c -g -O2  conftest.c >&5
configure:4376: $? = 0
configure:4380: test -z 
			 || test ! -s conftest.err
configure:4383: $? = 0
configure:4386: test -s conftest.o
configure:4389: $? = 0
configure:4400: result: yes
configure:4354: checking for stdint.h
configure:4370: gcc -c -g -O2  conftest.c >&5
configure:4376: $? = 0
configure:4380: test -z 
			 || test ! -s conftest.err
configure:4383: $? = 0
configure:4386: test -s conftest.o
configure:4389: $? = 0
configure:4400: result: yes
configure:4354: checking for unistd.h
configure:4370: gcc -c -g -O2  conftest.c >&5
configure:4376: $? = 0
configure:4380: test -z 
			 || test ! -s conftest.err
configure:4383: $? = 0
configure:4386: test -s conftest.o
configure:4389: $? = 0
configure:4400: result: yes
configure:4422: checking if the compiler understands -pipe
configure:4445: gcc -c -g -O2 -pipe  conftest.c >&5
configure:4451: $? = 0
configure:4455: test -z 
			 || test ! -s conftest.err
configure:4458: $? = 0
configure:4461: test -s conftest.o
configure:4464: $? = 0
configure:4476: result: yes
configure:4487: checking whether byte ordering is bigendian
configure:4514: gcc -c -g -O2 -pipe  conftest.c >&5
configure:4520: $? = 0
configure:4524: test -z 
			 || test ! -s conftest.err
configure:4527: $? = 0
configure:4530: test -s conftest.o
configure:4533: $? = 0
configure:4557: gcc -c -g -O2 -pipe  conftest.c >&5
conftest.c: In function 'main':
conftest.c:27:2: error: unknown type name 'not'
conftest.c:27:10: error: expected '=', ',', ';', 'asm' or '__attribute__' before 'endian'
configure:4563: $? = 1
configure: failed program was:
| /* confdefs.h.  */
| 
| #define PACKAGE_NAME "zlibtcl"
| #define PACKAGE_TARNAME "zlibtcl"
| #define PACKAGE_VERSION "1.2.8"
| #define PACKAGE_STRING "zlibtcl 1.2.8"
| #define PACKAGE_BUGREPORT ""
| #define BUILD_zlibtcl
| #define STDC_HEADERS 1
| #define HAVE_SYS_TYPES_H 1
| #define HAVE_SYS_STAT_H 1
| #define HAVE_STDLIB_H 1
| #define HAVE_STRING_H 1
| #define HAVE_MEMORY_H 1
| #define HAVE_STRINGS_H 1
| #define HAVE_INTTYPES_H 1
| #define HAVE_STDINT_H 1
| #define HAVE_UNISTD_H 1
| /* end confdefs.h.  */
| #include <sys/types.h>
| #include <sys/param.h>
| 
| int
| main ()
| {
| #if BYTE_ORDER != BIG_ENDIAN
|  not big endian
| #endif
| 
|   ;
|   return 0;
| }
configure:4698: result: no
configure:4726: checking for sin
configure:4783: gcc -o conftest -g -O2 -pipe   conftest.c  >&5
conftest.c:44:6: warning: conflicting types for built-in function 'sin' [enabled by default]
/tmp/cc0I0Hix.o:(.data+0x0): undefined reference to `sin'
/tmp/cc0I0Hix.o: In function `main':
/home/jan/workspace/img/zlib/conftest.c:60: undefined reference to `sin'
collect2: error: ld returned 1 exit status
configure:4789: $? = 1
configure: failed program was:
| /* confdefs.h.  */
| 
| #define PACKAGE_NAME "zlibtcl"
| #define PACKAGE_TARNAME "zlibtcl"
| #define PACKAGE_VERSION "1.2.8"
| #define PACKAGE_STRING "zlibtcl 1.2.8"
| #define PACKAGE_BUGREPORT ""
| #define BUILD_zlibtcl
| #define STDC_HEADERS 1
| #define HAVE_SYS_TYPES_H 1
| #define HAVE_SYS_STAT_H 1
| #define HAVE_STDLIB_H 1
| #define HAVE_STRING_H 1
| #define HAVE_MEMORY_H 1
| #define HAVE_STRINGS_H 1
| #define HAVE_INTTYPES_H 1
| #define HAVE_STDINT_H 1
| #define HAVE_UNISTD_H 1
| /* end confdefs.h.  */
| /* Define sin to an innocuous variant, in case <limits.h> declares sin.
|    For example, HP-UX 11i <limits.h> declares gettimeofday.  */
| #define sin innocuous_sin
| 
| /* System header to define __stub macros and hopefully few prototypes,
|     which can conflict with char sin (); below.
|     Prefer <limits.h> to <assert.h> if __STDC__ is defined, since
|     <limits.h> exists even on freestanding compilers.  */
| 
| #ifdef __STDC__
| # include <limits.h>
| #else
| # include <assert.h>
| #endif
| 
| #undef sin
| 
| /* Override any gcc2 internal prototype to avoid an error.  */
| #ifdef __cplusplus
| extern "C"
| {
| #endif
| /* We use char because int might match the return type of a gcc2
|    builtin and then its argument prototype would still apply.  */
| char sin ();
| /* The GNU C library defines this for functions which it implements
|     to always fail with ENOSYS.  Some functions are actually named
|     something starting with __ and the normal name is an alias.  */
| #if defined (__stub_sin) || defined (__stub___sin)
| choke me
| #else
| char (*f) () = sin;
| #endif
| #ifdef __cplusplus
| }
| #endif
| 
| int
| main ()
| {
| return f != sin;
|   ;
|   return 0;
| }
configure:4814: result: no
configure:4822: checking for main in -lieee
configure:4846: gcc -o conftest -g -O2 -pipe   conftest.c -lieee   >&5
configure:4852: $? = 0
configure:4856: test -z 
			 || test ! -s conftest.err
configure:4859: $? = 0
configure:4862: test -s conftest
configure:4865: $? = 0
configure:4878: result: yes
configure:4890: checking for main in -linet
configure:4914: gcc -o conftest -g -O2 -pipe   conftest.c -linet   >&5
/usr/bin/ld: cannot find -linet
collect2: error: ld returned 1 exit status
configure:4920: $? = 1
configure: failed program was:
| /* confdefs.h.  */
| 
| #define PACKAGE_NAME "zlibtcl"
| #define PACKAGE_TARNAME "zlibtcl"
| #define PACKAGE_VERSION "1.2.8"
| #define PACKAGE_STRING "zlibtcl 1.2.8"
| #define PACKAGE_BUGREPORT ""
| #define BUILD_zlibtcl
| #define STDC_HEADERS 1
| #define HAVE_SYS_TYPES_H 1
| #define HAVE_SYS_STAT_H 1
| #define HAVE_STDLIB_H 1
| #define HAVE_STRING_H 1
| #define HAVE_MEMORY_H 1
| #define HAVE_STRINGS_H 1
| #define HAVE_INTTYPES_H 1
| #define HAVE_STDINT_H 1
| #define HAVE_UNISTD_H 1
| /* end confdefs.h.  */
| 
| 
| int
| main ()
| {
| main ();
|   ;
|   return 0;
| }
configure:4946: result: no
configure:4962: checking net/errno.h usability
configure:4974: gcc -c -g -O2 -pipe  conftest.c >&5
conftest.c:54:23: fatal error: net/errno.h: No such file or directory
compilation terminated.
configure:4980: $? = 1
configure: failed program was:
| /* confdefs.h.  */
| 
| #define PACKAGE_NAME "zlibtcl"
| #define PACKAGE_TARNAME "zlibtcl"
| #define PACKAGE_VERSION "1.2.8"
| #define PACKAGE_STRING "zlibtcl 1.2.8"
| #define PACKAGE_BUGREPORT ""
| #define BUILD_zlibtcl
| #define STDC_HEADERS 1
| #define HAVE_SYS_TYPES_H 1
| #define HAVE_SYS_STAT_H 1
| #define HAVE_STDLIB_H 1
| #define HAVE_STRING_H 1
| #define HAVE_MEMORY_H 1
| #define HAVE_STRINGS_H 1
| #define HAVE_INTTYPES_H 1
| #define HAVE_STDINT_H 1
| #define HAVE_UNISTD_H 1
| /* end confdefs.h.  */
| #include <stdio.h>
| #if HAVE_SYS_TYPES_H
| # include <sys/types.h>
| #endif
| #if HAVE_SYS_STAT_H
| # include <sys/stat.h>
| #endif
| #if STDC_HEADERS
| # include <stdlib.h>
| # include <stddef.h>
| #else
| # if HAVE_STDLIB_H
| #  include <stdlib.h>
| # endif
| #endif
| #if HAVE_STRING_H
| # if !STDC_HEADERS && HAVE_MEMORY_H
| #  include <memory.h>
| # endif
| # include <string.h>
| #endif
| #if HAVE_STRINGS_H
| # include <strings.h>
| #endif
| #if HAVE_INTTYPES_H
| # include <inttypes.h>
| #else
| # if HAVE_STDINT_H
| #  include <stdint.h>
| # endif
| #endif
| #if HAVE_UNISTD_H
| # include <unistd.h>
| #endif
| #include <net/errno.h>
configure:5003: result: no
configure:5007: checking net/errno.h presence
configure:5017: gcc -E  conftest.c
conftest.c:20:23: fatal error: net/errno.h: No such file or directory
compilation terminated.
configure:5023: $? = 1
configure: failed program was:
| /* confdefs.h.  */
| 
| #define PACKAGE_NAME "zlibtcl"
| #define PACKAGE_TARNAME "zlibtcl"
| #define PACKAGE_VERSION "1.2.8"
| #define PACKAGE_STRING "zlibtcl 1.2.8"
| #define PACKAGE_BUGREPORT ""
| #define BUILD_zlibtcl
| #define STDC_HEADERS 1
| #define HAVE_SYS_TYPES_H 1
| #define HAVE_SYS_STAT_H 1
| #define HAVE_STDLIB_H 1
| #define HAVE_STRING_H 1
| #define HAVE_MEMORY_H 1
| #define HAVE_STRINGS_H 1
| #define HAVE_INTTYPES_H 1
| #define HAVE_STDINT_H 1
| #define HAVE_UNISTD_H 1
| /* end confdefs.h.  */
| #include <net/errno.h>
configure:5043: result: no
configure:5078: checking for net/errno.h
configure:5085: result: no
configure:5119: checking for connect
configure:5176: gcc -o conftest -g -O2 -pipe   conftest.c  >&5
configure:5182: $? = 0
configure:5186: test -z 
			 || test ! -s conftest.err
configure:5189: $? = 0
configure:5192: test -s conftest
configure:5195: $? = 0
configure:5207: result: yes
configure:5482: checking for gethostbyname
configure:5539: gcc -o conftest -g -O2 -pipe   conftest.c  >&5
configure:5545: $? = 0
configure:5549: test -z 
			 || test ! -s conftest.err
configure:5552: $? = 0
configure:5555: test -s conftest
configure:5558: $? = 0
configure:5570: result: yes
configure:5654: checking dirent.h
configure:5695: gcc -o conftest -g -O2 -pipe   conftest.c  >&5
configure:5701: $? = 0
configure:5705: test -z 
			 || test ! -s conftest.err
configure:5708: $? = 0
configure:5711: test -s conftest
configure:5714: $? = 0
configure:5726: result: yes
configure:5748: checking errno.h usability
configure:5760: gcc -c -g -O2 -pipe  conftest.c >&5
configure:5766: $? = 0
configure:5770: test -z 
			 || test ! -s conftest.err
configure:5773: $? = 0
configure:5776: test -s conftest.o
configure:5779: $? = 0
configure:5789: result: yes
configure:5793: checking errno.h presence
configure:5803: gcc -E  conftest.c
configure:5809: $? = 0
configure:5829: result: yes
configure:5864: checking for errno.h
configure:5871: result: yes
configure:5896: checking float.h usability
configure:5908: gcc -c -g -O2 -pipe  conftest.c >&5
configure:5914: $? = 0
configure:5918: test -z 
			 || test ! -s conftest.err
configure:5921: $? = 0
configure:5924: test -s conftest.o
configure:5927: $? = 0
configure:5937: result: yes
configure:5941: checking float.h presence
configure:5951: gcc -E  conftest.c
configure:5957: $? = 0
configure:5977: result: yes
configure:6012: checking for float.h
configure:6019: result: yes
configure:6044: checking values.h usability
configure:6056: gcc -c -g -O2 -pipe  conftest.c >&5
configure:6062: $? = 0
configure:6066: test -z 
			 || test ! -s conftest.err
configure:6069: $? = 0
configure:6072: test -s conftest.o
configure:6075: $? = 0
configure:6085: result: yes
configure:6089: checking values.h presence
configure:6099: gcc -E  conftest.c
configure:6105: $? = 0
configure:6125: result: yes
configure:6160: checking for values.h
configure:6167: result: yes
configure:6192: checking limits.h usability
configure:6204: gcc -c -g -O2 -pipe  conftest.c >&5
configure:6210: $? = 0
configure:6214: test -z 
			 || test ! -s conftest.err
configure:6217: $? = 0
configure:6220: test -s conftest.o
configure:6223: $? = 0
configure:6233: result: yes
configure:6237: checking limits.h presence
configure:6247: gcc -E  conftest.c
configure:6253: $? = 0
configure:6273: result: yes
configure:6308: checking for limits.h
configure:6315: result: yes
configure:6335: checking for stdlib.h
configure:6340: result: yes
configure:6537: checking for string.h
configure:6542: result: yes
configure:6736: checking sys/wait.h usability
configure:6748: gcc -c -g -O2 -pipe  conftest.c >&5
configure:6754: $? = 0
configure:6758: test -z 
			 || test ! -s conftest.err
configure:6761: $? = 0
configure:6764: test -s conftest.o
configure:6767: $? = 0
configure:6777: result: yes
configure:6781: checking sys/wait.h presence
configure:6791: gcc -E  conftest.c
configure:6797: $? = 0
configure:6817: result: yes
configure:6852: checking for sys/wait.h
configure:6859: result: yes
configure:6884: checking dlfcn.h usability
configure:6896: gcc -c -g -O2 -pipe  conftest.c >&5
configure:6902: $? = 0
configure:6906: test -z 
			 || test ! -s conftest.err
configure:6909: $? = 0
configure:6912: test -s conftest.o
configure:6915: $? = 0
configure:6925: result: yes
configure:6929: checking dlfcn.h presence
configure:6939: gcc -E  conftest.c
configure:6945: $? = 0
configure:6965: result: yes
configure:7000: checking for dlfcn.h
configure:7007: result: yes
configure:7038: checking sys/param.h usability
configure:7050: gcc -c -g -O2 -pipe  conftest.c >&5
configure:7056: $? = 0
configure:7060: test -z 
			 || test ! -s conftest.err
configure:7063: $? = 0
configure:7066: test -s conftest.o
configure:7069: $? = 0
configure:7079: result: yes
configure:7083: checking sys/param.h presence
configure:7093: gcc -E  conftest.c
configure:7099: $? = 0
configure:7119: result: yes
configure:7154: checking for sys/param.h
configure:7161: result: yes
configure:7537: checking for Tcl public headers
configure:7612: result: /home/jan/workspace/tcl8.6/generic
configure:7625: checking for Tk public headers
configure:7703: result: /home/jan/workspace/tk8.6/generic
configure:7800: checking for pthread_mutex_init in -lpthread
configure:7830: gcc -o conftest -g -O2 -pipe   conftest.c -lpthread   >&5
configure:7836: $? = 0
configure:7840: test -z 
			 || test ! -s conftest.err
configure:7843: $? = 0
configure:7846: test -s conftest
configure:7849: $? = 0
configure:7862: result: yes
configure:8183: checking for building with threads
configure:8191: result: yes (default)
configure:8232: checking how to build libraries
configure:8250: result: shared
configure:8313: checking for ranlib
configure:8340: result: ranlib
configure:8357: checking if 64bit support is requested
configure:8366: result: no
configure:8371: checking if 64bit Sparc VIS support is requested
configure:8380: result: no
configure:8391: checking if compiler supports visibility "hidden"
configure:8416: gcc -o conftest -g -O2 -pipe -Werror   conftest.c  >&5
configure:8422: $? = 0
configure:8426: test -z 
			 || test ! -s conftest.err
configure:8429: $? = 0
configure:8432: test -s conftest
configure:8435: $? = 0
configure:8448: result: yes
configure:8463: checking if rpath support is requested
configure:8472: result: yes
configure:8498: checking system version
configure:8521: result: Linux-3.8.0-19-generic
configure:8600: checking for ar
configure:8616: found /usr/bin/ar
configure:8626: result: ar
configure:10626: checking for SEH support in compiler
configure:10658: gcc -o conftest -g -O2 -pipe   -Wl,--export-dynamic  conftest.c  >&5
conftest.c:29:26: fatal error: windows.h: No such file or directory
compilation terminated.
configure:10661: $? = 1
configure: program exited with status 1
configure: failed program was:
| /* confdefs.h.  */
| 
| #define PACKAGE_NAME "zlibtcl"
| #define PACKAGE_TARNAME "zlibtcl"
| #define PACKAGE_VERSION "1.2.8"
| #define PACKAGE_STRING "zlibtcl 1.2.8"
| #define PACKAGE_BUGREPORT ""
| #define BUILD_zlibtcl
| #define STDC_HEADERS 1
| #define HAVE_SYS_TYPES_H 1
| #define HAVE_SYS_STAT_H 1
| #define HAVE_STDLIB_H 1
| #define HAVE_STRING_H 1
| #define HAVE_MEMORY_H 1
| #define HAVE_STRINGS_H 1
| #define HAVE_INTTYPES_H 1
| #define HAVE_STDINT_H 1
| #define HAVE_UNISTD_H 1
| #define HAVE_LIMITS_H 1
| #define HAVE_SYS_PARAM_H 1
| #define USE_THREAD_ALLOC 1
| #define _REENTRANT 1
| #define _THREAD_SAFE 1
| #define TCL_THREADS 1
| #define MODULE_SCOPE extern __attribute__((__visibility__("hidden")))
| /* end confdefs.h.  */
| 
| 	    #define WIN32_LEAN_AND_MEAN
| 	    #include <windows.h>
| 	    #undef WIN32_LEAN_AND_MEAN
| 
| 	    int main(int argc, char** argv) {
| 		int a, b = 0;
| 		__try {
| 		    a = 666 / b;
| 		}
| 		__except (EXCEPTION_EXECUTE_HANDLER) {
| 		    return 0;
| 		}
| 		return 1;
| 	    }
| 
configure:10681: result: no
configure:10697: checking for EXCEPTION_DISPOSITION support in include files
configure:10724: gcc -c -g -O2 -pipe  conftest.c >&5
conftest.c:30:26: fatal error: windows.h: No such file or directory
compilation terminated.
configure:10730: $? = 1
configure: failed program was:
| /* confdefs.h.  */
| 
| #define PACKAGE_NAME "zlibtcl"
| #define PACKAGE_TARNAME "zlibtcl"
| #define PACKAGE_VERSION "1.2.8"
| #define PACKAGE_STRING "zlibtcl 1.2.8"
| #define PACKAGE_BUGREPORT ""
| #define BUILD_zlibtcl
| #define STDC_HEADERS 1
| #define HAVE_SYS_TYPES_H 1
| #define HAVE_SYS_STAT_H 1
| #define HAVE_STDLIB_H 1
| #define HAVE_STRING_H 1
| #define HAVE_MEMORY_H 1
| #define HAVE_STRINGS_H 1
| #define HAVE_INTTYPES_H 1
| #define HAVE_STDINT_H 1
| #define HAVE_UNISTD_H 1
| #define HAVE_LIMITS_H 1
| #define HAVE_SYS_PARAM_H 1
| #define USE_THREAD_ALLOC 1
| #define _REENTRANT 1
| #define _THREAD_SAFE 1
| #define TCL_THREADS 1
| #define MODULE_SCOPE extern __attribute__((__visibility__("hidden")))
| #define HAVE_NO_SEH 1
| /* end confdefs.h.  */
| 
| #	    define WIN32_LEAN_AND_MEAN
| #	    include <windows.h>
| #	    undef WIN32_LEAN_AND_MEAN
| 
| int
| main ()
| {
| 
| 		EXCEPTION_DISPOSITION x;
| 
|   ;
|   return 0;
| }
configure:10755: result: no
configure:10769: checking for winnt.h that ignores VOID define
configure:10799: gcc -c -g -O2 -pipe  conftest.c >&5
conftest.c:32:23: fatal error: windows.h: No such file or directory
compilation terminated.
configure:10805: $? = 1
configure: failed program was:
| /* confdefs.h.  */
| 
| #define PACKAGE_NAME "zlibtcl"
| #define PACKAGE_TARNAME "zlibtcl"
| #define PACKAGE_VERSION "1.2.8"
| #define PACKAGE_STRING "zlibtcl 1.2.8"
| #define PACKAGE_BUGREPORT ""
| #define BUILD_zlibtcl
| #define STDC_HEADERS 1
| #define HAVE_SYS_TYPES_H 1
| #define HAVE_SYS_STAT_H 1
| #define HAVE_STDLIB_H 1
| #define HAVE_STRING_H 1
| #define HAVE_MEMORY_H 1
| #define HAVE_STRINGS_H 1
| #define HAVE_INTTYPES_H 1
| #define HAVE_STDINT_H 1
| #define HAVE_UNISTD_H 1
| #define HAVE_LIMITS_H 1
| #define HAVE_SYS_PARAM_H 1
| #define USE_THREAD_ALLOC 1
| #define _REENTRANT 1
| #define _THREAD_SAFE 1
| #define TCL_THREADS 1
| #define MODULE_SCOPE extern __attribute__((__visibility__("hidden")))
| #define HAVE_NO_SEH 1
| #define EXCEPTION_DISPOSITION int
| /* end confdefs.h.  */
| 
| 		#define VOID void
| 		#define WIN32_LEAN_AND_MEAN
| 		#include <windows.h>
| 		#undef WIN32_LEAN_AND_MEAN
| 
| int
| main ()
| {
| 
| 		CHAR c;
| 		SHORT s;
| 		LONG l;
| 
|   ;
|   return 0;
| }
configure:10830: result: no
configure:10844: checking for cast to union support
configure:10868: gcc -c -g -O2 -pipe  conftest.c >&5
configure:10874: $? = 0
configure:10878: test -z 
			 || test ! -s conftest.err
configure:10881: $? = 0
configure:10884: test -s conftest.o
configure:10887: $? = 0
configure:10899: result: yes
configure:10925: checking for required early compiler flags
configure:10948: gcc -c -g -O2 -pipe  conftest.c >&5
configure:10954: $? = 0
configure:10958: test -z 
			 || test ! -s conftest.err
configure:10961: $? = 0
configure:10964: test -s conftest.o
configure:10967: $? = 0
configure:11053: gcc -c -g -O2 -pipe  conftest.c >&5
conftest.c: In function 'main':
conftest.c:34:15: error: storage size of 'buf' isn't known
configure:11059: $? = 1
configure: failed program was:
| /* confdefs.h.  */
| 
| #define PACKAGE_NAME "zlibtcl"
| #define PACKAGE_TARNAME "zlibtcl"
| #define PACKAGE_VERSION "1.2.8"
| #define PACKAGE_STRING "zlibtcl 1.2.8"
| #define PACKAGE_BUGREPORT ""
| #define BUILD_zlibtcl
| #define STDC_HEADERS 1
| #define HAVE_SYS_TYPES_H 1
| #define HAVE_SYS_STAT_H 1
| #define HAVE_STDLIB_H 1
| #define HAVE_STRING_H 1
| #define HAVE_MEMORY_H 1
| #define HAVE_STRINGS_H 1
| #define HAVE_INTTYPES_H 1
| #define HAVE_STDINT_H 1
| #define HAVE_UNISTD_H 1
| #define HAVE_LIMITS_H 1
| #define HAVE_SYS_PARAM_H 1
| #define USE_THREAD_ALLOC 1
| #define _REENTRANT 1
| #define _THREAD_SAFE 1
| #define TCL_THREADS 1
| #define MODULE_SCOPE extern __attribute__((__visibility__("hidden")))
| #define HAVE_NO_SEH 1
| #define EXCEPTION_DISPOSITION int
| #define HAVE_CAST_TO_UNION 1
| /* end confdefs.h.  */
| #include <sys/stat.h>
| int
| main ()
| {
| struct stat64 buf; int i = stat64("/", &buf);
|   ;
|   return 0;
| }
configure:11096: gcc -c -g -O2 -pipe  conftest.c >&5
configure:11102: $? = 0
configure:11106: test -z 
			 || test ! -s conftest.err
configure:11109: $? = 0
configure:11112: test -s conftest.o
configure:11115: $? = 0
configure:11158: gcc -c -g -O2 -pipe  conftest.c >&5
conftest.c: In function 'main':
conftest.c:35:19: error: 'open64' undeclared (first use in this function)
conftest.c:35:19: note: each undeclared identifier is reported only once for each function it appears in
configure:11164: $? = 1
configure: failed program was:
| /* confdefs.h.  */
| 
| #define PACKAGE_NAME "zlibtcl"
| #define PACKAGE_TARNAME "zlibtcl"
| #define PACKAGE_VERSION "1.2.8"
| #define PACKAGE_STRING "zlibtcl 1.2.8"
| #define PACKAGE_BUGREPORT ""
| #define BUILD_zlibtcl
| #define STDC_HEADERS 1
| #define HAVE_SYS_TYPES_H 1
| #define HAVE_SYS_STAT_H 1
| #define HAVE_STDLIB_H 1
| #define HAVE_STRING_H 1
| #define HAVE_MEMORY_H 1
| #define HAVE_STRINGS_H 1
| #define HAVE_INTTYPES_H 1
| #define HAVE_STDINT_H 1
| #define HAVE_UNISTD_H 1
| #define HAVE_LIMITS_H 1
| #define HAVE_SYS_PARAM_H 1
| #define USE_THREAD_ALLOC 1
| #define _REENTRANT 1
| #define _THREAD_SAFE 1
| #define TCL_THREADS 1
| #define MODULE_SCOPE extern __attribute__((__visibility__("hidden")))
| #define HAVE_NO_SEH 1
| #define EXCEPTION_DISPOSITION int
| #define HAVE_CAST_TO_UNION 1
| #define _LARGEFILE64_SOURCE 1
| /* end confdefs.h.  */
| #include <sys/stat.h>
| int
| main ()
| {
| char *p = (char *)open64;
|   ;
|   return 0;
| }
configure:11201: gcc -c -g -O2 -pipe  conftest.c >&5
conftest.c: In function 'main':
conftest.c:36:19: error: 'open64' undeclared (first use in this function)
conftest.c:36:19: note: each undeclared identifier is reported only once for each function it appears in
configure:11207: $? = 1
configure: failed program was:
| /* confdefs.h.  */
| 
| #define PACKAGE_NAME "zlibtcl"
| #define PACKAGE_TARNAME "zlibtcl"
| #define PACKAGE_VERSION "1.2.8"
| #define PACKAGE_STRING "zlibtcl 1.2.8"
| #define PACKAGE_BUGREPORT ""
| #define BUILD_zlibtcl
| #define STDC_HEADERS 1
| #define HAVE_SYS_TYPES_H 1
| #define HAVE_SYS_STAT_H 1
| #define HAVE_STDLIB_H 1
| #define HAVE_STRING_H 1
| #define HAVE_MEMORY_H 1
| #define HAVE_STRINGS_H 1
| #define HAVE_INTTYPES_H 1
| #define HAVE_STDINT_H 1
| #define HAVE_UNISTD_H 1
| #define HAVE_LIMITS_H 1
| #define HAVE_SYS_PARAM_H 1
| #define USE_THREAD_ALLOC 1
| #define _REENTRANT 1
| #define _THREAD_SAFE 1
| #define TCL_THREADS 1
| #define MODULE_SCOPE extern __attribute__((__visibility__("hidden")))
| #define HAVE_NO_SEH 1
| #define EXCEPTION_DISPOSITION int
| #define HAVE_CAST_TO_UNION 1
| #define _LARGEFILE64_SOURCE 1
| /* end confdefs.h.  */
| #define _LARGEFILE_SOURCE64 1
| #include <sys/stat.h>
| int
| main ()
| {
| char *p = (char *)open64;
|   ;
|   return 0;
| }
configure:11247: result:  _LARGEFILE64_SOURCE
configure:11252: checking for 64-bit integer type
configure:11276: gcc -c -g -O2 -pipe  conftest.c >&5
conftest.c: In function 'main':
conftest.c:35:1: error: unknown type name '__int64'
conftest.c:35:18: error: '__int64' undeclared (first use in this function)
conftest.c:35:18: note: each undeclared identifier is reported only once for each function it appears in
conftest.c:35:27: error: expected ',' or ';' before numeric constant
configure:11282: $? = 1
configure: failed program was:
| /* confdefs.h.  */
| 
| #define PACKAGE_NAME "zlibtcl"
| #define PACKAGE_TARNAME "zlibtcl"
| #define PACKAGE_VERSION "1.2.8"
| #define PACKAGE_STRING "zlibtcl 1.2.8"
| #define PACKAGE_BUGREPORT ""
| #define BUILD_zlibtcl
| #define STDC_HEADERS 1
| #define HAVE_SYS_TYPES_H 1
| #define HAVE_SYS_STAT_H 1
| #define HAVE_STDLIB_H 1
| #define HAVE_STRING_H 1
| #define HAVE_MEMORY_H 1
| #define HAVE_STRINGS_H 1
| #define HAVE_INTTYPES_H 1
| #define HAVE_STDINT_H 1
| #define HAVE_UNISTD_H 1
| #define HAVE_LIMITS_H 1
| #define HAVE_SYS_PARAM_H 1
| #define USE_THREAD_ALLOC 1
| #define _REENTRANT 1
| #define _THREAD_SAFE 1
| #define TCL_THREADS 1
| #define MODULE_SCOPE extern __attribute__((__visibility__("hidden")))
| #define HAVE_NO_SEH 1
| #define EXCEPTION_DISPOSITION int
| #define HAVE_CAST_TO_UNION 1
| #define _LARGEFILE64_SOURCE 1
| /* end confdefs.h.  */
| 
| int
| main ()
| {
| __int64 value = (__int64) 0;
|   ;
|   return 0;
| }
configure:11326: gcc -c -g -O2 -pipe  conftest.c >&5
conftest.c: In function 'main':
conftest.c:36:21: error: duplicate case value
conftest.c:36:13: error: previously used here
configure:11332: $? = 1
configure: failed program was:
| /* confdefs.h.  */
| 
| #define PACKAGE_NAME "zlibtcl"
| #define PACKAGE_TARNAME "zlibtcl"
| #define PACKAGE_VERSION "1.2.8"
| #define PACKAGE_STRING "zlibtcl 1.2.8"
| #define PACKAGE_BUGREPORT ""
| #define BUILD_zlibtcl
| #define STDC_HEADERS 1
| #define HAVE_SYS_TYPES_H 1
| #define HAVE_SYS_STAT_H 1
| #define HAVE_STDLIB_H 1
| #define HAVE_STRING_H 1
| #define HAVE_MEMORY_H 1
| #define HAVE_STRINGS_H 1
| #define HAVE_INTTYPES_H 1
| #define HAVE_STDINT_H 1
| #define HAVE_UNISTD_H 1
| #define HAVE_LIMITS_H 1
| #define HAVE_SYS_PARAM_H 1
| #define USE_THREAD_ALLOC 1
| #define _REENTRANT 1
| #define _THREAD_SAFE 1
| #define TCL_THREADS 1
| #define MODULE_SCOPE extern __attribute__((__visibility__("hidden")))
| #define HAVE_NO_SEH 1
| #define EXCEPTION_DISPOSITION int
| #define HAVE_CAST_TO_UNION 1
| #define _LARGEFILE64_SOURCE 1
| /* end confdefs.h.  */
| 
| int
| main ()
| {
| switch (0) {
|             case 1: case (sizeof(long long)==sizeof(long)): ;
|         }
|   ;
|   return 0;
| }
configure:11362: result: using long
configure:11687: checking for build with symbols
configure:11700: result: no
configure:11881: checking for tclsh
configure:11908: result: /home/jan/workspace/tcl8.6/unix/tclsh
configure:12079: creating ./config.status

## ---------------------- ##
## Running config.status. ##
## ---------------------- ##

This file was extended by zlibtcl config.status 1.2.8, which was
generated by GNU Autoconf 2.59.  Invocation command line was

  CONFIG_FILES    = 
  CONFIG_HEADERS  = 
  CONFIG_LINKS    = 
  CONFIG_COMMANDS = 
  $ ./config.status 

on acer

config.status:722: creating Makefile
config.status:722: creating zlibtclConfig.sh

## ---------------- ##
## Cache variables. ##
## ---------------- ##

ac_cv_c_bigendian=no
ac_cv_c_compiler_gnu=yes
ac_cv_c_tclconfig=/home/jan/workspace/tcl8.6/unix
ac_cv_c_tclh=/home/jan/workspace/tcl8.6/generic
ac_cv_c_tkconfig=/home/jan/workspace/tk8.6/unix
ac_cv_c_tkh=/home/jan/workspace/tk8.6/generic
ac_cv_env_CC_set=
ac_cv_env_CC_value=
ac_cv_env_CFLAGS_set=
ac_cv_env_CFLAGS_value=
ac_cv_env_CPPFLAGS_set=
ac_cv_env_CPPFLAGS_value=
ac_cv_env_CPP_set=
ac_cv_env_CPP_value=
ac_cv_env_LDFLAGS_set=
ac_cv_env_LDFLAGS_value=
ac_cv_env_build_alias_set=
ac_cv_env_build_alias_value=
ac_cv_env_host_alias_set=
ac_cv_env_host_alias_value=
ac_cv_env_target_alias_set=
ac_cv_env_target_alias_value=
ac_cv_exeext=
ac_cv_func_connect=yes
ac_cv_func_gethostbyname=yes
ac_cv_func_sin=no
ac_cv_header_dlfcn_h=yes
ac_cv_header_errno_h=yes
ac_cv_header_float_h=yes
ac_cv_header_inttypes_h=yes
ac_cv_header_limits_h=yes
ac_cv_header_memory_h=yes
ac_cv_header_net_errno_h=no
ac_cv_header_stdc=yes
ac_cv_header_stdint_h=yes
ac_cv_header_stdlib_h=yes
ac_cv_header_string_h=yes
ac_cv_header_strings_h=yes
ac_cv_header_sys_param_h=yes
ac_cv_header_sys_stat_h=yes
ac_cv_header_sys_types_h=yes
ac_cv_header_sys_wait_h=yes
ac_cv_header_unistd_h=yes
ac_cv_header_values_h=yes
ac_cv_lib_ieee_main=yes
ac_cv_lib_inet_main=no
ac_cv_lib_pthread_pthread_mutex_init=yes
ac_cv_objext=o
ac_cv_path_install='/usr/bin/install -c'
ac_cv_prog_CPP='gcc -E'
ac_cv_prog_ac_ct_AR=ar
ac_cv_prog_ac_ct_CC=gcc
ac_cv_prog_ac_ct_RANLIB=ranlib
ac_cv_prog_cc_g=yes
ac_cv_prog_cc_stdc=
ac_cv_prog_egrep='grep -E'
ac_cv_prog_make_make_set=yes
tcl_cv_cast_to_union=yes
tcl_cv_cc_pipe=yes
tcl_cv_cc_visibility_hidden=yes
tcl_cv_dirent_h=yes
tcl_cv_eh_disposition=no
tcl_cv_flag__isoc99_source=no
tcl_cv_flag__largefile64_source=yes
tcl_cv_flag__largefile_source64=no
tcl_cv_seh=no
tcl_cv_sys_version=Linux-3.8.0-19-generic
tcl_cv_type_64bit=none
tcl_cv_winnt_ignore_void=no

## ----------------- ##
## Output variables. ##
## ----------------- ##

AR='ar'
CC='gcc'
CELIB_DIR=''
CFLAGS='-g -O2 -pipe ${CFLAGS_DEFAULT} ${CFLAGS_WARNING} ${SHLIB_CFLAGS} '
CFLAGS_DEBUG='-g'
CFLAGS_DEFAULT='${CFLAGS_OPTIMIZE}'
CFLAGS_OPTIMIZE='-O2 -fomit-frame-pointer'
CFLAGS_WARNING='-Wall -Wwrite-strings'
CLEANFILES=''
CPP='gcc -E'
CPPFLAGS=''
CYGPATH='echo'
DEFS='-DPACKAGE_NAME=\"zlibtcl\" -DPACKAGE_TARNAME=\"zlibtcl\" -DPACKAGE_VERSION=\"1.2.8\" -DPACKAGE_STRING=\"zlibtcl\ 1.2.8\" -DPACKAGE_BUGREPORT=\"\" -DBUILD_zlibtcl= -DSTDC_HEADERS=1 -DHAVE_SYS_TYPES_H=1 -DHAVE_SYS_STAT_H=1 -DHAVE_STDLIB_H=1 -DHAVE_STRING_H=1 -DHAVE_MEMORY_H=1 -DHAVE_STRINGS_H=1 -DHAVE_INTTYPES_H=1 -DHAVE_STDINT_H=1 -DHAVE_UNISTD_H=1 -DHAVE_LIMITS_H=1 -DHAVE_SYS_PARAM_H=1 -DUSE_THREAD_ALLOC=1 -D_REENTRANT=1 -D_THREAD_SAFE=1 -DTCL_THREADS=1 -DMODULE_SCOPE=extern\ __attribute__\(\(__visibility__\(\"hidden\"\)\)\) -DHAVE_NO_SEH=1 -DEXCEPTION_DISPOSITION=int -DHAVE_CAST_TO_UNION=1 -D_LARGEFILE64_SOURCE=1 -DTCL_WIDE_INT_IS_LONG=1 -DUSE_TCL_STUBS=1 '
ECHO_C=''
ECHO_N='-n'
ECHO_T=''
EGREP='grep -E'
EXEEXT=''
INSTALL_DATA='${INSTALL} -m 644'
INSTALL_PROGRAM='${INSTALL}'
INSTALL_SCRIPT='${INSTALL}'
LDFLAGS=' -Wl,--export-dynamic '
LDFLAGS_DEFAULT=' -Wl,--export-dynamic '
LD_LIBRARY_PATH_VAR='LD_LIBRARY_PATH'
LIBOBJS=''
LIBS=''
LTLIBOBJS=''
MAJOR_VERSION=''
MAKE_LIB='${SHLIB_LD} -o $@ $(PKG_OBJECTS) ${SHLIB_LD_LIBS} '
MAKE_SHARED_LIB='${SHLIB_LD} -o $@ $(PKG_OBJECTS) ${SHLIB_LD_LIBS}'
MAKE_STATIC_LIB='${STLIB_LD} $@ $(PKG_OBJECTS)'
MAKE_STUB_LIB='${STLIB_LD} $@ $(PKG_STUB_OBJECTS)'
MATH_LIBS='-lieee -lm'
MINOR_VERSION=''
OBJEXT='o'
PACKAGE_BUGREPORT=''
PACKAGE_NAME='zlibtcl'
PACKAGE_STRING='zlibtcl 1.2.8'
PACKAGE_TARNAME='zlibtcl'
PACKAGE_VERSION='1.2.8'
PATCHLEVEL=''
PATH_SEPARATOR=':'
PKG_CFLAGS=' '
PKG_HEADERS=' zlibtcl.h zlibtclDecls.h'
PKG_INCLUDES=' -I"."'
PKG_LIBS=''
PKG_LIB_FILE='libzlibtcl1.2.8.so'
PKG_OBJECTS=' zlibtcl.o zlibtclStubInit.o adler32.o compress.o crc32.o deflate.o gzclose.o gzlib.o gzread.o gzwrite.o infback.o inffast.o inflate.o inftrees.o trees.o uncompr.o zutil.o zlibtclStubLib.o'
PKG_SOURCES=' zlibtcl.c zlibtclStubInit.c ../compat/zlib/adler32.c ../compat/zlib/compress.c ../compat/zlib/crc32.c ../compat/zlib/deflate.c ../compat/zlib/gzclose.c ../compat/zlib/gzlib.c ../compat/zlib/gzread.c ../compat/zlib/gzwrite.c ../compat/zlib/infback.c ../compat/zlib/inffast.c ../compat/zlib/inflate.c ../compat/zlib/inftrees.c ../compat/zlib/trees.c ../compat/zlib/uncompr.c ../compat/zlib/zutil.c zlibtclStubLib.c'
PKG_STUB_LIB_FILE='libzlibtclstub1.2.8.a'
PKG_STUB_OBJECTS=' zlibtclStubLib.o'
PKG_STUB_SOURCES=' zlibtclStubLib.c'
PKG_TCL_SOURCES=''
RANLIB=':'
RANLIB_STUB='ranlib'
RC=''
SET_MAKE=''
SHARED_BUILD='1'
SHELL='/bin/bash'
SHLIB_CFLAGS='-fPIC'
SHLIB_LD='${CC} -shared ${CFLAGS} ${LDFLAGS_DEFAULT}'
SHLIB_LD_LIBS='${LIBS} -L/home/jan/workspace/tcl8.6/unix -ltclstub8.6 -L/home/jan/workspace/tk8.6/unix -ltkstub8.6 ${TCL_LIBS}'
STLIB_LD='${AR} cr'
TCLSH_PROG='/home/jan/workspace/tcl8.6/unix/tclsh'
TCL_BIN_DIR='/home/jan/workspace/tcl8.6/unix'
TCL_DBGX=''
TCL_DEFS='-DPACKAGE_NAME=\"tcl\" -DPACKAGE_TARNAME=\"tcl\" -DPACKAGE_VERSION=\"8.6\" -DPACKAGE_STRING=\"tcl\ 8.6\" -DPACKAGE_BUGREPORT=\"\" -DSTDC_HEADERS=1 -DHAVE_SYS_TYPES_H=1 -DHAVE_SYS_STAT_H=1 -DHAVE_STDLIB_H=1 -DHAVE_STRING_H=1 -DHAVE_MEMORY_H=1 -DHAVE_STRINGS_H=1 -DHAVE_INTTYPES_H=1 -DHAVE_STDINT_H=1 -DHAVE_UNISTD_H=1 -DHAVE_LIMITS_H=1 -DHAVE_SYS_PARAM_H=1 -DUSE_THREAD_ALLOC=1 -D_REENTRANT=1 -D_THREAD_SAFE=1 -DTCL_THREADS=1 -DTCL_CFGVAL_ENCODING=\"iso8859-1\" -DHAVE_ZLIB=1 -DMODULE_SCOPE=extern -DHAVE_CAST_TO_UNION=1 -DTCL_SHLIB_EXT=\".so\" -DNDEBUG=1 -DTCL_CFG_OPTIMIZED=1 -DTCL_TOMMATH=1 -DMP_PREC=4 -D_LARGEFILE64_SOURCE=1 -DTCL_WIDE_INT_IS_LONG=1 -DHAVE_GETCWD=1 -DHAVE_MKSTEMP=1 -DHAVE_OPENDIR=1 -DHAVE_STRTOL=1 -DHAVE_WAITPID=1 -DHAVE_GETNAMEINFO=1 -DHAVE_GETADDRINFO=1 -DHAVE_FREEADDRINFO=1 -DHAVE_GAI_STRERROR=1 -DHAVE_STRUCT_ADDRINFO=1 -DHAVE_STRUCT_IN6_ADDR=1 -DHAVE_STRUCT_SOCKADDR_IN6=1 -DHAVE_STRUCT_SOCKADDR_STORAGE=1 -DHAVE_GETPWUID_R_5=1 -DHAVE_GETPWUID_R=1 -DHAVE_GETPWNAM_R_5=1 -DHAVE_GETPWNAM_R=1 -DHAVE_GETGRGID_R_5=1 -DHAVE_GETGRGID_R=1 -DHAVE_GETGRNAM_R_5=1 -DHAVE_GETGRNAM_R=1 -DHAVE_GETHOSTBYNAME_R_6=1 -DHAVE_GETHOSTBYNAME_R=1 -DHAVE_GETHOSTBYADDR_R_8=1 -DHAVE_GETHOSTBYADDR_R=1 -DHAVE_TERMIOS_H=1 -DHAVE_SYS_IOCTL_H=1 -DHAVE_SYS_TIME_H=1 -DTIME_WITH_SYS_TIME=1 -DHAVE_GMTIME_R=1 -DHAVE_LOCALTIME_R=1 -DHAVE_MKTIME=1 -DHAVE_TM_GMTOFF=1 -DHAVE_TIMEZONE_VAR=1 -DHAVE_STRUCT_STAT_ST_BLOCKS=1 -DHAVE_STRUCT_STAT_ST_BLKSIZE=1 -DHAVE_BLKCNT_T=1 -DHAVE_INTPTR_T=1 -DHAVE_UINTPTR_T=1 -DHAVE_SIGNED_CHAR=1 -DHAVE_LANGINFO=1 -DHAVE_MKSTEMPS=1 -DHAVE_FTS=1 -DHAVE_SYS_IOCTL_H=1 -DTCL_UNLOAD_DLLS=1 -DHAVE_CPUID=1 '
TCL_EXTRA_CFLAGS=' -pipe -fvisibility=hidden '
TCL_INCLUDES='-I"/home/jan/workspace/tcl8.6/generic"'
TCL_LD_FLAGS=' -Wl,--export-dynamic '
TCL_LIBS='${DL_LIBS} ${LIBS} ${MATH_LIBS}'
TCL_LIB_FILE='libtcl8.6.so'
TCL_LIB_FLAG='-ltcl8.6'
TCL_LIB_SPEC='-L/home/jan/workspace/tcl8.6/unix -ltcl8.6'
TCL_PATCH_LEVEL='.0'
TCL_SHLIB_LD_LIBS='${LIBS}'
TCL_SRC_DIR='/home/jan/workspace/tcl8.6'
TCL_STUB_LIB_FILE='libtclstub8.6.a'
TCL_STUB_LIB_FLAG='-ltclstub8.6'
TCL_STUB_LIB_SPEC='-L/home/jan/workspace/tcl8.6/unix -ltclstub8.6'
TCL_THREADS='1'
TCL_VERSION='8.6'
TK_BIN_DIR='/home/jan/workspace/tk8.6/unix'
TK_INCLUDES='-I"/home/jan/workspace/tk8.6/generic"'
TK_LIBS='-lX11 -lXss -lXext   -lpthread -ldl -lz  -lpthread -lieee -lm'
TK_LIB_FILE='libtk8.6.so'
TK_LIB_FLAG='-ltk8.6'
TK_LIB_SPEC='-L/home/jan/workspace/tk8.6/unix -ltk8.6'
TK_SRC_DIR='/home/jan/workspace/tk8.6'
TK_STUB_LIB_FILE='libtkstub8.6.a'
TK_STUB_LIB_FLAG='-ltkstub8.6'
TK_STUB_LIB_SPEC='-L/home/jan/workspace/tk8.6/unix -ltkstub8.6'
TK_VERSION='8.6'
TK_XINCLUDES=''
VC_MANIFEST_EMBED_DLL=''
VC_MANIFEST_EMBED_EXE=''
ac_ct_AR='ar'
ac_ct_CC='gcc'
ac_ct_RANLIB='ranlib'
ac_ct_RC=''
bindir='${exec_prefix}/bin'
build_alias=''
datadir='${prefix}/share'
exec_prefix='/usr'
host_alias=''
includedir='${prefix}/include'
infodir='${prefix}/info'
libdir='${exec_prefix}/lib'
libexecdir='${exec_prefix}/libexec'
localstatedir='${prefix}/var'
mandir='${prefix}/man'
oldincludedir='/usr/include'
prefix='/usr'
program_transform_name='s,x,x,'
sbindir='${exec_prefix}/sbin'
sharedstatedir='${prefix}/com'
sysconfdir='${prefix}/etc'
target_alias=''
zlibtcl_BUILD_LIB_SPEC='-L/home/jan/workspace/img/zlib -lzlibtcl1.2.8'
zlibtcl_BUILD_STUB_LIB_PATH='/home/jan/workspace/img/zlib/libzlibtclstub1.2.8.a'
zlibtcl_BUILD_STUB_LIB_SPEC='-L/home/jan/workspace/img/zlib -lzlibtclstub1.2.8'
zlibtcl_LIB_SPEC='-L/usr/lib/zlibtcl1.2.8 -lzlibtcl1.2.8'
zlibtcl_STUB_LIB_PATH='/usr/lib/zlibtcl1.2.8/libzlibtclstub1.2.8.a'
zlibtcl_STUB_LIB_SPEC='-L/usr/lib/zlibtcl1.2.8 -lzlibtclstub1.2.8'

## ----------- ##
## confdefs.h. ##
## ----------- ##

#define BUILD_zlibtcl
#define EXCEPTION_DISPOSITION int
#define HAVE_CAST_TO_UNION 1
#define HAVE_INTTYPES_H 1
#define HAVE_LIMITS_H 1
#define HAVE_MEMORY_H 1
#define HAVE_NO_SEH 1
#define HAVE_STDINT_H 1
#define HAVE_STDLIB_H 1
#define HAVE_STRINGS_H 1
#define HAVE_STRING_H 1
#define HAVE_SYS_PARAM_H 1
#define HAVE_SYS_STAT_H 1
#define HAVE_SYS_TYPES_H 1
#define HAVE_UNISTD_H 1
#define MODULE_SCOPE extern __attribute__((__visibility__("hidden")))
#define PACKAGE_BUGREPORT ""
#define PACKAGE_NAME "zlibtcl"
#define PACKAGE_STRING "zlibtcl 1.2.8"
#define PACKAGE_TARNAME "zlibtcl"
#define PACKAGE_VERSION "1.2.8"
#define STDC_HEADERS 1
#define TCL_THREADS 1
#define TCL_WIDE_INT_IS_LONG 1
#define USE_TCL_STUBS 1
#define USE_THREAD_ALLOC 1
#define _LARGEFILE64_SOURCE 1
#define _REENTRANT 1
#define _THREAD_SAFE 1

configure: exit 0

## ---------------------- ##
## Running config.status. ##
## ---------------------- ##

This file was extended by zlibtcl config.status 1.2.8, which was
generated by GNU Autoconf 2.59.  Invocation command line was

  CONFIG_FILES    = Makefile
  CONFIG_HEADERS  = 
  CONFIG_LINKS    = 
  CONFIG_COMMANDS = 
  $ ./config.status 

on acer

config.status:722: creating Makefile
